{"numTotalTestSuites":35,"numPassedTestSuites":32,"numFailedTestSuites":3,"numPendingTestSuites":0,"numTotalTests":82,"numPassedTests":81,"numFailedTests":1,"numPendingTests":0,"numTodoTests":0,"snapshot":{"added":0,"failure":false,"filesAdded":0,"filesRemoved":0,"filesRemovedList":[],"filesUnmatched":0,"filesUpdated":0,"matched":0,"total":0,"unchecked":0,"uncheckedKeysByFile":[],"unmatched":0,"updated":0,"didUpdate":false},"startTime":1768247358646,"success":false,"testResults":[{"assertionResults":[{"ancestorTitles":["App","rendering"],"fullName":"App rendering renders the app header","status":"passed","title":"renders the app header","duration":88.75659999999971,"failureMessages":[],"meta":{}},{"ancestorTitles":["App","rendering"],"fullName":"App rendering renders the subtitle","status":"passed","title":"renders the subtitle","duration":12.980499999999665,"failureMessages":[],"meta":{}},{"ancestorTitles":["App","rendering"],"fullName":"App rendering renders current time","status":"passed","title":"renders current time","duration":11.159799999999905,"failureMessages":[],"meta":{}},{"ancestorTitles":["App","rendering"],"fullName":"App rendering renders Active & Monitoring badge","status":"passed","title":"renders Active & Monitoring badge","duration":9.383100000000013,"failureMessages":[],"meta":{}},{"ancestorTitles":["App","rendering"],"fullName":"App rendering renders Keep tab open warning","status":"passed","title":"renders Keep tab open warning","duration":11.81750000000011,"failureMessages":[],"meta":{}},{"ancestorTitles":["App","rendering"],"fullName":"App rendering renders Your Alarms section","status":"passed","title":"renders Your Alarms section","duration":12.273499999999785,"failureMessages":[],"meta":{}},{"ancestorTitles":["App","rendering"],"fullName":"App rendering renders empty state when no alarms","status":"passed","title":"renders empty state when no alarms","duration":13.607300000000123,"failureMessages":[],"meta":{}},{"ancestorTitles":["App","rendering"],"fullName":"App rendering renders add alarm FAB button","status":"passed","title":"renders add alarm FAB button","duration":61.91159999999991,"failureMessages":[],"meta":{}},{"ancestorTitles":["App","rendering"],"fullName":"App rendering renders theme toggle button","status":"passed","title":"renders theme toggle button","duration":19.597999999999956,"failureMessages":[],"meta":{}},{"ancestorTitles":["App","theme toggle"],"fullName":"App theme toggle persists theme to localStorage when toggled","status":"passed","title":"persists theme to localStorage when toggled","duration":76.24069999999983,"failureMessages":[],"meta":{}},{"ancestorTitles":["App","add alarm flow"],"fullName":"App add alarm flow opens modal when FAB is clicked","status":"passed","title":"opens modal when FAB is clicked","duration":79.29660000000013,"failureMessages":[],"meta":{}},{"ancestorTitles":["App","add alarm flow"],"fullName":"App add alarm flow adds alarm when Set Alarm is clicked","status":"passed","title":"adds alarm when Set Alarm is clicked","duration":105.28279999999995,"failureMessages":[],"meta":{}},{"ancestorTitles":["App","add alarm flow"],"fullName":"App add alarm flow shows active count after adding alarm","status":"passed","title":"shows active count after adding alarm","duration":59.94849999999997,"failureMessages":[],"meta":{}},{"ancestorTitles":["App","alarm management"],"fullName":"App alarm management toggles alarm enabled state","status":"passed","title":"toggles alarm enabled state","duration":248.48579999999993,"failureMessages":[],"meta":{}},{"ancestorTitles":["App","alarm management"],"fullName":"App alarm management deletes alarm when delete button is clicked","status":"passed","title":"deletes alarm when delete button is clicked","duration":152.6889000000001,"failureMessages":[],"meta":{}},{"ancestorTitles":["App","wake lock"],"fullName":"App wake lock handles wake lock request errors","status":"passed","title":"handles wake lock request errors","duration":75.95179999999982,"failureMessages":[],"meta":{}},{"ancestorTitles":["App","wake lock"],"fullName":"App wake lock ignores AbortError","status":"passed","title":"ignores AbortError","duration":15.252500000000055,"failureMessages":[],"meta":{}},{"ancestorTitles":["App","wake lock"],"fullName":"App wake lock ignores policy errors","status":"passed","title":"ignores policy errors","duration":15.471200000000408,"failureMessages":[],"meta":{}},{"ancestorTitles":["App","wake lock"],"fullName":"App wake lock rerequest wake lock on visibility change","status":"passed","title":"rerequest wake lock on visibility change","duration":10.188400000000001,"failureMessages":[],"meta":{}},{"ancestorTitles":["App","alarm triggering"],"fullName":"App alarm triggering triggers alarm when time matches","status":"passed","title":"triggers alarm when time matches","duration":93.27230000000009,"failureMessages":[],"meta":{}},{"ancestorTitles":["App","localStorage persistence"],"fullName":"App localStorage persistence saves alarms to localStorage","status":"passed","title":"saves alarms to localStorage","duration":113.31919999999991,"failureMessages":[],"meta":{}},{"ancestorTitles":["App","localStorage persistence"],"fullName":"App localStorage persistence persists theme to localStorage","status":"passed","title":"persists theme to localStorage","duration":59.30749999999989,"failureMessages":[],"meta":{}}],"startTime":1768247361138,"endTime":1768247362485.3076,"status":"passed","message":"","name":"C:/Users/siddh/OneDrive/Desktop/Projects/waketube/src/App.test.tsx"},{"assertionResults":[{"ancestorTitles":["types","DayOfWeek enum"],"fullName":"types DayOfWeek enum should have correct values for all days","status":"passed","title":"should have correct values for all days","duration":1.8695999999999913,"failureMessages":[],"meta":{}},{"ancestorTitles":["types","DayOfWeek enum"],"fullName":"types DayOfWeek enum should have 7 days","status":"passed","title":"should have 7 days","duration":0.2644000000000233,"failureMessages":[],"meta":{}},{"ancestorTitles":["types","DAYS_LABELS"],"fullName":"types DAYS_LABELS should have 7 short labels","status":"passed","title":"should have 7 short labels","duration":1.1422000000000025,"failureMessages":[],"meta":{}},{"ancestorTitles":["types","DAYS_LABELS"],"fullName":"types DAYS_LABELS should have correct short labels","status":"passed","title":"should have correct short labels","duration":1.0509999999999309,"failureMessages":[],"meta":{}},{"ancestorTitles":["types","FULL_DAYS_LABELS"],"fullName":"types FULL_DAYS_LABELS should have 7 full labels","status":"passed","title":"should have 7 full labels","duration":0.5815999999999804,"failureMessages":[],"meta":{}},{"ancestorTitles":["types","FULL_DAYS_LABELS"],"fullName":"types FULL_DAYS_LABELS should have correct full day names","status":"passed","title":"should have correct full day names","duration":0.36419999999998254,"failureMessages":[],"meta":{}},{"ancestorTitles":["types","FULL_DAYS_LABELS"],"fullName":"types FULL_DAYS_LABELS should match DayOfWeek enum indices","status":"passed","title":"should match DayOfWeek enum indices","duration":0.43219999999996617,"failureMessages":[],"meta":{}}],"startTime":1768247360824,"endTime":1768247360830.4321,"status":"passed","message":"","name":"C:/Users/siddh/OneDrive/Desktop/Projects/waketube/src/types.test.ts"},{"assertionResults":[{"ancestorTitles":["AddAlarmModal","rendering"],"fullName":"AddAlarmModal rendering renders the modal with header","status":"passed","title":"renders the modal with header","duration":59.63120000000026,"failureMessages":[],"meta":{}},{"ancestorTitles":["AddAlarmModal","rendering"],"fullName":"AddAlarmModal rendering renders time input","status":"passed","title":"renders time input","duration":12.701199999999972,"failureMessages":[],"meta":{}},{"ancestorTitles":["AddAlarmModal","rendering"],"fullName":"AddAlarmModal rendering renders all 7 day buttons","status":"passed","title":"renders all 7 day buttons","duration":86.39840000000004,"failureMessages":[],"meta":{}},{"ancestorTitles":["AddAlarmModal","rendering"],"fullName":"AddAlarmModal rendering renders YouTube URL input","status":"passed","title":"renders YouTube URL input","duration":9.003999999999905,"failureMessages":[],"meta":{}},{"ancestorTitles":["AddAlarmModal","rendering"],"fullName":"AddAlarmModal rendering renders Set Alarm button","status":"passed","title":"renders Set Alarm button","duration":8.673499999999876,"failureMessages":[],"meta":{}},{"ancestorTitles":["AddAlarmModal","save functionality"],"fullName":"AddAlarmModal save functionality calls onSave with alarm data when Set Alarm is clicked","status":"passed","title":"calls onSave with alarm data when Set Alarm is clicked","duration":71.3398000000002,"failureMessages":[],"meta":{}},{"ancestorTitles":["AddAlarmModal","save functionality"],"fullName":"AddAlarmModal save functionality calls onClose after saving","status":"passed","title":"calls onClose after saving","duration":59.339100000000144,"failureMessages":[],"meta":{}},{"ancestorTitles":["AddAlarmModal","close functionality"],"fullName":"AddAlarmModal close functionality has a close button","status":"passed","title":"has a close button","duration":17.41300000000001,"failureMessages":[],"meta":{}},{"ancestorTitles":["AddAlarmModal","day selection"],"fullName":"AddAlarmModal day selection toggles day selection (add and remove)","status":"passed","title":"toggles day selection (add and remove)","duration":33.367699999999786,"failureMessages":[],"meta":{}},{"ancestorTitles":["AddAlarmModal","day selection"],"fullName":"AddAlarmModal day selection removes a selected day","status":"passed","title":"removes a selected day","duration":48.60920000000033,"failureMessages":[],"meta":{}},{"ancestorTitles":["getTimeBasedSuggestion helper"],"fullName":"getTimeBasedSuggestion helper returns correct label for different hours","status":"passed","title":"returns correct label for different hours","duration":70.64979999999969,"failureMessages":[],"meta":{}}],"startTime":1768247361130,"endTime":1768247361607.65,"status":"passed","message":"","name":"C:/Users/siddh/OneDrive/Desktop/Projects/waketube/src/components/AddAlarmModal.test.tsx"},{"assertionResults":[{"ancestorTitles":["AlarmCard","rendering"],"fullName":"AlarmCard rendering renders the formatted time correctly","status":"passed","title":"renders the formatted time correctly","duration":61.48339999999962,"failureMessages":[],"meta":{}},{"ancestorTitles":["AlarmCard","rendering"],"fullName":"AlarmCard rendering renders PM for afternoon times","status":"passed","title":"renders PM for afternoon times","duration":9.146400000000085,"failureMessages":[],"meta":{}},{"ancestorTitles":["AlarmCard","rendering"],"fullName":"AlarmCard rendering renders 12:00 correctly for noon","status":"passed","title":"renders 12:00 correctly for noon","duration":8.466600000000199,"failureMessages":[],"meta":{}},{"ancestorTitles":["AlarmCard","rendering"],"fullName":"AlarmCard rendering renders 12:00 AM for midnight","status":"passed","title":"renders 12:00 AM for midnight","duration":7.7905000000000655,"failureMessages":[],"meta":{}},{"ancestorTitles":["AlarmCard","rendering"],"fullName":"AlarmCard rendering renders the label","status":"passed","title":"renders the label","duration":7.297500000000127,"failureMessages":[],"meta":{}},{"ancestorTitles":["AlarmCard","rendering"],"fullName":"AlarmCard rendering renders default label when label is empty","status":"passed","title":"renders default label when label is empty","duration":8.740899999999783,"failureMessages":[],"meta":{}},{"ancestorTitles":["AlarmCard","rendering"],"fullName":"AlarmCard rendering renders day indicators","status":"passed","title":"renders day indicators","duration":6.201799999999821,"failureMessages":[],"meta":{}},{"ancestorTitles":["AlarmCard","rendering"],"fullName":"AlarmCard rendering renders preview link when videoUrl exists","status":"passed","title":"renders preview link when videoUrl exists","duration":55.53150000000005,"failureMessages":[],"meta":{}},{"ancestorTitles":["AlarmCard","rendering"],"fullName":"AlarmCard rendering does not render preview link when videoUrl is empty","status":"passed","title":"does not render preview link when videoUrl is empty","duration":11.884199999999964,"failureMessages":[],"meta":{}},{"ancestorTitles":["AlarmCard","toggle functionality"],"fullName":"AlarmCard toggle functionality renders checkbox as checked when enabled","status":"passed","title":"renders checkbox as checked when enabled","duration":20.51680000000033,"failureMessages":[],"meta":{}},{"ancestorTitles":["AlarmCard","toggle functionality"],"fullName":"AlarmCard toggle functionality renders checkbox as unchecked when disabled","status":"passed","title":"renders checkbox as unchecked when disabled","duration":9.313599999999951,"failureMessages":[],"meta":{}},{"ancestorTitles":["AlarmCard","toggle functionality"],"fullName":"AlarmCard toggle functionality calls onToggle with alarm id when toggle is clicked","status":"passed","title":"calls onToggle with alarm id when toggle is clicked","duration":61.56809999999996,"failureMessages":[],"meta":{}},{"ancestorTitles":["AlarmCard","delete functionality"],"fullName":"AlarmCard delete functionality calls onDelete with alarm id when delete button is clicked","status":"failed","title":"calls onDelete with alarm id when delete button is clicked","duration":28.815399999999954,"failureMessages":["TestingLibraryElementError: Found multiple elements with the role \"button\"\n\nHere are the matching elements:\n\nIgnored nodes: comments, script, style\n\u001b[36m<button\u001b[39m\n  \u001b[33mclass\u001b[39m=\u001b[32m\"text-gray-400 hover:text-primary hover:bg-primary/10 transition-all p-2 rounded-lg\"\u001b[39m\n  \u001b[33mdata-testid\u001b[39m=\u001b[32m\"edit-alarm\"\u001b[39m\n\u001b[36m>\u001b[39m\n  \u001b[36m<svg\u001b[39m\n    \u001b[33maria-hidden\u001b[39m=\u001b[32m\"true\"\u001b[39m\n    \u001b[33mclass\u001b[39m=\u001b[32m\"lucide lucide-pencil\"\u001b[39m\n    \u001b[33mfill\u001b[39m=\u001b[32m\"none\"\u001b[39m\n    \u001b[33mheight\u001b[39m=\u001b[32m\"16\"\u001b[39m\n    \u001b[33mstroke\u001b[39m=\u001b[32m\"currentColor\"\u001b[39m\n    \u001b[33mstroke-linecap\u001b[39m=\u001b[32m\"round\"\u001b[39m\n    \u001b[33mstroke-linejoin\u001b[39m=\u001b[32m\"round\"\u001b[39m\n    \u001b[33mstroke-width\u001b[39m=\u001b[32m\"2\"\u001b[39m\n    \u001b[33mviewBox\u001b[39m=\u001b[32m\"0 0 24 24\"\u001b[39m\n    \u001b[33mwidth\u001b[39m=\u001b[32m\"16\"\u001b[39m\n    \u001b[33mxmlns\u001b[39m=\u001b[32m\"http://www.w3.org/2000/svg\"\u001b[39m\n  \u001b[36m>\u001b[39m\n    \u001b[36m<path\u001b[39m\n      \u001b[33md\u001b[39m=\u001b[32m\"M21.174 6.812a1 1 0 0 0-3.986-3.987L3.842 16.174a2 2 0 0 0-.5.83l-1.321 4.352a.5.5 0 0 0 .623.622l4.353-1.32a2 2 0 0 0 .83-.497z\"\u001b[39m\n    \u001b[36m/>\u001b[39m\n    \u001b[36m<path\u001b[39m\n      \u001b[33md\u001b[39m=\u001b[32m\"m15 5 4 4\"\u001b[39m\n    \u001b[36m/>\u001b[39m\n  \u001b[36m</svg>\u001b[39m\n\u001b[36m</button>\u001b[39m\n\nIgnored nodes: comments, script, style\n\u001b[36m<button\u001b[39m\n  \u001b[33mclass\u001b[39m=\u001b[32m\"text-gray-400 hover:text-danger hover:bg-danger/10 transition-all p-2 rounded-lg\"\u001b[39m\n\u001b[36m>\u001b[39m\n  \u001b[36m<svg\u001b[39m\n    \u001b[33maria-hidden\u001b[39m=\u001b[32m\"true\"\u001b[39m\n    \u001b[33mclass\u001b[39m=\u001b[32m\"lucide lucide-trash2 lucide-trash-2\"\u001b[39m\n    \u001b[33mfill\u001b[39m=\u001b[32m\"none\"\u001b[39m\n    \u001b[33mheight\u001b[39m=\u001b[32m\"16\"\u001b[39m\n    \u001b[33mstroke\u001b[39m=\u001b[32m\"currentColor\"\u001b[39m\n    \u001b[33mstroke-linecap\u001b[39m=\u001b[32m\"round\"\u001b[39m\n    \u001b[33mstroke-linejoin\u001b[39m=\u001b[32m\"round\"\u001b[39m\n    \u001b[33mstroke-width\u001b[39m=\u001b[32m\"2\"\u001b[39m\n    \u001b[33mviewBox\u001b[39m=\u001b[32m\"0 0 24 24\"\u001b[39m\n    \u001b[33mwidth\u001b[39m=\u001b[32m\"16\"\u001b[39m\n    \u001b[33mxmlns\u001b[39m=\u001b[32m\"http://www.w3.org/2000/svg\"\u001b[39m\n  \u001b[36m>\u001b[39m\n    \u001b[36m<path\u001b[39m\n      \u001b[33md\u001b[39m=\u001b[32m\"M10 11v6\"\u001b[39m\n    \u001b[36m/>\u001b[39m\n    \u001b[36m<path\u001b[39m\n      \u001b[33md\u001b[39m=\u001b[32m\"M14 11v6\"\u001b[39m\n    \u001b[36m/>\u001b[39m\n    \u001b[36m<path\u001b[39m\n      \u001b[33md\u001b[39m=\u001b[32m\"M19 6v14a2 2 0 0 1-2 2H7a2 2 0 0 1-2-2V6\"\u001b[39m\n    \u001b[36m/>\u001b[39m\n    \u001b[36m<path\u001b[39m\n      \u001b[33md\u001b[39m=\u001b[32m\"M3 6h18\"\u001b[39m\n    \u001b[36m/>\u001b[39m\n    \u001b[36m<path\u001b[39m\n      \u001b[33md\u001b[39m=\u001b[32m\"M8 6V4a2 2 0 0 1 2-2h4a2 2 0 0 1 2 2v2\"\u001b[39m\n    \u001b[36m/>\u001b[39m\n  \u001b[36m</svg>\u001b[39m\n\u001b[36m</button>\u001b[39m\n\n(If this is intentional, then use the `*AllBy*` variant of the query (like `queryAllByText`, `getAllByText`, or `findAllByText`)).\n\nIgnored nodes: comments, script, style\n\u001b[36m<body>\u001b[39m\n  \u001b[36m<div>\u001b[39m\n    \u001b[36m<div\u001b[39m\n      \u001b[33mclass\u001b[39m=\u001b[32m\"glass relative overflow-hidden rounded-2xl p-5 transition-all duration-300 shadow-lg shadow-primary/10 border-primary/20\"\u001b[39m\n    \u001b[36m>\u001b[39m\n      \u001b[36m<div\u001b[39m\n        \u001b[33mclass\u001b[39m=\u001b[32m\"absolute top-0 left-0 w-1 h-full rounded-l-2xl transition-opacity bg-primary opacity-100\"\u001b[39m\n      \u001b[36m/>\u001b[39m\n      \u001b[36m<div\u001b[39m\n        \u001b[33mclass\u001b[39m=\u001b[32m\"flex justify-between items-start pl-3\"\u001b[39m\n      \u001b[36m>\u001b[39m\n        \u001b[36m<div\u001b[39m\n          \u001b[33mclass\u001b[39m=\u001b[32m\"flex-1 min-w-0\"\u001b[39m\n        \u001b[36m>\u001b[39m\n          \u001b[36m<div\u001b[39m\n            \u001b[33mclass\u001b[39m=\u001b[32m\"flex items-baseline gap-2\"\u001b[39m\n          \u001b[36m>\u001b[39m\n            \u001b[36m<span\u001b[39m\n              \u001b[33mclass\u001b[39m=\u001b[32m\"text-4xl font-mono font-bold tracking-tighter transition-colors text-body\"\u001b[39m\n            \u001b[36m>\u001b[39m\n              \u001b[0m7:30\u001b[0m\n            \u001b[36m</span>\u001b[39m\n            \u001b[36m<span\u001b[39m\n              \u001b[33mclass\u001b[39m=\u001b[32m\"text-lg font-medium text-primary\"\u001b[39m\n            \u001b[36m>\u001b[39m\n              \u001b[0mAM\u001b[0m\n            \u001b[36m</span>\u001b[39m\n          \u001b[36m</div>\u001b[39m\n          \u001b[36m<p\u001b[39m\n            \u001b[33mclass\u001b[39m=\u001b[32m\"text-gray-500 text-sm mt-1 truncate\"\u001b[39m\n          \u001b[36m>\u001b[39m\n            \u001b[0mMorning Workout\u001b[0m\n          \u001b[36m</p>\u001b[39m\n          \u001b[36m<a\u001b[39m\n            \u001b[33mclass\u001b[39m=\u001b[32m\"inline-flex items-center gap-1.5 text-xs text-primary mt-2 hover:text-primary-light transition-colors bg-primary/5 px-2.5 py-1 rounded-full\"\u001b[39m\n            \u001b[33mhref\u001b[39m=\u001b[32m\"https://www.youtube.com/watch?v=abc123\"\u001b[39m\n            \u001b[33mrel\u001b[39m=\u001b[32m\"noopener noreferrer\"\u001b[39m\n            \u001b[33mtarget\u001b[39m=\u001b[32m\"_blank\"\u001b[39m\n          \u001b[36m>\u001b[39m\n            \u001b[36m<svg\u001b[39m\n              \u001b[33maria-hidden\u001b[39m=\u001b[32m\"true\"\u001b[39m\n              \u001b[33mclass\u001b[39m=\u001b[32m\"lucide lucide-play fill-current\"\u001b[39m\n              \u001b[33mfill\u001b[39m=\u001b[32m\"none\"\u001b[39m\n              \u001b[33mheight\u001b[39m=\u001b[32m\"10\"\u001b[39m\n              \u001b[33mstroke\u001b[39m=\u001b[32m\"currentColor\"\u001b[39m\n              \u001b[33mstroke-linecap\u001b[39m=\u001b[32m\"round\"\u001b[39m\n              \u001b[33mstroke-linejoin\u001b[39m=\u001b[32m\"round\"\u001b[39m\n              \u001b[33mstroke-width\u001b[39m=\u001b[32m\"2\"\u001b[39m\n              \u001b[33mviewBox\u001b[39m=\u001b[32m\"0 0 24 24\"\u001b[39m\n              \u001b[33mwidth\u001b[39m=\u001b[32m\"10\"\u001b[39m\n              \u001b[33mxmlns\u001b[39m=\u001b[32m\"http://www.w3.org/2000/svg\"\u001b[39m\n            \u001b[36m>\u001b[39m\n              \u001b[36m<path\u001b[39m\n                \u001b[33md\u001b[39m=\u001b[32m\"M5 5a2 2 0 0 1 3.008-1.728l11.997 6.998a2 2 0 0 1 .003 3.458l-12 7A2 2 0 0 1 5 19z\"\u001b[39m\n              \u001b[36m/>\u001b[39m\n            \u001b[36m</svg>\u001b[39m\n            \u001b[36m<span>\u001b[39m\n              \u001b[0mPreview\u001b[0m\n            \u001b[36m</span>\u001b[39m\n          \u001b[36m</a>\u001b[39m\n        \u001b[36m</div>\u001b[39m\n        \u001b[36m<div\u001b[39m\n          \u001b[33mclass\u001b[39m=\u001b[32m\"flex flex-col items-end gap-3\"\u001b[39m\n        \u001b[36m>\u001b[39m\n          \u001b[36m<label\u001b[39m\n            \u001b[33mclass\u001b[39m=\u001b[32m\"relative inline-flex items-center cursor-pointer\"\u001b[39m\n          \u001b[36m>\u001b[39m\n            \u001b[36m<input\u001b[39m\n              \u001b[33mchecked\u001b[39m=\u001b[32m\"\"\u001b[39m\n              \u001b[33mclass\u001b[39m=\u001b[32m\"sr-only peer\"\u001b[39m\n              \u001b[33mtype\u001b[39m=\u001b[32m\"checkbox\"\u001b[39m\n            \u001b[36m/>\u001b[39m\n            \u001b[36m<div\u001b[39m\n              \u001b[33mclass\u001b[39m=\u001b[32m\"w-12 h-7 rounded-full peer transition-all duration-300 after:content-[''] after:absolute after:top-[3px] after:left-[3px] after:bg-white after:rounded-full after:h-[22px] after:w-[22px] after:transition-all after:shadow-md peer-checked:after:translate-x-5 bg-primary shadow-md shadow-primary/20\"\u001b[39m\n            \u001b[36m/>\u001b[39m\n          \u001b[36m</label>\u001b[39m\n          \u001b[36m<div\u001b[39m\n            \u001b[33mclass\u001b[39m=\u001b[32m\"flex gap-1\"\u001b[39m\n          \u001b[36m>\u001b[39m\n            \u001b[36m<button\u001b[39m\n              \u001b[33mclass\u001b[39m=\u001b[32m\"text-gray-400 hover:text-primary hover:bg-primary/10 transition-all p-2 rounded-lg\"\u001b[39m\n              \u001b[33mdata-testid\u001b[39m=\u001b[32m\"edit-alarm\"\u001b[39m\n            \u001b[36m>\u001b[39m\n              \u001b[36m<svg\u001b[39m\n                \u001b[33maria-hidden\u001b[39m=\u001b[32m\"true\"\u001b[39m\n                \u001b[33mclass\u001b[39m=\u001b[32m\"lucide lucide-pencil\"\u001b[39m\n                \u001b[33mfill\u001b[39m=\u001b[32m\"none\"\u001b[39m\n                \u001b[33mheight\u001b[39m=\u001b[32m\"16\"\u001b[39m\n                \u001b[33mstroke\u001b[39m=\u001b[32m\"currentColor\"\u001b[39m\n                \u001b[33mstroke-linecap\u001b[39m=\u001b[32m\"round\"\u001b[39m\n                \u001b[33mstroke-linejoin\u001b[39m=\u001b[32m\"round\"\u001b[39m\n                \u001b[33mstroke-width\u001b[39m=\u001b[32m\"2\"\u001b[39m\n                \u001b[33mviewBox\u001b[39m=\u001b[32m\"0 0 24 24\"\u001b[39m\n                \u001b[33mwidth\u001b[39m=\u001b[32m\"16\"\u001b[39m\n                \u001b[33mxmlns\u001b[39m=\u001b[32m\"http://www.w3.org/2000/svg\"\u001b[39m\n              \u001b[36m>\u001b[39m\n                \u001b[36m<path\u001b[39m\n                  \u001b[33md\u001b[39m=\u001b[32m\"M21.174 6.812a1 1 0 0 0-3.986-3.987L3.842 16.174a2 2 0 0 0-.5.83l-1.321 4.352a.5.5 0 0 0 .623.622l4.353-1.32a2 2 0 0 0 .83-.497z\"\u001b[39m\n                \u001b[36m/>\u001b[39m\n                \u001b[36m<path\u001b[39m\n                  \u001b[33md\u001b[39m=\u001b[32m\"m15 5 4 4\"\u001b[39m\n                \u001b[36m/>\u001b[39m\n              \u001b[36m</svg>\u001b[39m\n            \u001b[36m</button>\u001b[39m\n            \u001b[36m<button\u001b[39m\n              \u001b[33mclass\u001b[39m=\u001b[32m\"text-gray-400 hover:text-danger hover:bg-danger/10 transition-all p-2 rounded-lg\"\u001b[39m\n            \u001b[36m>\u001b[39m\n              \u001b[36m<svg\u001b[39m\n                \u001b[33maria-hidden\u001b[39m=\u001b[32m\"true\"\u001b[39m\n                \u001b[33mclass\u001b[39m=\u001b[32m\"lucide lucide-trash2 lucide-trash-2\"\u001b[39m\n                \u001b[33mfill\u001b[39m=\u001b[32m\"none\"\u001b[39m\n                \u001b[33mheight\u001b[39m=\u001b[32m\"16\"\u001b[39m\n                \u001b[33mstroke\u001b[39m=\u001b[32m\"currentColor\"\u001b[39m\n                \u001b[33mstroke-linecap\u001b[39m=\u001b[32m\"round\"\u001b[39m\n                \u001b[33mstroke-linejoin\u001b[39m=\u001b[32m\"round\"\u001b[39m\n                \u001b[33mstroke-width\u001b[39m=\u001b[32m\"2\"\u001b[39m\n                \u001b[33mviewBox\u001b[39m=\u001b[32m\"0 0 24 24\"\u001b[39m\n                \u001b[33mwidth\u001b[39m=\u001b[32m\"16\"\u001b[39m\n                \u001b[33mxmlns\u001b[39m=\u001b[32m\"http://www.w3.org/2000/svg\"\u001b[39m\n              \u001b[36m>\u001b[39m\n                \u001b[36m<path\u001b[39m\n                  \u001b[33md\u001b[39m=\u001b[32m\"M10 11v6\"\u001b[39m\n                \u001b[36m/>\u001b[39m\n                \u001b[36m<path\u001b[39m\n                  \u001b[33md\u001b[39m=\u001b[32m\"M14 11v6\"\u001b[39m\n                \u001b[36m/>\u001b[39m\n                \u001b[36m<path\u001b[39m\n                  \u001b[33md\u001b[39m=\u001b[32m\"M19 6v14a2 2 0 0 1-2 2H7a2 2 0 0 1-2-2V6\"\u001b[39m\n                \u001b[36m/>\u001b[39m\n                \u001b[36m<path\u001b[39m\n                  \u001b[33md\u001b[39m=\u001b[32m\"M3 6h18\"\u001b[39m\n                \u001b[36m/>\u001b[39m\n                \u001b[36m<path\u001b[39m\n                  \u001b[33md\u001b[39m=\u001b[32m\"M8 6V4a2 2 0 0 1 2-2h4a2 2 0 0 1 2 2v2\"\u001b[39m\n                \u001b[36m/>\u001b[39m\n              \u001b[36m</svg>\u001b[39m\n            \u001b[36m</button>\u001b[39m\n          \u001b[36m</div>\u001b[39m\n        \u001b[36m</div>\u001b[39m\n      \u001b[36m</div>\u001b[39m\n      \u001b[36m<div\u001b[39m\n        \u001b[33mclass\u001b[39m=\u001b[32m\"flex gap-1.5 mt-4 pl-3\"\u001b[39m\n      \u001b[36m>\u001b[39m\n        \u001b[36m<div\u001b[39m\n          \u001b[33mclass\u001b[39m=\u001b[32m\"flex-1 h-8 flex items-center justify-center rounded-lg text-xs font-medium transition-all bg-gray-100 dark:bg-gray-800/50 text-gray-500\"\u001b[39m\n        \u001b[36m>\u001b[39m\n          \u001b[0mS\u001b[0m\n        \u001b[36m</div>\u001b[39m\n        \u001b[36m<div\u001b[39m\n          \u001b[33mclass\u001b[39m=\u001b[32m\"flex-1 h-8 flex items-center justify-center rounded-lg text-xs font-medium transition-all bg-primary text-white\"\u001b[39m\n        \u001b[36m>\u001b[39m\n          \u001b[0mM\u001b[0m\n        \u001b[36m</div>\u001b[39m\n        \u001b[36m<div\u001b[39m\n          \u001b[33mclass\u001b[39m=\u001b[32m\"flex-1 h-8 flex items-center justify-center rounded-lg text-xs font-medium transition-all bg-gray-100 dark:bg-gray-800/50 text-gray-500\"\u001b[39m\n        \u001b[36m>\u001b[39m\n          \u001b[0mT\u001b[0m\n        \u001b[36m</div>\u001b[39m\n        \u001b[36m<div\u001b[39m\n          \u001b[33mclass\u001b[39m=\u001b[32m\"flex-1 h-8 flex items-center justify-center rounded-lg text-xs font-medium transition-all bg-primary text-white\"\u001b[39m\n        \u001b[36m>\u001b[39m\n          \u001b[0mW\u001b[0m\n        \u001b[36m</div>\u001b[39m\n        \u001b[36m<div\u001b[39m\n          \u001b[33mclass\u001b[39m=\u001b[32m\"flex-1 h-8 flex items-center justify-center rounded-lg text-xs font-medium transition-all bg-gray-100 dark:bg-gray-800/50 text-gray-500\"\u001b[39m\n        \u001b[36m>\u001b[39m\n          \u001b[0mT\u001b[0m\n        \u001b[36m</div>\u001b[39m\n        \u001b[36m<div\u001b[39m\n          \u001b[33mclass\u001b[39m=\u001b[32m\"flex-1 h-8 flex items-center justify-center rounded-lg text-xs font-medium transition-all bg-primary text-white\"\u001b[39m\n        \u001b[36m>\u001b[39m\n          \u001b[0mF\u001b[0m\n        \u001b[36m</div>\u001b[39m\n        \u001b[36m<div\u001b[39m\n          \u001b[33mclass\u001b[39m=\u001b[32m\"flex-1 h-8 flex items-center justify-center rounded-lg text-xs font-medium transition-all bg-gray-100 dark:bg-gray-800/50 text-gray-500\"\u001b[39m\n        \u001b[36m>\u001b[39m\n          \u001b[0mS\u001b[0m\n        \u001b[36m</div>\u001b[39m\n      \u001b[36m</div>\u001b[39m\n    \u001b[36m</div>\u001b[39m\n  \u001b[36m</div>\u001b[39m\n\u001b[36m</body>\u001b[39m\n    at Object.getElementError (C:\\Users\\siddh\\OneDrive\\Desktop\\Projects\\waketube\\node_modules\\@testing-library\\dom\\dist\\config.js:37:19)\n    at getElementError (C:\\Users\\siddh\\OneDrive\\Desktop\\Projects\\waketube\\node_modules\\@testing-library\\dom\\dist\\query-helpers.js:20:35)\n    at getMultipleElementsFoundError (C:\\Users\\siddh\\OneDrive\\Desktop\\Projects\\waketube\\node_modules\\@testing-library\\dom\\dist\\query-helpers.js:23:10)\n    at C:\\Users\\siddh\\OneDrive\\Desktop\\Projects\\waketube\\node_modules\\@testing-library\\dom\\dist\\query-helpers.js:55:13\n    at C:\\Users\\siddh\\OneDrive\\Desktop\\Projects\\waketube\\node_modules\\@testing-library\\dom\\dist\\query-helpers.js:95:19\n    at C:\\Users\\siddh\\OneDrive\\Desktop\\Projects\\waketube\\src\\components\\AlarmCard.test.tsx:115:41\n    at file:///C:/Users/siddh/OneDrive/Desktop/Projects/waketube/node_modules/@vitest/runner/dist/chunk-hooks.js:155:11\n    at file:///C:/Users/siddh/OneDrive/Desktop/Projects/waketube/node_modules/@vitest/runner/dist/chunk-hooks.js:752:26\n    at file:///C:/Users/siddh/OneDrive/Desktop/Projects/waketube/node_modules/@vitest/runner/dist/chunk-hooks.js:1897:20\n    at new Promise (<anonymous>)"],"meta":{}},{"ancestorTitles":["AlarmCard","styling"],"fullName":"AlarmCard styling applies reduced opacity when alarm is disabled","status":"passed","title":"applies reduced opacity when alarm is disabled","duration":7.3551000000002205,"failureMessages":[],"meta":{}},{"ancestorTitles":["AlarmCard","styling"],"fullName":"AlarmCard styling applies shadow when alarm is enabled","status":"passed","title":"applies shadow when alarm is enabled","duration":8.797999999999774,"failureMessages":[],"meta":{}}],"startTime":1768247361109,"endTime":1768247361422.798,"status":"failed","message":"","name":"C:/Users/siddh/OneDrive/Desktop/Projects/waketube/src/components/AlarmCard.test.tsx"},{"assertionResults":[{"ancestorTitles":["AlarmTrigger","rendering"],"fullName":"AlarmTrigger rendering renders WAKE UP! heading","status":"passed","title":"renders WAKE UP! heading","duration":63.23140000000012,"failureMessages":[],"meta":{}},{"ancestorTitles":["AlarmTrigger","rendering"],"fullName":"AlarmTrigger rendering renders alarm label","status":"passed","title":"renders alarm label","duration":9.106199999999717,"failureMessages":[],"meta":{}},{"ancestorTitles":["AlarmTrigger","rendering"],"fullName":"AlarmTrigger rendering renders volume slider","status":"passed","title":"renders volume slider","duration":54.55119999999988,"failureMessages":[],"meta":{}},{"ancestorTitles":["AlarmTrigger","rendering"],"fullName":"AlarmTrigger rendering renders NO SNOOZE warning","status":"passed","title":"renders NO SNOOZE warning","duration":6.896500000000287,"failureMessages":[],"meta":{}},{"ancestorTitles":["AlarmTrigger","rendering"],"fullName":"AlarmTrigger rendering shows 100% volume initially","status":"passed","title":"shows 100% volume initially","duration":8.54489999999987,"failureMessages":[],"meta":{}},{"ancestorTitles":["AlarmTrigger","dismiss button"],"fullName":"AlarmTrigger dismiss button shows locked state initially","status":"passed","title":"shows locked state initially","duration":7.3914999999997235,"failureMessages":[],"meta":{}},{"ancestorTitles":["AlarmTrigger","dismiss button"],"fullName":"AlarmTrigger dismiss button shows dismiss button after delay","status":"passed","title":"shows dismiss button after delay","duration":21.06140000000005,"failureMessages":[],"meta":{}},{"ancestorTitles":["AlarmTrigger","dismiss button"],"fullName":"AlarmTrigger dismiss button calls onDismiss when dismiss button is clicked","status":"passed","title":"calls onDismiss when dismiss button is clicked","duration":146.36929999999984,"failureMessages":[],"meta":{}},{"ancestorTitles":["AlarmTrigger","YouTube player initialization"],"fullName":"AlarmTrigger YouTube player initialization creates YouTube player when API is already loaded","status":"passed","title":"creates YouTube player when API is already loaded","duration":9.414400000000114,"failureMessages":[],"meta":{}},{"ancestorTitles":["AlarmTrigger","YouTube player initialization"],"fullName":"AlarmTrigger YouTube player initialization loads API script if not present","status":"passed","title":"loads API script if not present","duration":9.428699999999935,"failureMessages":[],"meta":{}},{"ancestorTitles":["AlarmTrigger","YouTube player initialization"],"fullName":"AlarmTrigger YouTube player initialization injects API script before existing script","status":"passed","title":"injects API script before existing script","duration":6.544700000000375,"failureMessages":[],"meta":{}},{"ancestorTitles":["AlarmTrigger","YouTube player initialization"],"fullName":"AlarmTrigger YouTube player initialization handles YouTube player errors","status":"passed","title":"handles YouTube player errors","duration":6.501000000000204,"failureMessages":[],"meta":{}},{"ancestorTitles":["AlarmTrigger","YouTube player initialization"],"fullName":"AlarmTrigger YouTube player initialization extracts correct video ID from standard URL","status":"passed","title":"extracts correct video ID from standard URL","duration":6.040799999999763,"failureMessages":[],"meta":{}},{"ancestorTitles":["AlarmTrigger","YouTube player initialization"],"fullName":"AlarmTrigger YouTube player initialization extracts video ID from youtu.be URL","status":"passed","title":"extracts video ID from youtu.be URL","duration":4.80849999999964,"failureMessages":[],"meta":{}},{"ancestorTitles":["AlarmTrigger","YouTube player initialization"],"fullName":"AlarmTrigger YouTube player initialization uses default video ID for invalid URL","status":"passed","title":"uses default video ID for invalid URL","duration":5.601599999999962,"failureMessages":[],"meta":{}},{"ancestorTitles":["AlarmTrigger","YouTube player initialization"],"fullName":"AlarmTrigger YouTube player initialization uses default video ID for empty URL","status":"passed","title":"uses default video ID for empty URL","duration":5.373500000000149,"failureMessages":[],"meta":{}},{"ancestorTitles":["AlarmTrigger","YouTube player initialization"],"fullName":"AlarmTrigger YouTube player initialization configures player with autoplay","status":"passed","title":"configures player with autoplay","duration":5.0448999999998705,"failureMessages":[],"meta":{}},{"ancestorTitles":["getYouTubeVideoId extraction"],"fullName":"getYouTubeVideoId extraction extracts \"dQw4w9WgXcQ\" from \"https://www.youtube.com/watch?v=dQw4w9WgXcQ\"","status":"passed","title":"extracts \"dQw4w9WgXcQ\" from \"https://www.youtube.com/watch?v=dQw4w9WgXcQ\"","duration":4.614000000000033,"failureMessages":[],"meta":{}},{"ancestorTitles":["getYouTubeVideoId extraction"],"fullName":"getYouTubeVideoId extraction extracts \"dQw4w9WgXcQ\" from \"https://youtu.be/dQw4w9WgXcQ\"","status":"passed","title":"extracts \"dQw4w9WgXcQ\" from \"https://youtu.be/dQw4w9WgXcQ\"","duration":4.428599999999733,"failureMessages":[],"meta":{}},{"ancestorTitles":["getYouTubeVideoId extraction"],"fullName":"getYouTubeVideoId extraction extracts \"dQw4w9WgXcQ\" from \"https://www.youtube.com/embed/dQw4w9WgXcQ\"","status":"passed","title":"extracts \"dQw4w9WgXcQ\" from \"https://www.youtube.com/embed/dQw4w9WgXcQ\"","duration":4.296299999999974,"failureMessages":[],"meta":{}},{"ancestorTitles":["getYouTubeVideoId extraction"],"fullName":"getYouTubeVideoId extraction extracts \"dQw4w9WgXcQ\" from \"https://youtube.com/v/dQw4w9WgXcQ\"","status":"passed","title":"extracts \"dQw4w9WgXcQ\" from \"https://youtube.com/v/dQw4w9WgXcQ\"","duration":4.375,"failureMessages":[],"meta":{}}],"startTime":1768247361105,"endTime":1768247361500.375,"status":"passed","message":"","name":"C:/Users/siddh/OneDrive/Desktop/Projects/waketube/src/components/AlarmTrigger.test.tsx"},{"assertionResults":[{"ancestorTitles":["WakeTubeIcon"],"fullName":"WakeTubeIcon renders an SVG element","status":"passed","title":"renders an SVG element","duration":42.3266000000001,"failureMessages":[],"meta":{}},{"ancestorTitles":["WakeTubeIcon"],"fullName":"WakeTubeIcon applies custom className","status":"passed","title":"applies custom className","duration":7.157600000000002,"failureMessages":[],"meta":{}},{"ancestorTitles":["WakeTubeIcon"],"fullName":"WakeTubeIcon has correct viewBox","status":"passed","title":"has correct viewBox","duration":6.686200000000099,"failureMessages":[],"meta":{}},{"ancestorTitles":["WakeTubeIcon"],"fullName":"WakeTubeIcon contains the play button path","status":"passed","title":"contains the play button path","duration":7.328400000000329,"failureMessages":[],"meta":{}},{"ancestorTitles":["WakeTubeIcon"],"fullName":"WakeTubeIcon contains gradient definition","status":"passed","title":"contains gradient definition","duration":6.031399999999849,"failureMessages":[],"meta":{}},{"ancestorTitles":["WakeTubeIcon"],"fullName":"WakeTubeIcon renders without className prop","status":"passed","title":"renders without className prop","duration":3.2907000000000153,"failureMessages":[],"meta":{}}],"startTime":1768247360831,"endTime":1768247360904.2908,"status":"passed","message":"","name":"C:/Users/siddh/OneDrive/Desktop/Projects/waketube/src/components/WakeTubeIcon.test.tsx"}]}
