{"numTotalTestSuites":35,"numPassedTestSuites":32,"numFailedTestSuites":3,"numPendingTestSuites":0,"numTotalTests":82,"numPassedTests":81,"numFailedTests":1,"numPendingTests":0,"numTodoTests":0,"snapshot":{"added":0,"failure":false,"filesAdded":0,"filesRemoved":0,"filesRemovedList":[],"filesUnmatched":0,"filesUpdated":0,"matched":0,"total":0,"unchecked":0,"uncheckedKeysByFile":[],"unmatched":0,"updated":0,"didUpdate":false},"startTime":1768244894322,"success":false,"testResults":[{"assertionResults":[{"ancestorTitles":["App","rendering"],"fullName":"App rendering renders the app header","status":"passed","title":"renders the app header","duration":63.62850000000003,"failureMessages":[],"meta":{}},{"ancestorTitles":["App","rendering"],"fullName":"App rendering renders the subtitle","status":"passed","title":"renders the subtitle","duration":11.45029999999997,"failureMessages":[],"meta":{}},{"ancestorTitles":["App","rendering"],"fullName":"App rendering renders current time","status":"passed","title":"renders current time","duration":10.115300000000161,"failureMessages":[],"meta":{}},{"ancestorTitles":["App","rendering"],"fullName":"App rendering renders Active & Monitoring badge","status":"passed","title":"renders Active & Monitoring badge","duration":9.652399999999943,"failureMessages":[],"meta":{}},{"ancestorTitles":["App","rendering"],"fullName":"App rendering renders Keep tab open warning","status":"passed","title":"renders Keep tab open warning","duration":15.401200000000017,"failureMessages":[],"meta":{}},{"ancestorTitles":["App","rendering"],"fullName":"App rendering renders Your Alarms section","status":"passed","title":"renders Your Alarms section","duration":9.653800000000047,"failureMessages":[],"meta":{}},{"ancestorTitles":["App","rendering"],"fullName":"App rendering renders empty state when no alarms","status":"passed","title":"renders empty state when no alarms","duration":10.515100000000075,"failureMessages":[],"meta":{}},{"ancestorTitles":["App","rendering"],"fullName":"App rendering renders add alarm FAB button","status":"passed","title":"renders add alarm FAB button","duration":48.33650000000034,"failureMessages":[],"meta":{}},{"ancestorTitles":["App","rendering"],"fullName":"App rendering renders theme toggle button","status":"passed","title":"renders theme toggle button","duration":12.646400000000085,"failureMessages":[],"meta":{}},{"ancestorTitles":["App","theme toggle"],"fullName":"App theme toggle persists theme to localStorage when toggled","status":"passed","title":"persists theme to localStorage when toggled","duration":76.11709999999994,"failureMessages":[],"meta":{}},{"ancestorTitles":["App","add alarm flow"],"fullName":"App add alarm flow opens modal when FAB is clicked","status":"passed","title":"opens modal when FAB is clicked","duration":61.476900000000114,"failureMessages":[],"meta":{}},{"ancestorTitles":["App","add alarm flow"],"fullName":"App add alarm flow adds alarm when Set Alarm is clicked","status":"passed","title":"adds alarm when Set Alarm is clicked","duration":108.45389999999998,"failureMessages":[],"meta":{}},{"ancestorTitles":["App","add alarm flow"],"fullName":"App add alarm flow shows active count after adding alarm","status":"passed","title":"shows active count after adding alarm","duration":93.45789999999988,"failureMessages":[],"meta":{}},{"ancestorTitles":["App","alarm management"],"fullName":"App alarm management toggles alarm enabled state","status":"passed","title":"toggles alarm enabled state","duration":172.36030000000028,"failureMessages":[],"meta":{}},{"ancestorTitles":["App","alarm management"],"fullName":"App alarm management deletes alarm when delete button is clicked","status":"passed","title":"deletes alarm when delete button is clicked","duration":184.00739999999996,"failureMessages":[],"meta":{}},{"ancestorTitles":["App","wake lock"],"fullName":"App wake lock handles wake lock request errors","status":"passed","title":"handles wake lock request errors","duration":76.93499999999995,"failureMessages":[],"meta":{}},{"ancestorTitles":["App","wake lock"],"fullName":"App wake lock ignores AbortError","status":"passed","title":"ignores AbortError","duration":14.653899999999794,"failureMessages":[],"meta":{}},{"ancestorTitles":["App","wake lock"],"fullName":"App wake lock ignores policy errors","status":"passed","title":"ignores policy errors","duration":11.75500000000011,"failureMessages":[],"meta":{}},{"ancestorTitles":["App","wake lock"],"fullName":"App wake lock rerequest wake lock on visibility change","status":"passed","title":"rerequest wake lock on visibility change","duration":19.363400000000183,"failureMessages":[],"meta":{}},{"ancestorTitles":["App","alarm triggering"],"fullName":"App alarm triggering triggers alarm when time matches","status":"passed","title":"triggers alarm when time matches","duration":90.71609999999964,"failureMessages":[],"meta":{}},{"ancestorTitles":["App","localStorage persistence"],"fullName":"App localStorage persistence saves alarms to localStorage","status":"passed","title":"saves alarms to localStorage","duration":110.9031,"failureMessages":[],"meta":{}},{"ancestorTitles":["App","localStorage persistence"],"fullName":"App localStorage persistence persists theme to localStorage","status":"passed","title":"persists theme to localStorage","duration":43.3119999999999,"failureMessages":[],"meta":{}}],"startTime":1768244896354,"endTime":1768244897609.312,"status":"passed","message":"","name":"C:/Users/siddh/OneDrive/Desktop/Projects/waketube/src/App.test.tsx"},{"assertionResults":[{"ancestorTitles":["types","DayOfWeek enum"],"fullName":"types DayOfWeek enum should have correct values for all days","status":"passed","title":"should have correct values for all days","duration":1.40949999999998,"failureMessages":[],"meta":{}},{"ancestorTitles":["types","DayOfWeek enum"],"fullName":"types DayOfWeek enum should have 7 days","status":"passed","title":"should have 7 days","duration":0.2158999999999196,"failureMessages":[],"meta":{}},{"ancestorTitles":["types","DAYS_LABELS"],"fullName":"types DAYS_LABELS should have 7 short labels","status":"passed","title":"should have 7 short labels","duration":0.9275000000000091,"failureMessages":[],"meta":{}},{"ancestorTitles":["types","DAYS_LABELS"],"fullName":"types DAYS_LABELS should have correct short labels","status":"passed","title":"should have correct short labels","duration":0.7973000000001775,"failureMessages":[],"meta":{}},{"ancestorTitles":["types","FULL_DAYS_LABELS"],"fullName":"types FULL_DAYS_LABELS should have 7 full labels","status":"passed","title":"should have 7 full labels","duration":0.3191999999999098,"failureMessages":[],"meta":{}},{"ancestorTitles":["types","FULL_DAYS_LABELS"],"fullName":"types FULL_DAYS_LABELS should have correct full day names","status":"passed","title":"should have correct full day names","duration":0.1792000000000371,"failureMessages":[],"meta":{}},{"ancestorTitles":["types","FULL_DAYS_LABELS"],"fullName":"types FULL_DAYS_LABELS should match DayOfWeek enum indices","status":"passed","title":"should match DayOfWeek enum indices","duration":0.20419999999990068,"failureMessages":[],"meta":{}}],"startTime":1768244896100,"endTime":1768244896104.319,"status":"passed","message":"","name":"C:/Users/siddh/OneDrive/Desktop/Projects/waketube/src/types.test.ts"},{"assertionResults":[{"ancestorTitles":["AddAlarmModal","rendering"],"fullName":"AddAlarmModal rendering renders the modal with header","status":"passed","title":"renders the modal with header","duration":41.844100000000026,"failureMessages":[],"meta":{}},{"ancestorTitles":["AddAlarmModal","rendering"],"fullName":"AddAlarmModal rendering renders time input","status":"passed","title":"renders time input","duration":7.9667000000001735,"failureMessages":[],"meta":{}},{"ancestorTitles":["AddAlarmModal","rendering"],"fullName":"AddAlarmModal rendering renders all 7 day buttons","status":"passed","title":"renders all 7 day buttons","duration":66.21980000000008,"failureMessages":[],"meta":{}},{"ancestorTitles":["AddAlarmModal","rendering"],"fullName":"AddAlarmModal rendering renders YouTube URL input","status":"passed","title":"renders YouTube URL input","duration":7.465199999999641,"failureMessages":[],"meta":{}},{"ancestorTitles":["AddAlarmModal","rendering"],"fullName":"AddAlarmModal rendering renders Set Alarm button","status":"passed","title":"renders Set Alarm button","duration":5.983999999999924,"failureMessages":[],"meta":{}},{"ancestorTitles":["AddAlarmModal","save functionality"],"fullName":"AddAlarmModal save functionality calls onSave with alarm data when Set Alarm is clicked","status":"passed","title":"calls onSave with alarm data when Set Alarm is clicked","duration":65.48340000000007,"failureMessages":[],"meta":{}},{"ancestorTitles":["AddAlarmModal","save functionality"],"fullName":"AddAlarmModal save functionality calls onClose after saving","status":"passed","title":"calls onClose after saving","duration":61.02210000000014,"failureMessages":[],"meta":{}},{"ancestorTitles":["AddAlarmModal","close functionality"],"fullName":"AddAlarmModal close functionality has a close button","status":"passed","title":"has a close button","duration":13.902700000000095,"failureMessages":[],"meta":{}},{"ancestorTitles":["AddAlarmModal","day selection"],"fullName":"AddAlarmModal day selection toggles day selection (add and remove)","status":"failed","title":"toggles day selection (add and remove)","duration":11.754599999999755,"failureMessages":["Error: \u001b[2mexpect(\u001b[22m\u001b[31melement\u001b[39m\u001b[2m).not.toHaveClass(\u001b[22m\u001b[32m\u001b[32m\"bg-primary\"\u001b[32m\u001b[39m\u001b[2m)\u001b[22m\n\nExpected the element not to have class:\n\u001b[32m  bg-primary\u001b[39m\nReceived:\n\u001b[31m  flex-1 h-10 rounded-lg flex items-center justify-center text-sm font-medium transition-all bg-primary text-white\u001b[39m\n    at Proxy.expectWrapper (file:///C:/Users/siddh/OneDrive/Desktop/Projects/waketube/node_modules/@vitest/expect/dist/index.js:1745:12)\n    at Proxy.<anonymous> (file:///C:/Users/siddh/OneDrive/Desktop/Projects/waketube/node_modules/@vitest/expect/dist/index.js:1029:14)\n    at Proxy.methodWrapper (file:///C:/Users/siddh/OneDrive/Desktop/Projects/waketube/node_modules/chai/index.js:1686:25)\n    at C:\\Users\\siddh\\OneDrive\\Desktop\\Projects\\waketube\\src\\components\\AddAlarmModal.test.tsx:88:36\n    at file:///C:/Users/siddh/OneDrive/Desktop/Projects/waketube/node_modules/@vitest/runner/dist/chunk-hooks.js:155:11\n    at file:///C:/Users/siddh/OneDrive/Desktop/Projects/waketube/node_modules/@vitest/runner/dist/chunk-hooks.js:752:26\n    at file:///C:/Users/siddh/OneDrive/Desktop/Projects/waketube/node_modules/@vitest/runner/dist/chunk-hooks.js:1897:20\n    at new Promise (<anonymous>)\n    at runWithTimeout (file:///C:/Users/siddh/OneDrive/Desktop/Projects/waketube/node_modules/@vitest/runner/dist/chunk-hooks.js:1863:10)\n    at runTest (file:///C:/Users/siddh/OneDrive/Desktop/Projects/waketube/node_modules/@vitest/runner/dist/chunk-hooks.js:1574:12)"],"meta":{}},{"ancestorTitles":["AddAlarmModal","day selection"],"fullName":"AddAlarmModal day selection removes a selected day","status":"passed","title":"removes a selected day","duration":39.50369999999975,"failureMessages":[],"meta":{}},{"ancestorTitles":["getTimeBasedSuggestion helper"],"fullName":"getTimeBasedSuggestion helper returns correct label for different hours","status":"passed","title":"returns correct label for different hours","duration":48.89570000000003,"failureMessages":[],"meta":{}}],"startTime":1768244896346,"endTime":1768244896716.8958,"status":"failed","message":"","name":"C:/Users/siddh/OneDrive/Desktop/Projects/waketube/src/components/AddAlarmModal.test.tsx"},{"assertionResults":[{"ancestorTitles":["AlarmCard","rendering"],"fullName":"AlarmCard rendering renders the formatted time correctly","status":"passed","title":"renders the formatted time correctly","duration":41.395499999999856,"failureMessages":[],"meta":{}},{"ancestorTitles":["AlarmCard","rendering"],"fullName":"AlarmCard rendering renders PM for afternoon times","status":"passed","title":"renders PM for afternoon times","duration":10.72460000000001,"failureMessages":[],"meta":{}},{"ancestorTitles":["AlarmCard","rendering"],"fullName":"AlarmCard rendering renders 12:00 correctly for noon","status":"passed","title":"renders 12:00 correctly for noon","duration":6.495000000000118,"failureMessages":[],"meta":{}},{"ancestorTitles":["AlarmCard","rendering"],"fullName":"AlarmCard rendering renders 12:00 AM for midnight","status":"passed","title":"renders 12:00 AM for midnight","duration":5.117199999999912,"failureMessages":[],"meta":{}},{"ancestorTitles":["AlarmCard","rendering"],"fullName":"AlarmCard rendering renders the label","status":"passed","title":"renders the label","duration":5.654999999999973,"failureMessages":[],"meta":{}},{"ancestorTitles":["AlarmCard","rendering"],"fullName":"AlarmCard rendering renders default label when label is empty","status":"passed","title":"renders default label when label is empty","duration":4.998700000000099,"failureMessages":[],"meta":{}},{"ancestorTitles":["AlarmCard","rendering"],"fullName":"AlarmCard rendering renders day indicators","status":"passed","title":"renders day indicators","duration":4.930399999999963,"failureMessages":[],"meta":{}},{"ancestorTitles":["AlarmCard","rendering"],"fullName":"AlarmCard rendering renders preview link when videoUrl exists","status":"passed","title":"renders preview link when videoUrl exists","duration":41.98720000000003,"failureMessages":[],"meta":{}},{"ancestorTitles":["AlarmCard","rendering"],"fullName":"AlarmCard rendering does not render preview link when videoUrl is empty","status":"passed","title":"does not render preview link when videoUrl is empty","duration":4.376700000000028,"failureMessages":[],"meta":{}},{"ancestorTitles":["AlarmCard","toggle functionality"],"fullName":"AlarmCard toggle functionality renders checkbox as checked when enabled","status":"passed","title":"renders checkbox as checked when enabled","duration":18.191499999999905,"failureMessages":[],"meta":{}},{"ancestorTitles":["AlarmCard","toggle functionality"],"fullName":"AlarmCard toggle functionality renders checkbox as unchecked when disabled","status":"passed","title":"renders checkbox as unchecked when disabled","duration":7.374299999999948,"failureMessages":[],"meta":{}},{"ancestorTitles":["AlarmCard","toggle functionality"],"fullName":"AlarmCard toggle functionality calls onToggle with alarm id when toggle is clicked","status":"passed","title":"calls onToggle with alarm id when toggle is clicked","duration":61.85220000000004,"failureMessages":[],"meta":{}},{"ancestorTitles":["AlarmCard","delete functionality"],"fullName":"AlarmCard delete functionality calls onDelete with alarm id when delete button is clicked","status":"passed","title":"calls onDelete with alarm id when delete button is clicked","duration":29.78780000000006,"failureMessages":[],"meta":{}},{"ancestorTitles":["AlarmCard","styling"],"fullName":"AlarmCard styling applies reduced opacity when alarm is disabled","status":"passed","title":"applies reduced opacity when alarm is disabled","duration":5.643600000000333,"failureMessages":[],"meta":{}},{"ancestorTitles":["AlarmCard","styling"],"fullName":"AlarmCard styling applies shadow when alarm is enabled","status":"passed","title":"applies shadow when alarm is enabled","duration":4.127400000000307,"failureMessages":[],"meta":{}}],"startTime":1768244896327,"endTime":1768244896580.1274,"status":"passed","message":"","name":"C:/Users/siddh/OneDrive/Desktop/Projects/waketube/src/components/AlarmCard.test.tsx"},{"assertionResults":[{"ancestorTitles":["AlarmTrigger","rendering"],"fullName":"AlarmTrigger rendering renders WAKE UP! heading","status":"passed","title":"renders WAKE UP! heading","duration":44.03929999999991,"failureMessages":[],"meta":{}},{"ancestorTitles":["AlarmTrigger","rendering"],"fullName":"AlarmTrigger rendering renders alarm label","status":"passed","title":"renders alarm label","duration":9.522700000000214,"failureMessages":[],"meta":{}},{"ancestorTitles":["AlarmTrigger","rendering"],"fullName":"AlarmTrigger rendering renders volume slider","status":"passed","title":"renders volume slider","duration":43.88369999999986,"failureMessages":[],"meta":{}},{"ancestorTitles":["AlarmTrigger","rendering"],"fullName":"AlarmTrigger rendering renders NO SNOOZE warning","status":"passed","title":"renders NO SNOOZE warning","duration":6.2922000000000935,"failureMessages":[],"meta":{}},{"ancestorTitles":["AlarmTrigger","rendering"],"fullName":"AlarmTrigger rendering shows 100% volume initially","status":"passed","title":"shows 100% volume initially","duration":6.9956999999999425,"failureMessages":[],"meta":{}},{"ancestorTitles":["AlarmTrigger","dismiss button"],"fullName":"AlarmTrigger dismiss button shows locked state initially","status":"passed","title":"shows locked state initially","duration":6.479899999999816,"failureMessages":[],"meta":{}},{"ancestorTitles":["AlarmTrigger","dismiss button"],"fullName":"AlarmTrigger dismiss button shows dismiss button after delay","status":"passed","title":"shows dismiss button after delay","duration":23.66930000000002,"failureMessages":[],"meta":{}},{"ancestorTitles":["AlarmTrigger","dismiss button"],"fullName":"AlarmTrigger dismiss button calls onDismiss when dismiss button is clicked","status":"passed","title":"calls onDismiss when dismiss button is clicked","duration":155.47350000000029,"failureMessages":[],"meta":{}},{"ancestorTitles":["AlarmTrigger","YouTube player initialization"],"fullName":"AlarmTrigger YouTube player initialization creates YouTube player when API is already loaded","status":"passed","title":"creates YouTube player when API is already loaded","duration":6.758299999999963,"failureMessages":[],"meta":{}},{"ancestorTitles":["AlarmTrigger","YouTube player initialization"],"fullName":"AlarmTrigger YouTube player initialization loads API script if not present","status":"passed","title":"loads API script if not present","duration":9.699799999999868,"failureMessages":[],"meta":{}},{"ancestorTitles":["AlarmTrigger","YouTube player initialization"],"fullName":"AlarmTrigger YouTube player initialization injects API script before existing script","status":"passed","title":"injects API script before existing script","duration":6.525899999999638,"failureMessages":[],"meta":{}},{"ancestorTitles":["AlarmTrigger","YouTube player initialization"],"fullName":"AlarmTrigger YouTube player initialization handles YouTube player errors","status":"passed","title":"handles YouTube player errors","duration":5.8948999999997795,"failureMessages":[],"meta":{}},{"ancestorTitles":["AlarmTrigger","YouTube player initialization"],"fullName":"AlarmTrigger YouTube player initialization extracts correct video ID from standard URL","status":"passed","title":"extracts correct video ID from standard URL","duration":5.461999999999989,"failureMessages":[],"meta":{}},{"ancestorTitles":["AlarmTrigger","YouTube player initialization"],"fullName":"AlarmTrigger YouTube player initialization extracts video ID from youtu.be URL","status":"passed","title":"extracts video ID from youtu.be URL","duration":4.330199999999877,"failureMessages":[],"meta":{}},{"ancestorTitles":["AlarmTrigger","YouTube player initialization"],"fullName":"AlarmTrigger YouTube player initialization uses default video ID for invalid URL","status":"passed","title":"uses default video ID for invalid URL","duration":4.268900000000031,"failureMessages":[],"meta":{}},{"ancestorTitles":["AlarmTrigger","YouTube player initialization"],"fullName":"AlarmTrigger YouTube player initialization uses default video ID for empty URL","status":"passed","title":"uses default video ID for empty URL","duration":4.810500000000047,"failureMessages":[],"meta":{}},{"ancestorTitles":["AlarmTrigger","YouTube player initialization"],"fullName":"AlarmTrigger YouTube player initialization configures player with autoplay","status":"passed","title":"configures player with autoplay","duration":4.090400000000045,"failureMessages":[],"meta":{}},{"ancestorTitles":["getYouTubeVideoId extraction"],"fullName":"getYouTubeVideoId extraction extracts \"dQw4w9WgXcQ\" from \"https://www.youtube.com/watch?v=dQw4w9WgXcQ\"","status":"passed","title":"extracts \"dQw4w9WgXcQ\" from \"https://www.youtube.com/watch?v=dQw4w9WgXcQ\"","duration":4.144800000000032,"failureMessages":[],"meta":{}},{"ancestorTitles":["getYouTubeVideoId extraction"],"fullName":"getYouTubeVideoId extraction extracts \"dQw4w9WgXcQ\" from \"https://youtu.be/dQw4w9WgXcQ\"","status":"passed","title":"extracts \"dQw4w9WgXcQ\" from \"https://youtu.be/dQw4w9WgXcQ\"","duration":3.5136999999999716,"failureMessages":[],"meta":{}},{"ancestorTitles":["getYouTubeVideoId extraction"],"fullName":"getYouTubeVideoId extraction extracts \"dQw4w9WgXcQ\" from \"https://www.youtube.com/embed/dQw4w9WgXcQ\"","status":"passed","title":"extracts \"dQw4w9WgXcQ\" from \"https://www.youtube.com/embed/dQw4w9WgXcQ\"","duration":4.2391999999999825,"failureMessages":[],"meta":{}},{"ancestorTitles":["getYouTubeVideoId extraction"],"fullName":"getYouTubeVideoId extraction extracts \"dQw4w9WgXcQ\" from \"https://youtube.com/v/dQw4w9WgXcQ\"","status":"passed","title":"extracts \"dQw4w9WgXcQ\" from \"https://youtube.com/v/dQw4w9WgXcQ\"","duration":3.375500000000102,"failureMessages":[],"meta":{}}],"startTime":1768244896323,"endTime":1768244896687.3755,"status":"passed","message":"","name":"C:/Users/siddh/OneDrive/Desktop/Projects/waketube/src/components/AlarmTrigger.test.tsx"},{"assertionResults":[{"ancestorTitles":["WakeTubeIcon"],"fullName":"WakeTubeIcon renders an SVG element","status":"passed","title":"renders an SVG element","duration":28.970400000000154,"failureMessages":[],"meta":{}},{"ancestorTitles":["WakeTubeIcon"],"fullName":"WakeTubeIcon applies custom className","status":"passed","title":"applies custom className","duration":5.1638000000000375,"failureMessages":[],"meta":{}},{"ancestorTitles":["WakeTubeIcon"],"fullName":"WakeTubeIcon has correct viewBox","status":"passed","title":"has correct viewBox","duration":3.738700000000108,"failureMessages":[],"meta":{}},{"ancestorTitles":["WakeTubeIcon"],"fullName":"WakeTubeIcon contains the play button path","status":"passed","title":"contains the play button path","duration":3.9087999999999283,"failureMessages":[],"meta":{}},{"ancestorTitles":["WakeTubeIcon"],"fullName":"WakeTubeIcon contains gradient definition","status":"passed","title":"contains gradient definition","duration":4.985500000000002,"failureMessages":[],"meta":{}},{"ancestorTitles":["WakeTubeIcon"],"fullName":"WakeTubeIcon renders without className prop","status":"passed","title":"renders without className prop","duration":4.292100000000119,"failureMessages":[],"meta":{}}],"startTime":1768244896100,"endTime":1768244896151.292,"status":"passed","message":"","name":"C:/Users/siddh/OneDrive/Desktop/Projects/waketube/src/components/WakeTubeIcon.test.tsx"}]}
