{"C:\\Users\\siddh\\OneDrive\\Desktop\\Projects\\waketube\\src\\App.tsx": {"path":"C:\\Users\\siddh\\OneDrive\\Desktop\\Projects\\waketube\\src\\App.tsx","all":false,"statementMap":{"0":{"start":{"line":1,"column":0},"end":{"line":1,"column":51}},"1":{"start":{"line":2,"column":0},"end":{"line":2,"column":89}},"3":{"start":{"line":4,"column":0},"end":{"line":4,"column":47}},"4":{"start":{"line":5,"column":0},"end":{"line":5,"column":55}},"5":{"start":{"line":6,"column":0},"end":{"line":6,"column":53}},"6":{"start":{"line":7,"column":0},"end":{"line":7,"column":53}},"7":{"start":{"line":8,"column":0},"end":{"line":8,"column":36}},"9":{"start":{"line":10,"column":0},"end":{"line":10,"column":34}},"11":{"start":{"line":12,"column":0},"end":{"line":12,"column":29}},"12":{"start":{"line":13,"column":0},"end":{"line":13,"column":55}},"13":{"start":{"line":14,"column":0},"end":{"line":14,"column":58}},"14":{"start":{"line":15,"column":0},"end":{"line":15,"column":42}},"15":{"start":{"line":16,"column":0},"end":{"line":16,"column":5}},"17":{"start":{"line":18,"column":0},"end":{"line":18,"column":62}},"18":{"start":{"line":19,"column":0},"end":{"line":19,"column":64}},"19":{"start":{"line":20,"column":0},"end":{"line":20,"column":61}},"22":{"start":{"line":23,"column":0},"end":{"line":23,"column":62}},"23":{"start":{"line":24,"column":0},"end":{"line":24,"column":62}},"24":{"start":{"line":25,"column":0},"end":{"line":25,"column":54}},"25":{"start":{"line":26,"column":0},"end":{"line":26,"column":5}},"28":{"start":{"line":29,"column":0},"end":{"line":29,"column":79}},"31":{"start":{"line":32,"column":0},"end":{"line":32,"column":19}},"32":{"start":{"line":33,"column":0},"end":{"line":33,"column":68}},"33":{"start":{"line":34,"column":0},"end":{"line":34,"column":15}},"36":{"start":{"line":37,"column":0},"end":{"line":37,"column":19}},"37":{"start":{"line":38,"column":0},"end":{"line":38,"column":42}},"38":{"start":{"line":39,"column":0},"end":{"line":39,"column":27}},"39":{"start":{"line":40,"column":0},"end":{"line":40,"column":33}},"40":{"start":{"line":41,"column":0},"end":{"line":41,"column":12}},"41":{"start":{"line":42,"column":0},"end":{"line":42,"column":36}},"42":{"start":{"line":43,"column":0},"end":{"line":43,"column":5}},"43":{"start":{"line":44,"column":0},"end":{"line":44,"column":50}},"44":{"start":{"line":45,"column":0},"end":{"line":45,"column":14}},"46":{"start":{"line":47,"column":0},"end":{"line":47,"column":29}},"47":{"start":{"line":48,"column":0},"end":{"line":48,"column":57}},"48":{"start":{"line":49,"column":0},"end":{"line":49,"column":4}},"51":{"start":{"line":52,"column":0},"end":{"line":52,"column":19}},"52":{"start":{"line":53,"column":0},"end":{"line":53,"column":41}},"53":{"start":{"line":54,"column":0},"end":{"line":54,"column":38}},"55":{"start":{"line":56,"column":0},"end":{"line":56,"column":11}},"56":{"start":{"line":57,"column":0},"end":{"line":57,"column":51}},"57":{"start":{"line":58,"column":0},"end":{"line":58,"column":49}},"58":{"start":{"line":59,"column":0},"end":{"line":59,"column":26}},"59":{"start":{"line":60,"column":0},"end":{"line":60,"column":38}},"60":{"start":{"line":61,"column":0},"end":{"line":61,"column":99}},"62":{"start":{"line":63,"column":0},"end":{"line":63,"column":28}},"63":{"start":{"line":64,"column":0},"end":{"line":64,"column":17}},"64":{"start":{"line":65,"column":0},"end":{"line":65,"column":9}},"66":{"start":{"line":67,"column":0},"end":{"line":67,"column":40}},"67":{"start":{"line":68,"column":0},"end":{"line":68,"column":57}},"68":{"start":{"line":69,"column":0},"end":{"line":69,"column":9}},"69":{"start":{"line":70,"column":0},"end":{"line":70,"column":7}},"70":{"start":{"line":71,"column":0},"end":{"line":71,"column":6}},"72":{"start":{"line":73,"column":0},"end":{"line":73,"column":22}},"74":{"start":{"line":75,"column":0},"end":{"line":75,"column":42}},"75":{"start":{"line":76,"column":0},"end":{"line":76,"column":51}},"76":{"start":{"line":77,"column":0},"end":{"line":77,"column":26}},"77":{"start":{"line":78,"column":0},"end":{"line":78,"column":7}},"78":{"start":{"line":79,"column":0},"end":{"line":79,"column":6}},"80":{"start":{"line":81,"column":0},"end":{"line":81,"column":74}},"81":{"start":{"line":82,"column":0},"end":{"line":82,"column":90}},"82":{"start":{"line":83,"column":0},"end":{"line":83,"column":9}},"85":{"start":{"line":86,"column":0},"end":{"line":86,"column":19}},"86":{"start":{"line":87,"column":0},"end":{"line":87,"column":37}},"87":{"start":{"line":88,"column":0},"end":{"line":88,"column":29}},"88":{"start":{"line":89,"column":0},"end":{"line":89,"column":26}},"90":{"start":{"line":91,"column":0},"end":{"line":91,"column":51}},"91":{"start":{"line":92,"column":0},"end":{"line":92,"column":63}},"92":{"start":{"line":93,"column":0},"end":{"line":93,"column":67}},"93":{"start":{"line":94,"column":0},"end":{"line":94,"column":47}},"96":{"start":{"line":97,"column":0},"end":{"line":97,"column":39}},"97":{"start":{"line":98,"column":0},"end":{"line":98,"column":26}},"98":{"start":{"line":99,"column":0},"end":{"line":99,"column":35}},"99":{"start":{"line":100,"column":0},"end":{"line":100,"column":7}},"102":{"start":{"line":103,"column":0},"end":{"line":103,"column":49}},"103":{"start":{"line":104,"column":0},"end":{"line":104,"column":16}},"104":{"start":{"line":105,"column":0},"end":{"line":105,"column":22}},"105":{"start":{"line":106,"column":0},"end":{"line":106,"column":34}},"106":{"start":{"line":107,"column":0},"end":{"line":107,"column":40}},"107":{"start":{"line":108,"column":0},"end":{"line":108,"column":48}},"108":{"start":{"line":109,"column":0},"end":{"line":109,"column":58}},"110":{"start":{"line":111,"column":0},"end":{"line":111,"column":9}},"112":{"start":{"line":113,"column":0},"end":{"line":113,"column":38}},"113":{"start":{"line":114,"column":0},"end":{"line":114,"column":62}},"114":{"start":{"line":115,"column":0},"end":{"line":115,"column":84}},"115":{"start":{"line":116,"column":0},"end":{"line":116,"column":7}},"117":{"start":{"line":118,"column":0},"end":{"line":118,"column":13}},"119":{"start":{"line":120,"column":0},"end":{"line":120,"column":38}},"120":{"start":{"line":121,"column":0},"end":{"line":121,"column":50}},"122":{"start":{"line":123,"column":0},"end":{"line":123,"column":57}},"123":{"start":{"line":124,"column":0},"end":{"line":124,"column":66}},"124":{"start":{"line":125,"column":0},"end":{"line":125,"column":37}},"125":{"start":{"line":126,"column":0},"end":{"line":126,"column":4}},"127":{"start":{"line":128,"column":0},"end":{"line":128,"column":39}},"128":{"start":{"line":129,"column":0},"end":{"line":129,"column":80}},"129":{"start":{"line":130,"column":0},"end":{"line":130,"column":4}},"131":{"start":{"line":132,"column":0},"end":{"line":132,"column":39}},"132":{"start":{"line":133,"column":0},"end":{"line":133,"column":47}},"133":{"start":{"line":134,"column":0},"end":{"line":134,"column":4}},"135":{"start":{"line":136,"column":0},"end":{"line":136,"column":40}},"136":{"start":{"line":137,"column":0},"end":{"line":137,"column":59}},"137":{"start":{"line":138,"column":0},"end":{"line":138,"column":4}},"139":{"start":{"line":140,"column":0},"end":{"line":140,"column":10}},"140":{"start":{"line":141,"column":0},"end":{"line":141,"column":92}},"143":{"start":{"line":144,"column":0},"end":{"line":144,"column":73}},"144":{"start":{"line":145,"column":0},"end":{"line":145,"column":119}},"145":{"start":{"line":146,"column":0},"end":{"line":146,"column":159}},"146":{"start":{"line":147,"column":0},"end":{"line":147,"column":12}},"149":{"start":{"line":150,"column":0},"end":{"line":150,"column":94}},"152":{"start":{"line":153,"column":0},"end":{"line":153,"column":105}},"153":{"start":{"line":154,"column":0},"end":{"line":154,"column":51}},"154":{"start":{"line":155,"column":0},"end":{"line":155,"column":65}},"155":{"start":{"line":156,"column":0},"end":{"line":156,"column":17}},"156":{"start":{"line":157,"column":0},"end":{"line":157,"column":86}},"157":{"start":{"line":158,"column":0},"end":{"line":158,"column":93}},"158":{"start":{"line":159,"column":0},"end":{"line":159,"column":18}},"159":{"start":{"line":160,"column":0},"end":{"line":160,"column":16}},"161":{"start":{"line":162,"column":0},"end":{"line":162,"column":17}},"162":{"start":{"line":163,"column":0},"end":{"line":163,"column":33}},"163":{"start":{"line":164,"column":0},"end":{"line":164,"column":145}},"164":{"start":{"line":165,"column":0},"end":{"line":165,"column":37}},"166":{"start":{"line":167,"column":0},"end":{"line":167,"column":71}},"167":{"start":{"line":168,"column":0},"end":{"line":168,"column":19}},"168":{"start":{"line":169,"column":0},"end":{"line":169,"column":17}},"171":{"start":{"line":172,"column":0},"end":{"line":172,"column":111}},"172":{"start":{"line":173,"column":0},"end":{"line":173,"column":199}},"173":{"start":{"line":174,"column":0},"end":{"line":174,"column":103}},"174":{"start":{"line":175,"column":0},"end":{"line":175,"column":16}},"175":{"start":{"line":176,"column":0},"end":{"line":176,"column":113}},"176":{"start":{"line":177,"column":0},"end":{"line":177,"column":100}},"177":{"start":{"line":178,"column":0},"end":{"line":178,"column":16}},"179":{"start":{"line":180,"column":0},"end":{"line":180,"column":81}},"180":{"start":{"line":181,"column":0},"end":{"line":181,"column":171}},"181":{"start":{"line":182,"column":0},"end":{"line":182,"column":43}},"182":{"start":{"line":183,"column":0},"end":{"line":183,"column":46}},"183":{"start":{"line":184,"column":0},"end":{"line":184,"column":18}},"185":{"start":{"line":186,"column":0},"end":{"line":186,"column":174}},"186":{"start":{"line":187,"column":0},"end":{"line":187,"column":41}},"187":{"start":{"line":188,"column":0},"end":{"line":188,"column":40}},"188":{"start":{"line":189,"column":0},"end":{"line":189,"column":18}},"189":{"start":{"line":190,"column":0},"end":{"line":190,"column":16}},"190":{"start":{"line":191,"column":0},"end":{"line":191,"column":14}},"193":{"start":{"line":194,"column":0},"end":{"line":194,"column":38}},"194":{"start":{"line":195,"column":0},"end":{"line":195,"column":71}},"195":{"start":{"line":196,"column":0},"end":{"line":196,"column":53}},"196":{"start":{"line":197,"column":0},"end":{"line":197,"column":61}},"197":{"start":{"line":198,"column":0},"end":{"line":198,"column":126}},"198":{"start":{"line":199,"column":0},"end":{"line":199,"column":18}},"199":{"start":{"line":200,"column":0},"end":{"line":200,"column":125}},"200":{"start":{"line":201,"column":0},"end":{"line":201,"column":59}},"201":{"start":{"line":202,"column":0},"end":{"line":202,"column":19}},"202":{"start":{"line":203,"column":0},"end":{"line":203,"column":16}},"204":{"start":{"line":205,"column":0},"end":{"line":205,"column":37}},"205":{"start":{"line":206,"column":0},"end":{"line":206,"column":36}},"206":{"start":{"line":207,"column":0},"end":{"line":207,"column":72}},"207":{"start":{"line":208,"column":0},"end":{"line":208,"column":151}},"208":{"start":{"line":209,"column":0},"end":{"line":209,"column":64}},"209":{"start":{"line":210,"column":0},"end":{"line":210,"column":22}},"210":{"start":{"line":211,"column":0},"end":{"line":211,"column":98}},"211":{"start":{"line":212,"column":0},"end":{"line":212,"column":106}},"212":{"start":{"line":213,"column":0},"end":{"line":213,"column":20}},"214":{"start":{"line":215,"column":0},"end":{"line":215,"column":35}},"215":{"start":{"line":216,"column":0},"end":{"line":216,"column":26}},"216":{"start":{"line":217,"column":0},"end":{"line":217,"column":32}},"217":{"start":{"line":218,"column":0},"end":{"line":218,"column":31}},"218":{"start":{"line":219,"column":0},"end":{"line":219,"column":40}},"219":{"start":{"line":220,"column":0},"end":{"line":220,"column":40}},"220":{"start":{"line":221,"column":0},"end":{"line":221,"column":18}},"221":{"start":{"line":222,"column":0},"end":{"line":222,"column":16}},"223":{"start":{"line":224,"column":0},"end":{"line":224,"column":16}},"224":{"start":{"line":225,"column":0},"end":{"line":225,"column":14}},"227":{"start":{"line":228,"column":0},"end":{"line":228,"column":15}},"228":{"start":{"line":229,"column":0},"end":{"line":229,"column":49}},"229":{"start":{"line":230,"column":0},"end":{"line":230,"column":224}},"230":{"start":{"line":231,"column":0},"end":{"line":231,"column":36}},"232":{"start":{"line":233,"column":0},"end":{"line":233,"column":46}},"233":{"start":{"line":234,"column":0},"end":{"line":234,"column":17}},"235":{"start":{"line":236,"column":0},"end":{"line":236,"column":12}},"238":{"start":{"line":239,"column":0},"end":{"line":239,"column":26}},"239":{"start":{"line":240,"column":0},"end":{"line":240,"column":22}},"240":{"start":{"line":241,"column":0},"end":{"line":241,"column":50}},"241":{"start":{"line":242,"column":0},"end":{"line":242,"column":27}},"242":{"start":{"line":243,"column":0},"end":{"line":243,"column":10}},"245":{"start":{"line":246,"column":0},"end":{"line":246,"column":34}},"246":{"start":{"line":247,"column":0},"end":{"line":247,"column":21}},"247":{"start":{"line":248,"column":0},"end":{"line":248,"column":24}},"248":{"start":{"line":249,"column":0},"end":{"line":249,"column":23}},"249":{"start":{"line":250,"column":0},"end":{"line":250,"column":50}},"250":{"start":{"line":251,"column":0},"end":{"line":251,"column":10}},"251":{"start":{"line":252,"column":0},"end":{"line":252,"column":9}},"252":{"start":{"line":253,"column":0},"end":{"line":253,"column":10}},"254":{"start":{"line":255,"column":0},"end":{"line":255,"column":2}},"256":{"start":{"line":257,"column":0},"end":{"line":257,"column":19}}},"s":{"0":1,"1":1,"3":1,"4":1,"5":1,"6":1,"7":1,"9":1,"11":1,"12":32,"13":17,"14":17,"15":32,"17":32,"18":32,"19":32,"22":32,"23":17,"24":17,"25":32,"28":32,"31":32,"32":24,"33":32,"36":32,"37":19,"38":19,"39":17,"40":19,"41":2,"42":2,"43":19,"44":32,"46":32,"47":2,"48":2,"51":32,"52":17,"53":17,"55":17,"56":17,"57":17,"58":17,"59":0,"60":0,"62":0,"63":0,"64":0,"66":0,"67":0,"68":0,"69":0,"70":17,"72":17,"74":17,"75":0,"76":0,"77":0,"78":0,"80":17,"81":17,"82":32,"85":32,"86":24,"87":0,"88":0,"90":0,"91":0,"92":0,"93":0,"96":0,"97":0,"98":0,"99":0,"102":0,"103":0,"104":0,"105":0,"106":0,"107":0,"108":0,"110":0,"112":0,"113":0,"114":0,"115":0,"117":24,"119":24,"120":32,"122":32,"123":5,"124":5,"125":5,"127":32,"128":1,"129":1,"131":32,"132":1,"133":1,"135":32,"136":0,"137":0,"139":32,"140":32,"143":32,"144":32,"145":32,"146":32,"149":32,"152":32,"153":32,"154":32,"155":32,"156":32,"157":32,"158":32,"159":32,"161":32,"162":32,"163":32,"164":32,"166":32,"167":32,"168":32,"171":32,"172":32,"173":32,"174":32,"175":32,"176":32,"177":32,"179":32,"180":32,"181":32,"182":32,"183":32,"185":32,"186":32,"187":32,"188":32,"189":32,"190":32,"193":32,"194":32,"195":32,"196":32,"197":32,"198":32,"199":32,"200":32,"201":32,"202":32,"204":32,"205":32,"206":26,"207":26,"208":26,"209":26,"210":26,"211":26,"212":26,"214":6,"215":6,"216":6,"217":6,"218":6,"219":6,"220":6,"221":6,"223":32,"224":32,"227":32,"228":32,"229":32,"230":32,"232":32,"233":32,"235":32,"238":32,"239":6,"240":6,"241":6,"242":6,"245":32,"246":0,"247":0,"248":0,"249":0,"250":0,"251":32,"252":32,"254":32,"256":1},"branchMap":{"0":{"type":"branch","line":10,"loc":{"start":{"line":10,"column":19},"end":{"line":10,"column":34}},"locations":[{"start":{"line":10,"column":19},"end":{"line":10,"column":34}}]},"1":{"type":"branch","line":12,"loc":{"start":{"line":12,"column":22},"end":{"line":255,"column":2}},"locations":[{"start":{"line":12,"column":22},"end":{"line":255,"column":2}}]},"2":{"type":"branch","line":167,"loc":{"start":{"line":167,"column":23},"end":{"line":167,"column":53}},"locations":[{"start":{"line":167,"column":23},"end":{"line":167,"column":53}}]},"3":{"type":"branch","line":167,"loc":{"start":{"line":167,"column":48},"end":{"line":167,"column":71}},"locations":[{"start":{"line":167,"column":48},"end":{"line":167,"column":71}}]},"4":{"type":"branch","line":206,"loc":{"start":{"line":206,"column":31},"end":{"line":213,"column":20}},"locations":[{"start":{"line":206,"column":31},"end":{"line":213,"column":20}}]},"5":{"type":"branch","line":213,"loc":{"start":{"line":213,"column":14},"end":{"line":222,"column":16}},"locations":[{"start":{"line":213,"column":14},"end":{"line":222,"column":16}}]},"6":{"type":"branch","line":239,"loc":{"start":{"line":239,"column":7},"end":{"line":243,"column":10}},"locations":[{"start":{"line":239,"column":7},"end":{"line":243,"column":10}}]},"7":{"type":"branch","line":13,"loc":{"start":{"line":13,"column":48},"end":{"line":16,"column":3}},"locations":[{"start":{"line":13,"column":48},"end":{"line":16,"column":3}}]},"8":{"type":"branch","line":15,"loc":{"start":{"line":15,"column":11},"end":{"line":15,"column":39}},"locations":[{"start":{"line":15,"column":11},"end":{"line":15,"column":39}}]},"9":{"type":"branch","line":23,"loc":{"start":{"line":23,"column":55},"end":{"line":26,"column":3}},"locations":[{"start":{"line":23,"column":55},"end":{"line":26,"column":3}}]},"10":{"type":"branch","line":32,"loc":{"start":{"line":32,"column":12},"end":{"line":34,"column":5}},"locations":[{"start":{"line":32,"column":12},"end":{"line":34,"column":5}}]},"11":{"type":"branch","line":37,"loc":{"start":{"line":37,"column":12},"end":{"line":45,"column":5}},"locations":[{"start":{"line":37,"column":12},"end":{"line":45,"column":5}}]},"12":{"type":"branch","line":39,"loc":{"start":{"line":39,"column":26},"end":{"line":41,"column":11}},"locations":[{"start":{"line":39,"column":26},"end":{"line":41,"column":11}}]},"13":{"type":"branch","line":41,"loc":{"start":{"line":41,"column":4},"end":{"line":43,"column":5}},"locations":[{"start":{"line":41,"column":4},"end":{"line":43,"column":5}}]},"14":{"type":"branch","line":47,"loc":{"start":{"line":47,"column":22},"end":{"line":49,"column":4}},"locations":[{"start":{"line":47,"column":22},"end":{"line":49,"column":4}}]},"15":{"type":"branch","line":48,"loc":{"start":{"line":48,"column":13},"end":{"line":48,"column":55}},"locations":[{"start":{"line":48,"column":13},"end":{"line":48,"column":55}}]},"16":{"type":"branch","line":48,"loc":{"start":{"line":48,"column":39},"end":{"line":48,"column":55}},"locations":[{"start":{"line":48,"column":39},"end":{"line":48,"column":55}}]},"17":{"type":"branch","line":52,"loc":{"start":{"line":52,"column":12},"end":{"line":83,"column":5}},"locations":[{"start":{"line":52,"column":12},"end":{"line":83,"column":5}}]},"18":{"type":"branch","line":53,"loc":{"start":{"line":53,"column":28},"end":{"line":71,"column":6}},"locations":[{"start":{"line":53,"column":28},"end":{"line":71,"column":6}}]},"19":{"type":"branch","line":54,"loc":{"start":{"line":54,"column":31},"end":{"line":54,"column":38}},"locations":[{"start":{"line":54,"column":31},"end":{"line":54,"column":38}}]},"20":{"type":"branch","line":59,"loc":{"start":{"line":59,"column":6},"end":{"line":70,"column":7}},"locations":[{"start":{"line":59,"column":6},"end":{"line":70,"column":7}}]},"21":{"type":"branch","line":82,"loc":{"start":{"line":82,"column":11},"end":{"line":82,"column":90}},"locations":[{"start":{"line":82,"column":11},"end":{"line":82,"column":90}}]},"22":{"type":"branch","line":86,"loc":{"start":{"line":86,"column":12},"end":{"line":121,"column":5}},"locations":[{"start":{"line":86,"column":12},"end":{"line":121,"column":5}}]},"23":{"type":"branch","line":120,"loc":{"start":{"line":120,"column":11},"end":{"line":120,"column":38}},"locations":[{"start":{"line":120,"column":11},"end":{"line":120,"column":38}}]},"24":{"type":"branch","line":123,"loc":{"start":{"line":123,"column":19},"end":{"line":126,"column":4}},"locations":[{"start":{"line":123,"column":19},"end":{"line":126,"column":4}}]},"25":{"type":"branch","line":128,"loc":{"start":{"line":128,"column":22},"end":{"line":130,"column":4}},"locations":[{"start":{"line":128,"column":22},"end":{"line":130,"column":4}}]},"26":{"type":"branch","line":129,"loc":{"start":{"line":129,"column":25},"end":{"line":129,"column":77}},"locations":[{"start":{"line":129,"column":25},"end":{"line":129,"column":77}}]},"27":{"type":"branch","line":129,"loc":{"start":{"line":129,"column":72},"end":{"line":129,"column":77}},"locations":[{"start":{"line":129,"column":72},"end":{"line":129,"column":77}}]},"28":{"type":"branch","line":132,"loc":{"start":{"line":132,"column":22},"end":{"line":134,"column":4}},"locations":[{"start":{"line":132,"column":22},"end":{"line":134,"column":4}}]},"29":{"type":"branch","line":133,"loc":{"start":{"line":133,"column":28},"end":{"line":133,"column":44}},"locations":[{"start":{"line":133,"column":28},"end":{"line":133,"column":44}}]},"30":{"type":"branch","line":201,"loc":{"start":{"line":201,"column":29},"end":{"line":201,"column":43}},"locations":[{"start":{"line":201,"column":29},"end":{"line":201,"column":43}}]},"31":{"type":"branch","line":215,"loc":{"start":{"line":215,"column":25},"end":{"line":221,"column":18}},"locations":[{"start":{"line":215,"column":25},"end":{"line":221,"column":18}}]},"32":{"type":"branch","line":229,"loc":{"start":{"line":229,"column":19},"end":{"line":229,"column":49}},"locations":[{"start":{"line":229,"column":19},"end":{"line":229,"column":49}}]},"33":{"type":"branch","line":241,"loc":{"start":{"line":241,"column":19},"end":{"line":241,"column":50}},"locations":[{"start":{"line":241,"column":19},"end":{"line":241,"column":50}}]}},"b":{"0":[5],"1":[32],"2":[30],"3":[2],"4":[26],"5":[6],"6":[6],"7":[17],"8":[0],"9":[17],"10":[24],"11":[19],"12":[17],"13":[2],"14":[2],"15":[2],"16":[0],"17":[17],"18":[17],"19":[0],"20":[0],"21":[17],"22":[24],"23":[24],"24":[5],"25":[1],"26":[1],"27":[0],"28":[1],"29":[1],"30":[6],"31":[6],"32":[6],"33":[5]},"fnMap":{"0":{"name":"generateId","decl":{"start":{"line":10,"column":19},"end":{"line":10,"column":34}},"loc":{"start":{"line":10,"column":19},"end":{"line":10,"column":34}},"line":10},"1":{"name":"App","decl":{"start":{"line":12,"column":22},"end":{"line":255,"column":2}},"loc":{"start":{"line":12,"column":22},"end":{"line":255,"column":2}},"line":12},"2":{"name":"toggleTheme","decl":{"start":{"line":47,"column":22},"end":{"line":49,"column":4}},"loc":{"start":{"line":47,"column":22},"end":{"line":49,"column":4}},"line":47},"3":{"name":"requestWakeLock","decl":{"start":{"line":53,"column":28},"end":{"line":71,"column":6}},"loc":{"start":{"line":53,"column":28},"end":{"line":71,"column":6}},"line":53},"4":{"name":"handleVisibilityChange","decl":{"start":{"line":75,"column":35},"end":{"line":79,"column":6}},"loc":{"start":{"line":75,"column":35},"end":{"line":79,"column":6}},"line":75},"5":{"name":"addAlarm","decl":{"start":{"line":123,"column":19},"end":{"line":126,"column":4}},"loc":{"start":{"line":123,"column":19},"end":{"line":126,"column":4}},"line":123},"6":{"name":"toggleAlarm","decl":{"start":{"line":128,"column":22},"end":{"line":130,"column":4}},"loc":{"start":{"line":128,"column":22},"end":{"line":130,"column":4}},"line":128},"7":{"name":"deleteAlarm","decl":{"start":{"line":132,"column":22},"end":{"line":134,"column":4}},"loc":{"start":{"line":132,"column":22},"end":{"line":134,"column":4}},"line":132},"8":{"name":"dismissAlarm","decl":{"start":{"line":136,"column":23},"end":{"line":138,"column":4}},"loc":{"start":{"line":136,"column":23},"end":{"line":138,"column":4}},"line":136},"9":{"name":"onClick","decl":{"start":{"line":229,"column":19},"end":{"line":229,"column":49}},"loc":{"start":{"line":229,"column":19},"end":{"line":229,"column":49}},"line":229},"10":{"name":"onClose","decl":{"start":{"line":241,"column":19},"end":{"line":241,"column":50}},"loc":{"start":{"line":241,"column":19},"end":{"line":241,"column":50}},"line":241}},"f":{"0":5,"1":32,"2":2,"3":17,"4":0,"5":5,"6":1,"7":1,"8":0,"9":6,"10":5}}
,"C:\\Users\\siddh\\OneDrive\\Desktop\\Projects\\waketube\\src\\types.ts": {"path":"C:\\Users\\siddh\\OneDrive\\Desktop\\Projects\\waketube\\src\\types.ts","all":false,"statementMap":{"0":{"start":{"line":1,"column":0},"end":{"line":1,"column":23}},"1":{"start":{"line":2,"column":0},"end":{"line":2,"column":13}},"2":{"start":{"line":3,"column":0},"end":{"line":3,"column":13}},"3":{"start":{"line":4,"column":0},"end":{"line":4,"column":14}},"4":{"start":{"line":5,"column":0},"end":{"line":5,"column":16}},"5":{"start":{"line":6,"column":0},"end":{"line":6,"column":15}},"6":{"start":{"line":7,"column":0},"end":{"line":7,"column":13}},"7":{"start":{"line":8,"column":0},"end":{"line":8,"column":15}},"19":{"start":{"line":20,"column":0},"end":{"line":20,"column":63}},"20":{"start":{"line":21,"column":0},"end":{"line":21,"column":111}}},"s":{"0":1,"1":1,"2":1,"3":1,"4":1,"5":1,"6":1,"7":1,"19":1,"20":1},"branchMap":{"0":{"type":"branch","line":1,"loc":{"start":{"line":1,"column":7},"end":{"line":1,"column":23}},"locations":[{"start":{"line":1,"column":7},"end":{"line":1,"column":23}}]}},"b":{"0":[5]},"fnMap":{},"f":{}}
,"C:\\Users\\siddh\\OneDrive\\Desktop\\Projects\\waketube\\src\\components\\AddAlarmModal.tsx": {"path":"C:\\Users\\siddh\\OneDrive\\Desktop\\Projects\\waketube\\src\\components\\AddAlarmModal.tsx","all":false,"statementMap":{"0":{"start":{"line":1,"column":0},"end":{"line":1,"column":49}},"1":{"start":{"line":2,"column":0},"end":{"line":2,"column":57}},"2":{"start":{"line":3,"column":0},"end":{"line":3,"column":49}},"3":{"start":{"line":4,"column":0},"end":{"line":4,"column":24}},"11":{"start":{"line":12,"column":0},"end":{"line":12,"column":58}},"12":{"start":{"line":13,"column":0},"end":{"line":13,"column":54}},"13":{"start":{"line":14,"column":0},"end":{"line":14,"column":53}},"14":{"start":{"line":15,"column":0},"end":{"line":15,"column":57}},"15":{"start":{"line":16,"column":0},"end":{"line":16,"column":52}},"16":{"start":{"line":17,"column":0},"end":{"line":17,"column":56}},"17":{"start":{"line":18,"column":0},"end":{"line":18,"column":58}},"18":{"start":{"line":19,"column":0},"end":{"line":19,"column":51}},"19":{"start":{"line":20,"column":0},"end":{"line":20,"column":28}},"20":{"start":{"line":21,"column":0},"end":{"line":21,"column":2}},"22":{"start":{"line":23,"column":0},"end":{"line":23,"column":78}},"23":{"start":{"line":24,"column":0},"end":{"line":24,"column":42}},"24":{"start":{"line":25,"column":0},"end":{"line":25,"column":27}},"25":{"start":{"line":26,"column":0},"end":{"line":26,"column":107}},"26":{"start":{"line":27,"column":0},"end":{"line":27,"column":5}},"28":{"start":{"line":29,"column":0},"end":{"line":29,"column":44}},"29":{"start":{"line":30,"column":0},"end":{"line":30,"column":91}},"31":{"start":{"line":32,"column":0},"end":{"line":32,"column":41}},"32":{"start":{"line":33,"column":0},"end":{"line":33,"column":90}},"33":{"start":{"line":34,"column":0},"end":{"line":34,"column":71}},"34":{"start":{"line":35,"column":0},"end":{"line":35,"column":51}},"35":{"start":{"line":36,"column":0},"end":{"line":36,"column":19}},"36":{"start":{"line":37,"column":0},"end":{"line":37,"column":5}},"38":{"start":{"line":39,"column":0},"end":{"line":39,"column":41}},"39":{"start":{"line":40,"column":0},"end":{"line":40,"column":37}},"40":{"start":{"line":41,"column":0},"end":{"line":41,"column":59}},"41":{"start":{"line":42,"column":0},"end":{"line":42,"column":12}},"42":{"start":{"line":43,"column":0},"end":{"line":43,"column":53}},"43":{"start":{"line":44,"column":0},"end":{"line":44,"column":5}},"44":{"start":{"line":45,"column":0},"end":{"line":45,"column":4}},"46":{"start":{"line":47,"column":0},"end":{"line":47,"column":28}},"47":{"start":{"line":48,"column":0},"end":{"line":48,"column":12}},"48":{"start":{"line":49,"column":0},"end":{"line":49,"column":11}},"49":{"start":{"line":50,"column":0},"end":{"line":50,"column":25}},"50":{"start":{"line":51,"column":0},"end":{"line":51,"column":20}},"51":{"start":{"line":52,"column":0},"end":{"line":52,"column":15}},"52":{"start":{"line":53,"column":0},"end":{"line":53,"column":37}},"53":{"start":{"line":54,"column":0},"end":{"line":54,"column":7}},"54":{"start":{"line":55,"column":0},"end":{"line":55,"column":14}},"55":{"start":{"line":56,"column":0},"end":{"line":56,"column":4}},"57":{"start":{"line":58,"column":0},"end":{"line":58,"column":10}},"58":{"start":{"line":59,"column":0},"end":{"line":59,"column":158}},"59":{"start":{"line":60,"column":0},"end":{"line":60,"column":153}},"62":{"start":{"line":63,"column":0},"end":{"line":63,"column":89}},"63":{"start":{"line":64,"column":0},"end":{"line":64,"column":51}},"64":{"start":{"line":65,"column":0},"end":{"line":65,"column":94}},"65":{"start":{"line":66,"column":0},"end":{"line":66,"column":56}},"66":{"start":{"line":67,"column":0},"end":{"line":67,"column":18}},"67":{"start":{"line":68,"column":0},"end":{"line":68,"column":17}},"68":{"start":{"line":69,"column":0},"end":{"line":69,"column":76}},"69":{"start":{"line":70,"column":0},"end":{"line":70,"column":71}},"70":{"start":{"line":71,"column":0},"end":{"line":71,"column":18}},"71":{"start":{"line":72,"column":0},"end":{"line":72,"column":16}},"72":{"start":{"line":73,"column":0},"end":{"line":73,"column":17}},"73":{"start":{"line":74,"column":0},"end":{"line":74,"column":29}},"74":{"start":{"line":75,"column":0},"end":{"line":75,"column":161}},"76":{"start":{"line":77,"column":0},"end":{"line":77,"column":27}},"77":{"start":{"line":78,"column":0},"end":{"line":78,"column":19}},"78":{"start":{"line":79,"column":0},"end":{"line":79,"column":14}},"80":{"start":{"line":81,"column":0},"end":{"line":81,"column":81}},"83":{"start":{"line":84,"column":0},"end":{"line":84,"column":37}},"84":{"start":{"line":85,"column":0},"end":{"line":85,"column":102}},"85":{"start":{"line":86,"column":0},"end":{"line":86,"column":18}},"86":{"start":{"line":87,"column":0},"end":{"line":87,"column":25}},"87":{"start":{"line":88,"column":0},"end":{"line":88,"column":26}},"88":{"start":{"line":89,"column":0},"end":{"line":89,"column":55}},"89":{"start":{"line":90,"column":0},"end":{"line":90,"column":158}},"90":{"start":{"line":91,"column":0},"end":{"line":91,"column":14}},"91":{"start":{"line":92,"column":0},"end":{"line":92,"column":16}},"94":{"start":{"line":95,"column":0},"end":{"line":95,"column":37}},"95":{"start":{"line":96,"column":0},"end":{"line":96,"column":105}},"96":{"start":{"line":97,"column":0},"end":{"line":97,"column":58}},"97":{"start":{"line":98,"column":0},"end":{"line":98,"column":51}},"98":{"start":{"line":99,"column":0},"end":{"line":99,"column":23}},"99":{"start":{"line":100,"column":0},"end":{"line":100,"column":27}},"100":{"start":{"line":101,"column":0},"end":{"line":101,"column":61}},"101":{"start":{"line":102,"column":0},"end":{"line":102,"column":34}},"102":{"start":{"line":103,"column":0},"end":{"line":103,"column":113}},"103":{"start":{"line":104,"column":0},"end":{"line":104,"column":59}},"104":{"start":{"line":105,"column":0},"end":{"line":105,"column":47}},"105":{"start":{"line":106,"column":0},"end":{"line":106,"column":84}},"106":{"start":{"line":107,"column":0},"end":{"line":107,"column":20}},"108":{"start":{"line":109,"column":0},"end":{"line":109,"column":28}},"109":{"start":{"line":110,"column":0},"end":{"line":110,"column":25}},"110":{"start":{"line":111,"column":0},"end":{"line":111,"column":17}},"111":{"start":{"line":112,"column":0},"end":{"line":112,"column":18}},"112":{"start":{"line":113,"column":0},"end":{"line":113,"column":16}},"115":{"start":{"line":116,"column":0},"end":{"line":116,"column":37}},"116":{"start":{"line":117,"column":0},"end":{"line":117,"column":116}},"117":{"start":{"line":118,"column":0},"end":{"line":118,"column":59}},"119":{"start":{"line":120,"column":0},"end":{"line":120,"column":20}},"120":{"start":{"line":121,"column":0},"end":{"line":121,"column":18}},"121":{"start":{"line":122,"column":0},"end":{"line":122,"column":25}},"122":{"start":{"line":123,"column":0},"end":{"line":123,"column":30}},"123":{"start":{"line":124,"column":0},"end":{"line":124,"column":59}},"124":{"start":{"line":125,"column":0},"end":{"line":125,"column":51}},"125":{"start":{"line":126,"column":0},"end":{"line":126,"column":161}},"126":{"start":{"line":127,"column":0},"end":{"line":127,"column":14}},"127":{"start":{"line":128,"column":0},"end":{"line":128,"column":49}},"129":{"start":{"line":130,"column":0},"end":{"line":130,"column":16}},"130":{"start":{"line":131,"column":0},"end":{"line":131,"column":16}},"133":{"start":{"line":134,"column":0},"end":{"line":134,"column":37}},"134":{"start":{"line":135,"column":0},"end":{"line":135,"column":103}},"135":{"start":{"line":136,"column":0},"end":{"line":136,"column":18}},"136":{"start":{"line":137,"column":0},"end":{"line":137,"column":25}},"137":{"start":{"line":138,"column":0},"end":{"line":138,"column":27}},"138":{"start":{"line":139,"column":0},"end":{"line":139,"column":56}},"139":{"start":{"line":140,"column":0},"end":{"line":140,"column":42}},"140":{"start":{"line":141,"column":0},"end":{"line":141,"column":161}},"141":{"start":{"line":142,"column":0},"end":{"line":142,"column":14}},"142":{"start":{"line":143,"column":0},"end":{"line":143,"column":16}},"144":{"start":{"line":145,"column":0},"end":{"line":145,"column":14}},"147":{"start":{"line":148,"column":0},"end":{"line":148,"column":60}},"148":{"start":{"line":149,"column":0},"end":{"line":149,"column":17}},"149":{"start":{"line":150,"column":0},"end":{"line":150,"column":32}},"150":{"start":{"line":151,"column":0},"end":{"line":151,"column":168}},"151":{"start":{"line":152,"column":0},"end":{"line":152,"column":11}},"153":{"start":{"line":154,"column":0},"end":{"line":154,"column":19}},"154":{"start":{"line":155,"column":0},"end":{"line":155,"column":14}},"156":{"start":{"line":157,"column":0},"end":{"line":157,"column":12}},"157":{"start":{"line":158,"column":0},"end":{"line":158,"column":10}},"159":{"start":{"line":160,"column":0},"end":{"line":160,"column":2}},"161":{"start":{"line":162,"column":0},"end":{"line":162,"column":29}}},"s":{"0":1,"1":1,"2":1,"3":1,"11":1,"12":16,"13":16,"14":16,"15":16,"16":16,"17":16,"18":16,"19":0,"20":0,"22":1,"23":17,"24":16,"25":16,"26":17,"28":17,"29":17,"31":17,"32":17,"33":17,"34":16,"35":16,"36":17,"38":17,"39":1,"40":1,"41":1,"42":0,"43":0,"44":1,"46":17,"47":8,"48":8,"49":8,"50":8,"51":8,"52":8,"53":8,"54":8,"55":8,"57":17,"58":17,"59":17,"62":17,"63":17,"64":17,"65":17,"66":17,"67":17,"68":17,"69":17,"70":17,"71":17,"72":17,"73":17,"74":17,"76":17,"77":17,"78":17,"80":17,"83":17,"84":17,"85":17,"86":17,"87":17,"88":17,"89":17,"90":17,"91":17,"94":17,"95":17,"96":17,"97":17,"98":119,"99":119,"100":119,"101":119,"102":119,"103":119,"104":16,"105":103,"106":119,"108":119,"109":119,"110":17,"111":17,"112":17,"115":17,"116":17,"117":17,"119":17,"120":17,"121":17,"122":17,"123":17,"124":17,"125":17,"126":17,"127":17,"129":17,"130":17,"133":17,"134":17,"135":17,"136":17,"137":17,"138":17,"139":17,"140":17,"141":17,"142":17,"144":17,"147":17,"148":17,"149":17,"150":17,"151":17,"153":17,"154":17,"156":17,"157":17,"159":17,"161":1},"branchMap":{"0":{"type":"branch","line":12,"loc":{"start":{"line":12,"column":31},"end":{"line":21,"column":2}},"locations":[{"start":{"line":12,"column":31},"end":{"line":21,"column":2}}]},"1":{"type":"branch","line":13,"loc":{"start":{"line":13,"column":29},"end":{"line":13,"column":54}},"locations":[{"start":{"line":13,"column":29},"end":{"line":13,"column":54}}]},"2":{"type":"branch","line":14,"loc":{"start":{"line":14,"column":29},"end":{"line":14,"column":53}},"locations":[{"start":{"line":14,"column":29},"end":{"line":14,"column":53}}]},"3":{"type":"branch","line":15,"loc":{"start":{"line":15,"column":30},"end":{"line":15,"column":57}},"locations":[{"start":{"line":15,"column":30},"end":{"line":15,"column":57}}]},"4":{"type":"branch","line":16,"loc":{"start":{"line":16,"column":31},"end":{"line":16,"column":52}},"locations":[{"start":{"line":16,"column":31},"end":{"line":16,"column":52}}]},"5":{"type":"branch","line":17,"loc":{"start":{"line":17,"column":31},"end":{"line":17,"column":56}},"locations":[{"start":{"line":17,"column":31},"end":{"line":17,"column":56}}]},"6":{"type":"branch","line":18,"loc":{"start":{"line":18,"column":31},"end":{"line":18,"column":58}},"locations":[{"start":{"line":18,"column":31},"end":{"line":18,"column":58}}]},"7":{"type":"branch","line":19,"loc":{"start":{"line":19,"column":38},"end":{"line":21,"column":2}},"locations":[{"start":{"line":19,"column":38},"end":{"line":21,"column":2}}]},"8":{"type":"branch","line":23,"loc":{"start":{"line":23,"column":52},"end":{"line":160,"column":2}},"locations":[{"start":{"line":23,"column":52},"end":{"line":160,"column":2}}]},"9":{"type":"branch","line":24,"loc":{"start":{"line":24,"column":35},"end":{"line":27,"column":3}},"locations":[{"start":{"line":24,"column":35},"end":{"line":27,"column":3}}]},"10":{"type":"branch","line":30,"loc":{"start":{"line":30,"column":33},"end":{"line":30,"column":76}},"locations":[{"start":{"line":30,"column":33},"end":{"line":30,"column":76}}]},"11":{"type":"branch","line":34,"loc":{"start":{"line":34,"column":64},"end":{"line":37,"column":3}},"locations":[{"start":{"line":34,"column":64},"end":{"line":37,"column":3}}]},"12":{"type":"branch","line":39,"loc":{"start":{"line":39,"column":20},"end":{"line":45,"column":4}},"locations":[{"start":{"line":39,"column":20},"end":{"line":45,"column":4}}]},"13":{"type":"branch","line":42,"loc":{"start":{"line":42,"column":4},"end":{"line":44,"column":5}},"locations":[{"start":{"line":42,"column":4},"end":{"line":44,"column":5}}]},"14":{"type":"branch","line":41,"loc":{"start":{"line":41,"column":42},"end":{"line":41,"column":56}},"locations":[{"start":{"line":41,"column":42},"end":{"line":41,"column":56}}]},"15":{"type":"branch","line":47,"loc":{"start":{"line":47,"column":21},"end":{"line":56,"column":4}},"locations":[{"start":{"line":47,"column":21},"end":{"line":56,"column":4}}]},"16":{"type":"branch","line":98,"loc":{"start":{"line":98,"column":31},"end":{"line":110,"column":25}},"locations":[{"start":{"line":98,"column":31},"end":{"line":110,"column":25}}]},"17":{"type":"branch","line":104,"loc":{"start":{"line":104,"column":58},"end":{"line":105,"column":47}},"locations":[{"start":{"line":104,"column":58},"end":{"line":105,"column":47}}]},"18":{"type":"branch","line":105,"loc":{"start":{"line":105,"column":24},"end":{"line":106,"column":84}},"locations":[{"start":{"line":105,"column":24},"end":{"line":106,"column":84}}]},"19":{"type":"branch","line":101,"loc":{"start":{"line":101,"column":27},"end":{"line":101,"column":61}},"locations":[{"start":{"line":101,"column":27},"end":{"line":101,"column":61}}]}},"b":{"0":[16],"1":[0],"2":[0],"3":[0],"4":[0],"5":[0],"6":[0],"7":[0],"8":[17],"9":[16],"10":[16],"11":[16],"12":[1],"13":[0],"14":[1],"15":[8],"16":[119],"17":[16],"18":[103],"19":[1]},"fnMap":{"0":{"name":"getTimeBasedSuggestion","decl":{"start":{"line":12,"column":31},"end":{"line":21,"column":2}},"loc":{"start":{"line":12,"column":31},"end":{"line":21,"column":2}},"line":12},"1":{"name":"AddAlarmModal","decl":{"start":{"line":23,"column":52},"end":{"line":160,"column":2}},"loc":{"start":{"line":23,"column":52},"end":{"line":160,"column":2}},"line":23},"2":{"name":"toggleDay","decl":{"start":{"line":39,"column":20},"end":{"line":45,"column":4}},"loc":{"start":{"line":39,"column":20},"end":{"line":45,"column":4}},"line":39},"3":{"name":"handleSave","decl":{"start":{"line":47,"column":21},"end":{"line":56,"column":4}},"loc":{"start":{"line":47,"column":21},"end":{"line":56,"column":4}},"line":47},"4":{"name":"onChange","decl":{"start":{"line":89,"column":24},"end":{"line":89,"column":55}},"loc":{"start":{"line":89,"column":24},"end":{"line":89,"column":55}},"line":89},"5":{"name":"onClick","decl":{"start":{"line":101,"column":27},"end":{"line":101,"column":61}},"loc":{"start":{"line":101,"column":27},"end":{"line":101,"column":61}},"line":101},"6":{"name":"onChange","decl":{"start":{"line":124,"column":24},"end":{"line":124,"column":59}},"loc":{"start":{"line":124,"column":24},"end":{"line":124,"column":59}},"line":124},"7":{"name":"onChange","decl":{"start":{"line":139,"column":24},"end":{"line":139,"column":56}},"loc":{"start":{"line":139,"column":24},"end":{"line":139,"column":56}},"line":139}},"f":{"0":16,"1":17,"2":1,"3":8,"4":0,"5":1,"6":0,"7":0}}
,"C:\\Users\\siddh\\OneDrive\\Desktop\\Projects\\waketube\\src\\components\\AlarmCard.tsx": {"path":"C:\\Users\\siddh\\OneDrive\\Desktop\\Projects\\waketube\\src\\components\\AlarmCard.tsx","all":false,"statementMap":{"1":{"start":{"line":2,"column":0},"end":{"line":2,"column":57}},"2":{"start":{"line":3,"column":0},"end":{"line":3,"column":44}},"3":{"start":{"line":4,"column":0},"end":{"line":4,"column":24}},"11":{"start":{"line":12,"column":0},"end":{"line":12,"column":80}},"12":{"start":{"line":13,"column":0},"end":{"line":13,"column":40}},"13":{"start":{"line":14,"column":0},"end":{"line":14,"column":47}},"14":{"start":{"line":15,"column":0},"end":{"line":15,"column":39}},"15":{"start":{"line":16,"column":0},"end":{"line":16,"column":31}},"16":{"start":{"line":17,"column":0},"end":{"line":17,"column":12}},"17":{"start":{"line":18,"column":0},"end":{"line":18,"column":56}},"18":{"start":{"line":19,"column":0},"end":{"line":19,"column":10}},"19":{"start":{"line":20,"column":0},"end":{"line":20,"column":6}},"20":{"start":{"line":21,"column":0},"end":{"line":21,"column":4}},"22":{"start":{"line":23,"column":0},"end":{"line":23,"column":48}},"24":{"start":{"line":25,"column":0},"end":{"line":25,"column":10}},"25":{"start":{"line":26,"column":0},"end":{"line":26,"column":25}},"26":{"start":{"line":27,"column":0},"end":{"line":27,"column":83}},"27":{"start":{"line":28,"column":0},"end":{"line":28,"column":19}},"28":{"start":{"line":29,"column":0},"end":{"line":29,"column":57}},"29":{"start":{"line":30,"column":0},"end":{"line":30,"column":22}},"30":{"start":{"line":31,"column":0},"end":{"line":31,"column":7}},"32":{"start":{"line":33,"column":0},"end":{"line":33,"column":27}},"33":{"start":{"line":34,"column":0},"end":{"line":34,"column":76}},"34":{"start":{"line":35,"column":0},"end":{"line":35,"column":21}},"35":{"start":{"line":36,"column":0},"end":{"line":36,"column":36}},"36":{"start":{"line":37,"column":0},"end":{"line":37,"column":23}},"37":{"start":{"line":38,"column":0},"end":{"line":38,"column":11}},"39":{"start":{"line":40,"column":0},"end":{"line":40,"column":61}},"40":{"start":{"line":41,"column":0},"end":{"line":41,"column":40}},"41":{"start":{"line":42,"column":0},"end":{"line":42,"column":53}},"42":{"start":{"line":43,"column":0},"end":{"line":43,"column":34}},"43":{"start":{"line":44,"column":0},"end":{"line":44,"column":80}},"44":{"start":{"line":45,"column":0},"end":{"line":45,"column":59}},"45":{"start":{"line":46,"column":0},"end":{"line":46,"column":15}},"46":{"start":{"line":47,"column":0},"end":{"line":47,"column":20}},"47":{"start":{"line":48,"column":0},"end":{"line":48,"column":19}},"48":{"start":{"line":49,"column":0},"end":{"line":49,"column":34}},"49":{"start":{"line":50,"column":0},"end":{"line":50,"column":36}},"50":{"start":{"line":51,"column":0},"end":{"line":51,"column":62}},"51":{"start":{"line":52,"column":0},"end":{"line":52,"column":15}},"52":{"start":{"line":53,"column":0},"end":{"line":53,"column":20}},"53":{"start":{"line":54,"column":0},"end":{"line":54,"column":19}},"54":{"start":{"line":55,"column":0},"end":{"line":55,"column":16}},"55":{"start":{"line":56,"column":0},"end":{"line":56,"column":89}},"56":{"start":{"line":57,"column":0},"end":{"line":57,"column":30}},"57":{"start":{"line":58,"column":0},"end":{"line":58,"column":14}},"58":{"start":{"line":59,"column":0},"end":{"line":59,"column":35}},"59":{"start":{"line":60,"column":0},"end":{"line":60,"column":29}},"60":{"start":{"line":61,"column":0},"end":{"line":61,"column":39}},"61":{"start":{"line":62,"column":0},"end":{"line":62,"column":165}},"62":{"start":{"line":63,"column":0},"end":{"line":63,"column":50}},"64":{"start":{"line":65,"column":0},"end":{"line":65,"column":57}},"65":{"start":{"line":66,"column":0},"end":{"line":66,"column":34}},"66":{"start":{"line":67,"column":0},"end":{"line":67,"column":16}},"68":{"start":{"line":69,"column":0},"end":{"line":69,"column":14}},"70":{"start":{"line":71,"column":0},"end":{"line":71,"column":55}},"72":{"start":{"line":73,"column":0},"end":{"line":73,"column":78}},"73":{"start":{"line":74,"column":0},"end":{"line":74,"column":18}},"74":{"start":{"line":75,"column":0},"end":{"line":75,"column":29}},"75":{"start":{"line":76,"column":0},"end":{"line":76,"column":38}},"76":{"start":{"line":77,"column":0},"end":{"line":77,"column":37}},"77":{"start":{"line":78,"column":0},"end":{"line":78,"column":49}},"78":{"start":{"line":79,"column":0},"end":{"line":79,"column":14}},"79":{"start":{"line":80,"column":0},"end":{"line":80,"column":33}},"80":{"start":{"line":81,"column":0},"end":{"line":81,"column":71}},"81":{"start":{"line":82,"column":0},"end":{"line":82,"column":83}},"82":{"start":{"line":83,"column":0},"end":{"line":83,"column":117}},"83":{"start":{"line":84,"column":0},"end":{"line":84,"column":49}},"84":{"start":{"line":85,"column":0},"end":{"line":85,"column":27}},"85":{"start":{"line":86,"column":0},"end":{"line":86,"column":58}},"86":{"start":{"line":87,"column":0},"end":{"line":87,"column":48}},"87":{"start":{"line":88,"column":0},"end":{"line":88,"column":21}},"88":{"start":{"line":89,"column":0},"end":{"line":89,"column":18}},"90":{"start":{"line":91,"column":0},"end":{"line":91,"column":17}},"91":{"start":{"line":92,"column":0},"end":{"line":92,"column":46}},"92":{"start":{"line":93,"column":0},"end":{"line":93,"column":104}},"94":{"start":{"line":95,"column":0},"end":{"line":95,"column":32}},"95":{"start":{"line":96,"column":0},"end":{"line":96,"column":19}},"96":{"start":{"line":97,"column":0},"end":{"line":97,"column":14}},"97":{"start":{"line":98,"column":0},"end":{"line":98,"column":12}},"100":{"start":{"line":101,"column":0},"end":{"line":101,"column":46}},"101":{"start":{"line":102,"column":0},"end":{"line":102,"column":42}},"102":{"start":{"line":103,"column":0},"end":{"line":103,"column":67}},"103":{"start":{"line":104,"column":0},"end":{"line":104,"column":18}},"104":{"start":{"line":105,"column":0},"end":{"line":105,"column":16}},"105":{"start":{"line":106,"column":0},"end":{"line":106,"column":23}},"106":{"start":{"line":107,"column":0},"end":{"line":107,"column":30}},"107":{"start":{"line":108,"column":0},"end":{"line":108,"column":108}},"108":{"start":{"line":109,"column":0},"end":{"line":109,"column":26}},"109":{"start":{"line":110,"column":0},"end":{"line":110,"column":43}},"110":{"start":{"line":111,"column":0},"end":{"line":111,"column":67}},"111":{"start":{"line":112,"column":0},"end":{"line":112,"column":16}},"113":{"start":{"line":114,"column":0},"end":{"line":114,"column":21}},"114":{"start":{"line":115,"column":0},"end":{"line":115,"column":18}},"116":{"start":{"line":117,"column":0},"end":{"line":117,"column":11}},"117":{"start":{"line":118,"column":0},"end":{"line":118,"column":12}},"118":{"start":{"line":119,"column":0},"end":{"line":119,"column":10}},"120":{"start":{"line":121,"column":0},"end":{"line":121,"column":2}},"122":{"start":{"line":123,"column":0},"end":{"line":123,"column":25}}},"s":{"1":1,"2":1,"3":1,"11":1,"12":21,"13":21,"14":21,"15":21,"16":21,"17":21,"18":21,"19":21,"20":21,"22":21,"24":21,"25":21,"26":21,"27":21,"28":18,"29":3,"30":21,"32":21,"33":21,"34":21,"35":18,"36":3,"37":21,"39":21,"40":21,"41":21,"42":21,"43":21,"44":21,"45":21,"46":21,"47":21,"48":21,"49":21,"50":21,"51":21,"52":21,"53":21,"54":21,"55":21,"56":21,"57":20,"58":20,"59":20,"60":20,"61":20,"62":20,"64":20,"65":20,"66":20,"68":21,"70":21,"72":21,"73":21,"74":21,"75":21,"76":21,"77":21,"78":21,"79":21,"80":21,"81":21,"82":21,"83":21,"84":21,"85":18,"86":3,"87":21,"88":21,"90":21,"91":21,"92":21,"94":21,"95":21,"96":21,"97":21,"100":21,"101":21,"102":147,"103":147,"104":147,"105":147,"106":147,"107":147,"108":147,"109":51,"110":96,"111":147,"113":147,"114":147,"116":21,"117":21,"118":21,"120":21,"122":1},"branchMap":{"0":{"type":"branch","line":12,"loc":{"start":{"line":12,"column":44},"end":{"line":121,"column":2}},"locations":[{"start":{"line":12,"column":44},"end":{"line":121,"column":2}}]},"1":{"type":"branch","line":28,"loc":{"start":{"line":28,"column":12},"end":{"line":29,"column":57}},"locations":[{"start":{"line":28,"column":12},"end":{"line":29,"column":57}}]},"2":{"type":"branch","line":29,"loc":{"start":{"line":29,"column":10},"end":{"line":30,"column":22}},"locations":[{"start":{"line":29,"column":10},"end":{"line":30,"column":22}}]},"3":{"type":"branch","line":35,"loc":{"start":{"line":35,"column":14},"end":{"line":36,"column":36}},"locations":[{"start":{"line":35,"column":14},"end":{"line":36,"column":36}}]},"4":{"type":"branch","line":36,"loc":{"start":{"line":36,"column":12},"end":{"line":37,"column":23}},"locations":[{"start":{"line":36,"column":12},"end":{"line":37,"column":23}}]},"5":{"type":"branch","line":45,"loc":{"start":{"line":45,"column":20},"end":{"line":45,"column":44}},"locations":[{"start":{"line":45,"column":20},"end":{"line":45,"column":44}}]},"6":{"type":"branch","line":45,"loc":{"start":{"line":45,"column":30},"end":{"line":45,"column":59}},"locations":[{"start":{"line":45,"column":30},"end":{"line":45,"column":59}}]},"7":{"type":"branch","line":51,"loc":{"start":{"line":51,"column":20},"end":{"line":51,"column":47}},"locations":[{"start":{"line":51,"column":20},"end":{"line":51,"column":47}}]},"8":{"type":"branch","line":51,"loc":{"start":{"line":51,"column":30},"end":{"line":51,"column":62}},"locations":[{"start":{"line":51,"column":30},"end":{"line":51,"column":62}}]},"9":{"type":"branch","line":56,"loc":{"start":{"line":56,"column":68},"end":{"line":56,"column":85}},"locations":[{"start":{"line":56,"column":68},"end":{"line":56,"column":85}}]},"10":{"type":"branch","line":57,"loc":{"start":{"line":57,"column":17},"end":{"line":67,"column":16}},"locations":[{"start":{"line":57,"column":17},"end":{"line":67,"column":16}}]},"11":{"type":"branch","line":85,"loc":{"start":{"line":85,"column":20},"end":{"line":86,"column":58}},"locations":[{"start":{"line":85,"column":20},"end":{"line":86,"column":58}}]},"12":{"type":"branch","line":86,"loc":{"start":{"line":86,"column":18},"end":{"line":87,"column":48}},"locations":[{"start":{"line":86,"column":18},"end":{"line":87,"column":48}}]},"13":{"type":"branch","line":13,"loc":{"start":{"line":13,"column":21},"end":{"line":21,"column":4}},"locations":[{"start":{"line":13,"column":21},"end":{"line":21,"column":4}}]},"14":{"type":"branch","line":15,"loc":{"start":{"line":15,"column":22},"end":{"line":15,"column":34}},"locations":[{"start":{"line":15,"column":22},"end":{"line":15,"column":34}}]},"15":{"type":"branch","line":15,"loc":{"start":{"line":15,"column":27},"end":{"line":15,"column":39}},"locations":[{"start":{"line":15,"column":27},"end":{"line":15,"column":39}}]},"16":{"type":"branch","line":16,"loc":{"start":{"line":16,"column":22},"end":{"line":16,"column":31}},"locations":[{"start":{"line":16,"column":22},"end":{"line":16,"column":31}}]},"17":{"type":"branch","line":78,"loc":{"start":{"line":78,"column":24},"end":{"line":78,"column":49}},"locations":[{"start":{"line":78,"column":24},"end":{"line":78,"column":49}}]},"18":{"type":"branch","line":92,"loc":{"start":{"line":92,"column":21},"end":{"line":92,"column":46}},"locations":[{"start":{"line":92,"column":21},"end":{"line":92,"column":46}}]},"19":{"type":"branch","line":102,"loc":{"start":{"line":102,"column":25},"end":{"line":117,"column":9}},"locations":[{"start":{"line":102,"column":25},"end":{"line":117,"column":9}}]},"20":{"type":"branch","line":109,"loc":{"start":{"line":109,"column":16},"end":{"line":110,"column":43}},"locations":[{"start":{"line":109,"column":16},"end":{"line":110,"column":43}}]},"21":{"type":"branch","line":110,"loc":{"start":{"line":110,"column":20},"end":{"line":111,"column":67}},"locations":[{"start":{"line":110,"column":20},"end":{"line":111,"column":67}}]}},"b":{"0":[21],"1":[18],"2":[3],"3":[18],"4":[3],"5":[18],"6":[3],"7":[18],"8":[3],"9":[1],"10":[20],"11":[18],"12":[3],"13":[21],"14":[8],"15":[13],"16":[2],"17":[2],"18":[2],"19":[147],"20":[51],"21":[96]},"fnMap":{"0":{"name":"AlarmCard","decl":{"start":{"line":12,"column":44},"end":{"line":121,"column":2}},"loc":{"start":{"line":12,"column":44},"end":{"line":121,"column":2}},"line":12},"1":{"name":"formatTime","decl":{"start":{"line":13,"column":21},"end":{"line":21,"column":4}},"loc":{"start":{"line":13,"column":21},"end":{"line":21,"column":4}},"line":13},"2":{"name":"onClick","decl":{"start":{"line":63,"column":23},"end":{"line":63,"column":50}},"loc":{"start":{"line":63,"column":23},"end":{"line":63,"column":50}},"line":63},"3":{"name":"onChange","decl":{"start":{"line":78,"column":24},"end":{"line":78,"column":49}},"loc":{"start":{"line":78,"column":24},"end":{"line":78,"column":49}},"line":78},"4":{"name":"onClick","decl":{"start":{"line":92,"column":21},"end":{"line":92,"column":46}},"loc":{"start":{"line":92,"column":21},"end":{"line":92,"column":46}},"line":92}},"f":{"0":21,"1":21,"2":0,"3":2,"4":2}}
,"C:\\Users\\siddh\\OneDrive\\Desktop\\Projects\\waketube\\src\\components\\AlarmTrigger.tsx": {"path":"C:\\Users\\siddh\\OneDrive\\Desktop\\Projects\\waketube\\src\\components\\AlarmTrigger.tsx","all":false,"statementMap":{"0":{"start":{"line":1,"column":0},"end":{"line":1,"column":68}},"2":{"start":{"line":3,"column":0},"end":{"line":3,"column":82}},"10":{"start":{"line":11,"column":0},"end":{"line":11,"column":59}},"11":{"start":{"line":12,"column":0},"end":{"line":12,"column":80}},"12":{"start":{"line":13,"column":0},"end":{"line":13,"column":34}},"13":{"start":{"line":14,"column":0},"end":{"line":14,"column":61}},"14":{"start":{"line":15,"column":0},"end":{"line":15,"column":2}},"16":{"start":{"line":17,"column":0},"end":{"line":17,"column":77}},"17":{"start":{"line":18,"column":0},"end":{"line":18,"column":54}},"18":{"start":{"line":19,"column":0},"end":{"line":19,"column":44}},"19":{"start":{"line":20,"column":0},"end":{"line":20,"column":51}},"20":{"start":{"line":21,"column":0},"end":{"line":21,"column":52}},"23":{"start":{"line":24,"column":0},"end":{"line":24,"column":33}},"24":{"start":{"line":25,"column":0},"end":{"line":25,"column":55}},"25":{"start":{"line":26,"column":0},"end":{"line":26,"column":60}},"26":{"start":{"line":27,"column":0},"end":{"line":27,"column":23}},"29":{"start":{"line":30,"column":0},"end":{"line":30,"column":19}},"30":{"start":{"line":31,"column":0},"end":{"line":31,"column":62}},"31":{"start":{"line":32,"column":0},"end":{"line":32,"column":37}},"32":{"start":{"line":33,"column":0},"end":{"line":33,"column":9}},"35":{"start":{"line":36,"column":0},"end":{"line":36,"column":19}},"36":{"start":{"line":37,"column":0},"end":{"line":37,"column":25}},"38":{"start":{"line":39,"column":0},"end":{"line":39,"column":39}},"39":{"start":{"line":40,"column":0},"end":{"line":40,"column":22}},"40":{"start":{"line":41,"column":0},"end":{"line":41,"column":21}},"41":{"start":{"line":42,"column":0},"end":{"line":42,"column":7}},"42":{"start":{"line":43,"column":0},"end":{"line":43,"column":6}},"45":{"start":{"line":46,"column":0},"end":{"line":46,"column":58}},"46":{"start":{"line":47,"column":0},"end":{"line":47,"column":28}},"47":{"start":{"line":48,"column":0},"end":{"line":48,"column":13}},"48":{"start":{"line":49,"column":0},"end":{"line":49,"column":5}},"51":{"start":{"line":52,"column":0},"end":{"line":52,"column":49}},"52":{"start":{"line":53,"column":0},"end":{"line":53,"column":51}},"53":{"start":{"line":54,"column":0},"end":{"line":54,"column":70}},"54":{"start":{"line":55,"column":0},"end":{"line":55,"column":65}},"57":{"start":{"line":58,"column":0},"end":{"line":58,"column":53}},"58":{"start":{"line":59,"column":0},"end":{"line":59,"column":28}},"59":{"start":{"line":60,"column":0},"end":{"line":60,"column":6}},"61":{"start":{"line":62,"column":0},"end":{"line":62,"column":18}},"62":{"start":{"line":63,"column":0},"end":{"line":63,"column":24}},"63":{"start":{"line":64,"column":0},"end":{"line":64,"column":30}},"64":{"start":{"line":65,"column":0},"end":{"line":65,"column":36}},"65":{"start":{"line":66,"column":0},"end":{"line":66,"column":7}},"66":{"start":{"line":67,"column":0},"end":{"line":67,"column":6}},"67":{"start":{"line":68,"column":0},"end":{"line":68,"column":9}},"69":{"start":{"line":70,"column":0},"end":{"line":70,"column":28}},"70":{"start":{"line":71,"column":0},"end":{"line":71,"column":38}},"72":{"start":{"line":73,"column":0},"end":{"line":73,"column":77}},"73":{"start":{"line":74,"column":0},"end":{"line":74,"column":23}},"74":{"start":{"line":75,"column":0},"end":{"line":75,"column":19}},"75":{"start":{"line":76,"column":0},"end":{"line":76,"column":20}},"76":{"start":{"line":77,"column":0},"end":{"line":77,"column":16}},"77":{"start":{"line":78,"column":0},"end":{"line":78,"column":26}},"78":{"start":{"line":79,"column":0},"end":{"line":79,"column":20}},"79":{"start":{"line":80,"column":0},"end":{"line":80,"column":20}},"80":{"start":{"line":81,"column":0},"end":{"line":81,"column":15}},"81":{"start":{"line":82,"column":0},"end":{"line":82,"column":26}},"82":{"start":{"line":83,"column":0},"end":{"line":83,"column":23}},"83":{"start":{"line":84,"column":0},"end":{"line":84,"column":16}},"84":{"start":{"line":85,"column":0},"end":{"line":85,"column":39}},"85":{"start":{"line":86,"column":0},"end":{"line":86,"column":8}},"86":{"start":{"line":87,"column":0},"end":{"line":87,"column":15}},"87":{"start":{"line":88,"column":0},"end":{"line":88,"column":34}},"88":{"start":{"line":89,"column":0},"end":{"line":89,"column":47}},"89":{"start":{"line":90,"column":0},"end":{"line":90,"column":35}},"90":{"start":{"line":91,"column":0},"end":{"line":91,"column":10}},"91":{"start":{"line":92,"column":0},"end":{"line":92,"column":34}},"92":{"start":{"line":93,"column":0},"end":{"line":93,"column":61}},"93":{"start":{"line":94,"column":0},"end":{"line":94,"column":9}},"94":{"start":{"line":95,"column":0},"end":{"line":95,"column":7}},"95":{"start":{"line":96,"column":0},"end":{"line":96,"column":7}},"96":{"start":{"line":97,"column":0},"end":{"line":97,"column":4}},"99":{"start":{"line":100,"column":0},"end":{"line":100,"column":19}},"100":{"start":{"line":101,"column":0},"end":{"line":101,"column":59}},"101":{"start":{"line":102,"column":0},"end":{"line":102,"column":48}},"102":{"start":{"line":103,"column":0},"end":{"line":103,"column":5}},"103":{"start":{"line":104,"column":0},"end":{"line":104,"column":15}},"105":{"start":{"line":106,"column":0},"end":{"line":106,"column":31}},"106":{"start":{"line":107,"column":0},"end":{"line":107,"column":77}},"107":{"start":{"line":108,"column":0},"end":{"line":108,"column":74}},"108":{"start":{"line":109,"column":0},"end":{"line":109,"column":72}},"109":{"start":{"line":110,"column":0},"end":{"line":110,"column":4}},"111":{"start":{"line":112,"column":0},"end":{"line":112,"column":10}},"112":{"start":{"line":113,"column":0},"end":{"line":113,"column":107}},"115":{"start":{"line":116,"column":0},"end":{"line":116,"column":44}},"117":{"start":{"line":118,"column":0},"end":{"line":118,"column":64}},"118":{"start":{"line":119,"column":0},"end":{"line":119,"column":14}},"119":{"start":{"line":120,"column":0},"end":{"line":120,"column":30}},"120":{"start":{"line":121,"column":0},"end":{"line":121,"column":32}},"121":{"start":{"line":122,"column":0},"end":{"line":122,"column":20}},"122":{"start":{"line":123,"column":0},"end":{"line":123,"column":28}},"123":{"start":{"line":124,"column":0},"end":{"line":124,"column":29}},"124":{"start":{"line":125,"column":0},"end":{"line":125,"column":26}},"125":{"start":{"line":126,"column":0},"end":{"line":126,"column":27}},"126":{"start":{"line":127,"column":0},"end":{"line":127,"column":14}},"127":{"start":{"line":128,"column":0},"end":{"line":128,"column":12}},"128":{"start":{"line":129,"column":0},"end":{"line":129,"column":14}},"129":{"start":{"line":130,"column":0},"end":{"line":130,"column":12}},"132":{"start":{"line":133,"column":0},"end":{"line":133,"column":80}},"135":{"start":{"line":136,"column":0},"end":{"line":136,"column":139}},"138":{"start":{"line":139,"column":0},"end":{"line":139,"column":35}},"139":{"start":{"line":140,"column":0},"end":{"line":140,"column":116}},"141":{"start":{"line":142,"column":0},"end":{"line":142,"column":15}},"142":{"start":{"line":143,"column":0},"end":{"line":143,"column":109}},"143":{"start":{"line":144,"column":0},"end":{"line":144,"column":25}},"144":{"start":{"line":145,"column":0},"end":{"line":145,"column":14}},"145":{"start":{"line":146,"column":0},"end":{"line":146,"column":14}},"148":{"start":{"line":149,"column":0},"end":{"line":149,"column":143}},"149":{"start":{"line":150,"column":0},"end":{"line":150,"column":51}},"150":{"start":{"line":151,"column":0},"end":{"line":151,"column":49}},"151":{"start":{"line":152,"column":0},"end":{"line":152,"column":31}},"152":{"start":{"line":153,"column":0},"end":{"line":153,"column":18}},"153":{"start":{"line":154,"column":0},"end":{"line":154,"column":18}},"154":{"start":{"line":155,"column":0},"end":{"line":155,"column":26}},"155":{"start":{"line":156,"column":0},"end":{"line":156,"column":21}},"156":{"start":{"line":157,"column":0},"end":{"line":157,"column":21}},"157":{"start":{"line":158,"column":0},"end":{"line":158,"column":25}},"158":{"start":{"line":159,"column":0},"end":{"line":159,"column":28}},"159":{"start":{"line":160,"column":0},"end":{"line":160,"column":69}},"160":{"start":{"line":161,"column":0},"end":{"line":161,"column":142}},"161":{"start":{"line":162,"column":0},"end":{"line":162,"column":14}},"162":{"start":{"line":163,"column":0},"end":{"line":163,"column":77}},"163":{"start":{"line":164,"column":0},"end":{"line":164,"column":41}},"164":{"start":{"line":165,"column":0},"end":{"line":165,"column":19}},"165":{"start":{"line":166,"column":0},"end":{"line":166,"column":16}},"166":{"start":{"line":167,"column":0},"end":{"line":167,"column":14}},"169":{"start":{"line":170,"column":0},"end":{"line":170,"column":75}},"170":{"start":{"line":171,"column":0},"end":{"line":171,"column":25}},"171":{"start":{"line":172,"column":0},"end":{"line":172,"column":19}},"172":{"start":{"line":173,"column":0},"end":{"line":173,"column":33}},"173":{"start":{"line":174,"column":0},"end":{"line":174,"column":373}},"175":{"start":{"line":176,"column":0},"end":{"line":176,"column":97}},"176":{"start":{"line":177,"column":0},"end":{"line":177,"column":34}},"177":{"start":{"line":178,"column":0},"end":{"line":178,"column":21}},"179":{"start":{"line":180,"column":0},"end":{"line":180,"column":90}},"180":{"start":{"line":181,"column":0},"end":{"line":181,"column":60}},"181":{"start":{"line":182,"column":0},"end":{"line":182,"column":90}},"182":{"start":{"line":183,"column":0},"end":{"line":183,"column":18}},"184":{"start":{"line":185,"column":0},"end":{"line":185,"column":14}},"187":{"start":{"line":188,"column":0},"end":{"line":188,"column":154}},"188":{"start":{"line":189,"column":0},"end":{"line":189,"column":35}},"189":{"start":{"line":190,"column":0},"end":{"line":190,"column":76}},"190":{"start":{"line":191,"column":0},"end":{"line":191,"column":14}},"191":{"start":{"line":192,"column":0},"end":{"line":192,"column":12}},"192":{"start":{"line":193,"column":0},"end":{"line":193,"column":10}},"194":{"start":{"line":195,"column":0},"end":{"line":195,"column":2}},"196":{"start":{"line":197,"column":0},"end":{"line":197,"column":28}}},"s":{"0":1,"2":1,"10":1,"11":18,"12":18,"13":18,"14":18,"16":1,"17":20,"18":20,"19":20,"20":20,"23":20,"24":18,"25":18,"26":20,"29":20,"30":18,"31":18,"32":20,"35":20,"36":18,"38":18,"39":18,"40":18,"41":18,"42":18,"45":18,"46":18,"47":18,"48":18,"51":0,"52":0,"53":0,"54":18,"57":18,"58":0,"59":0,"61":18,"62":0,"63":0,"64":0,"65":0,"66":0,"67":20,"69":20,"70":18,"72":18,"73":18,"74":18,"75":18,"76":18,"77":18,"78":18,"79":18,"80":18,"81":18,"82":18,"83":18,"84":18,"85":18,"86":18,"87":18,"88":14,"89":14,"90":14,"91":18,"92":0,"93":0,"94":18,"95":18,"96":18,"99":20,"100":18,"101":18,"102":18,"103":20,"105":20,"106":20,"107":20,"108":20,"109":20,"111":20,"112":20,"115":20,"117":20,"118":20,"119":20,"120":20,"121":20,"122":20,"123":20,"124":20,"125":20,"126":20,"127":20,"128":20,"129":20,"132":20,"135":20,"138":20,"139":20,"141":20,"142":20,"143":20,"144":20,"145":20,"148":20,"149":20,"150":20,"151":20,"152":20,"153":20,"154":20,"155":20,"156":20,"157":20,"158":20,"159":20,"160":20,"161":20,"162":20,"163":20,"164":20,"165":20,"166":20,"169":20,"170":20,"171":2,"172":2,"173":2,"175":2,"176":2,"177":2,"179":18,"180":18,"181":18,"182":18,"184":20,"187":20,"188":20,"189":20,"190":20,"191":20,"192":20,"194":20,"196":1},"branchMap":{"0":{"type":"branch","line":11,"loc":{"start":{"line":11,"column":26},"end":{"line":15,"column":2}},"locations":[{"start":{"line":11,"column":26},"end":{"line":15,"column":2}}]},"1":{"type":"branch","line":14,"loc":{"start":{"line":14,"column":10},"end":{"line":14,"column":45}},"locations":[{"start":{"line":14,"column":10},"end":{"line":14,"column":45}}]},"2":{"type":"branch","line":14,"loc":{"start":{"line":14,"column":39},"end":{"line":14,"column":56}},"locations":[{"start":{"line":14,"column":39},"end":{"line":14,"column":56}}]},"3":{"type":"branch","line":14,"loc":{"start":{"line":14,"column":52},"end":{"line":14,"column":61}},"locations":[{"start":{"line":14,"column":52},"end":{"line":14,"column":61}}]},"4":{"type":"branch","line":17,"loc":{"start":{"line":17,"column":50},"end":{"line":195,"column":2}},"locations":[{"start":{"line":17,"column":50},"end":{"line":195,"column":2}}]},"5":{"type":"branch","line":171,"loc":{"start":{"line":171,"column":11},"end":{"line":178,"column":21}},"locations":[{"start":{"line":171,"column":11},"end":{"line":178,"column":21}}]},"6":{"type":"branch","line":178,"loc":{"start":{"line":178,"column":12},"end":{"line":183,"column":18}},"locations":[{"start":{"line":178,"column":12},"end":{"line":183,"column":18}}]},"7":{"type":"branch","line":24,"loc":{"start":{"line":24,"column":26},"end":{"line":27,"column":5}},"locations":[{"start":{"line":24,"column":26},"end":{"line":27,"column":5}}]},"8":{"type":"branch","line":25,"loc":{"start":{"line":25,"column":39},"end":{"line":25,"column":53}},"locations":[{"start":{"line":25,"column":39},"end":{"line":25,"column":53}}]},"9":{"type":"branch","line":26,"loc":{"start":{"line":26,"column":11},"end":{"line":26,"column":60}},"locations":[{"start":{"line":26,"column":11},"end":{"line":26,"column":60}}]},"10":{"type":"branch","line":30,"loc":{"start":{"line":30,"column":12},"end":{"line":33,"column":5}},"locations":[{"start":{"line":30,"column":12},"end":{"line":33,"column":5}}]},"11":{"type":"branch","line":31,"loc":{"start":{"line":31,"column":29},"end":{"line":31,"column":56}},"locations":[{"start":{"line":31,"column":29},"end":{"line":31,"column":56}}]},"12":{"type":"branch","line":32,"loc":{"start":{"line":32,"column":11},"end":{"line":32,"column":37}},"locations":[{"start":{"line":32,"column":11},"end":{"line":32,"column":37}}]},"13":{"type":"branch","line":36,"loc":{"start":{"line":36,"column":12},"end":{"line":68,"column":5}},"locations":[{"start":{"line":36,"column":12},"end":{"line":68,"column":5}}]},"14":{"type":"branch","line":49,"loc":{"start":{"line":49,"column":4},"end":{"line":55,"column":44}},"locations":[{"start":{"line":49,"column":4},"end":{"line":55,"column":44}}]},"15":{"type":"branch","line":39,"loc":{"start":{"line":39,"column":32},"end":{"line":43,"column":6}},"locations":[{"start":{"line":39,"column":32},"end":{"line":43,"column":6}}]},"16":{"type":"branch","line":70,"loc":{"start":{"line":70,"column":21},"end":{"line":97,"column":4}},"locations":[{"start":{"line":70,"column":21},"end":{"line":97,"column":4}}]},"17":{"type":"branch","line":71,"loc":{"start":{"line":71,"column":31},"end":{"line":71,"column":38}},"locations":[{"start":{"line":71,"column":31},"end":{"line":71,"column":38}}]},"18":{"type":"branch","line":88,"loc":{"start":{"line":88,"column":17},"end":{"line":91,"column":10}},"locations":[{"start":{"line":88,"column":17},"end":{"line":91,"column":10}}]},"19":{"type":"branch","line":100,"loc":{"start":{"line":100,"column":12},"end":{"line":104,"column":5}},"locations":[{"start":{"line":100,"column":12},"end":{"line":104,"column":5}}]},"20":{"type":"branch","line":106,"loc":{"start":{"line":106,"column":24},"end":{"line":110,"column":4}},"locations":[{"start":{"line":106,"column":24},"end":{"line":110,"column":4}}]},"21":{"type":"branch","line":107,"loc":{"start":{"line":107,"column":22},"end":{"line":107,"column":77}},"locations":[{"start":{"line":107,"column":22},"end":{"line":107,"column":77}}]},"22":{"type":"branch","line":108,"loc":{"start":{"line":108,"column":22},"end":{"line":108,"column":74}},"locations":[{"start":{"line":108,"column":22},"end":{"line":108,"column":74}}]}},"b":{"0":[18],"1":[16],"2":[16],"3":[2],"4":[20],"5":[2],"6":[18],"7":[18],"8":[1],"9":[2],"10":[18],"11":[2],"12":[18],"13":[18],"14":[0],"15":[18],"16":[18],"17":[0],"18":[14],"19":[18],"20":[20],"21":[0],"22":[0]},"fnMap":{"0":{"name":"getYouTubeVideoId","decl":{"start":{"line":11,"column":26},"end":{"line":15,"column":2}},"loc":{"start":{"line":11,"column":26},"end":{"line":15,"column":2}},"line":11},"1":{"name":"AlarmTrigger","decl":{"start":{"line":17,"column":50},"end":{"line":195,"column":2}},"loc":{"start":{"line":17,"column":50},"end":{"line":195,"column":2}},"line":17},"2":{"name":"initPlayerIfMounted","decl":{"start":{"line":39,"column":32},"end":{"line":43,"column":6}},"loc":{"start":{"line":39,"column":32},"end":{"line":43,"column":6}},"line":39},"3":{"name":"window.onYouTubeIframeAPIReady","decl":{"start":{"line":58,"column":46},"end":{"line":60,"column":6}},"loc":{"start":{"line":58,"column":46},"end":{"line":60,"column":6}},"line":58},"4":{"name":"initPlayer","decl":{"start":{"line":70,"column":21},"end":{"line":97,"column":4}},"loc":{"start":{"line":70,"column":21},"end":{"line":97,"column":4}},"line":70},"5":{"name":"onReady","decl":{"start":{"line":88,"column":17},"end":{"line":91,"column":10}},"loc":{"start":{"line":88,"column":17},"end":{"line":91,"column":10}},"line":88},"6":{"name":"onError","decl":{"start":{"line":92,"column":17},"end":{"line":94,"column":9}},"loc":{"start":{"line":92,"column":17},"end":{"line":94,"column":9}},"line":92},"7":{"name":"getVolumeIcon","decl":{"start":{"line":106,"column":24},"end":{"line":110,"column":4}},"loc":{"start":{"line":106,"column":24},"end":{"line":110,"column":4}},"line":106},"8":{"name":"onChange","decl":{"start":{"line":160,"column":24},"end":{"line":160,"column":69}},"loc":{"start":{"line":160,"column":24},"end":{"line":160,"column":69}},"line":160}},"f":{"0":18,"1":20,"2":18,"3":0,"4":18,"5":14,"6":0,"7":20,"8":0}}
,"C:\\Users\\siddh\\OneDrive\\Desktop\\Projects\\waketube\\src\\components\\WakeTubeIcon.tsx": {"path":"C:\\Users\\siddh\\OneDrive\\Desktop\\Projects\\waketube\\src\\components\\WakeTubeIcon.tsx","all":false,"statementMap":{"2":{"start":{"line":3,"column":0},"end":{"line":3,"column":82}},"3":{"start":{"line":4,"column":0},"end":{"line":4,"column":6}},"4":{"start":{"line":5,"column":0},"end":{"line":5,"column":23}},"5":{"start":{"line":6,"column":0},"end":{"line":6,"column":15}},"6":{"start":{"line":7,"column":0},"end":{"line":7,"column":38}},"7":{"start":{"line":8,"column":0},"end":{"line":8,"column":25}},"10":{"start":{"line":11,"column":0},"end":{"line":11,"column":74}},"13":{"start":{"line":14,"column":0},"end":{"line":14,"column":9}},"14":{"start":{"line":15,"column":0},"end":{"line":15,"column":32}},"15":{"start":{"line":16,"column":0},"end":{"line":16,"column":18}},"16":{"start":{"line":17,"column":0},"end":{"line":17,"column":20}},"17":{"start":{"line":18,"column":0},"end":{"line":18,"column":23}},"18":{"start":{"line":19,"column":0},"end":{"line":19,"column":28}},"19":{"start":{"line":20,"column":0},"end":{"line":20,"column":6}},"22":{"start":{"line":23,"column":0},"end":{"line":23,"column":111}},"23":{"start":{"line":24,"column":0},"end":{"line":24,"column":114}},"24":{"start":{"line":25,"column":0},"end":{"line":25,"column":97}},"26":{"start":{"line":27,"column":0},"end":{"line":27,"column":10}},"27":{"start":{"line":28,"column":0},"end":{"line":28,"column":106}},"28":{"start":{"line":29,"column":0},"end":{"line":29,"column":56}},"29":{"start":{"line":30,"column":0},"end":{"line":30,"column":68}},"30":{"start":{"line":31,"column":0},"end":{"line":31,"column":23}},"31":{"start":{"line":32,"column":0},"end":{"line":32,"column":11}},"32":{"start":{"line":33,"column":0},"end":{"line":33,"column":8}},"35":{"start":{"line":36,"column":0},"end":{"line":36,"column":28}}},"s":{"2":1,"3":38,"4":38,"5":38,"6":38,"7":38,"10":38,"13":38,"14":38,"15":38,"16":38,"17":38,"18":38,"19":38,"22":38,"23":38,"24":38,"26":38,"27":38,"28":38,"29":38,"30":38,"31":38,"32":38,"35":1},"branchMap":{"0":{"type":"branch","line":3,"loc":{"start":{"line":3,"column":62},"end":{"line":33,"column":8}},"locations":[{"start":{"line":3,"column":62},"end":{"line":33,"column":8}}]}},"b":{"0":[38]},"fnMap":{"0":{"name":"WakeTubeIcon","decl":{"start":{"line":3,"column":62},"end":{"line":33,"column":8}},"loc":{"start":{"line":3,"column":62},"end":{"line":33,"column":8}},"line":3}},"f":{"0":38}}
}
