{"C:\\Users\\siddh\\OneDrive\\Desktop\\Projects\\waketube\\src\\App.tsx": {"path":"C:\\Users\\siddh\\OneDrive\\Desktop\\Projects\\waketube\\src\\App.tsx","all":false,"statementMap":{"0":{"start":{"line":1,"column":0},"end":{"line":1,"column":51}},"1":{"start":{"line":2,"column":0},"end":{"line":2,"column":89}},"3":{"start":{"line":4,"column":0},"end":{"line":4,"column":47}},"4":{"start":{"line":5,"column":0},"end":{"line":5,"column":55}},"5":{"start":{"line":6,"column":0},"end":{"line":6,"column":53}},"6":{"start":{"line":7,"column":0},"end":{"line":7,"column":53}},"7":{"start":{"line":8,"column":0},"end":{"line":8,"column":36}},"9":{"start":{"line":10,"column":0},"end":{"line":10,"column":34}},"11":{"start":{"line":12,"column":0},"end":{"line":12,"column":29}},"12":{"start":{"line":13,"column":0},"end":{"line":13,"column":55}},"13":{"start":{"line":14,"column":0},"end":{"line":14,"column":58}},"14":{"start":{"line":15,"column":0},"end":{"line":15,"column":42}},"15":{"start":{"line":16,"column":0},"end":{"line":16,"column":5}},"17":{"start":{"line":18,"column":0},"end":{"line":18,"column":62}},"18":{"start":{"line":19,"column":0},"end":{"line":19,"column":64}},"19":{"start":{"line":20,"column":0},"end":{"line":20,"column":61}},"22":{"start":{"line":23,"column":0},"end":{"line":23,"column":62}},"23":{"start":{"line":24,"column":0},"end":{"line":24,"column":62}},"24":{"start":{"line":25,"column":0},"end":{"line":25,"column":54}},"25":{"start":{"line":26,"column":0},"end":{"line":26,"column":5}},"28":{"start":{"line":29,"column":0},"end":{"line":29,"column":79}},"31":{"start":{"line":32,"column":0},"end":{"line":32,"column":19}},"32":{"start":{"line":33,"column":0},"end":{"line":33,"column":68}},"33":{"start":{"line":34,"column":0},"end":{"line":34,"column":15}},"36":{"start":{"line":37,"column":0},"end":{"line":37,"column":19}},"37":{"start":{"line":38,"column":0},"end":{"line":38,"column":42}},"38":{"start":{"line":39,"column":0},"end":{"line":39,"column":27}},"39":{"start":{"line":40,"column":0},"end":{"line":40,"column":33}},"40":{"start":{"line":41,"column":0},"end":{"line":41,"column":12}},"41":{"start":{"line":42,"column":0},"end":{"line":42,"column":36}},"42":{"start":{"line":43,"column":0},"end":{"line":43,"column":5}},"43":{"start":{"line":44,"column":0},"end":{"line":44,"column":50}},"44":{"start":{"line":45,"column":0},"end":{"line":45,"column":14}},"46":{"start":{"line":47,"column":0},"end":{"line":47,"column":29}},"47":{"start":{"line":48,"column":0},"end":{"line":48,"column":57}},"48":{"start":{"line":49,"column":0},"end":{"line":49,"column":4}},"51":{"start":{"line":52,"column":0},"end":{"line":52,"column":19}},"52":{"start":{"line":53,"column":0},"end":{"line":53,"column":41}},"53":{"start":{"line":54,"column":0},"end":{"line":54,"column":38}},"55":{"start":{"line":56,"column":0},"end":{"line":56,"column":11}},"56":{"start":{"line":57,"column":0},"end":{"line":57,"column":51}},"57":{"start":{"line":58,"column":0},"end":{"line":58,"column":49}},"58":{"start":{"line":59,"column":0},"end":{"line":59,"column":26}},"59":{"start":{"line":60,"column":0},"end":{"line":60,"column":38}},"60":{"start":{"line":61,"column":0},"end":{"line":61,"column":99}},"62":{"start":{"line":63,"column":0},"end":{"line":63,"column":28}},"63":{"start":{"line":64,"column":0},"end":{"line":64,"column":17}},"64":{"start":{"line":65,"column":0},"end":{"line":65,"column":9}},"66":{"start":{"line":67,"column":0},"end":{"line":67,"column":40}},"67":{"start":{"line":68,"column":0},"end":{"line":68,"column":57}},"68":{"start":{"line":69,"column":0},"end":{"line":69,"column":9}},"69":{"start":{"line":70,"column":0},"end":{"line":70,"column":7}},"70":{"start":{"line":71,"column":0},"end":{"line":71,"column":6}},"72":{"start":{"line":73,"column":0},"end":{"line":73,"column":22}},"74":{"start":{"line":75,"column":0},"end":{"line":75,"column":42}},"75":{"start":{"line":76,"column":0},"end":{"line":76,"column":51}},"76":{"start":{"line":77,"column":0},"end":{"line":77,"column":26}},"77":{"start":{"line":78,"column":0},"end":{"line":78,"column":7}},"78":{"start":{"line":79,"column":0},"end":{"line":79,"column":6}},"80":{"start":{"line":81,"column":0},"end":{"line":81,"column":74}},"81":{"start":{"line":82,"column":0},"end":{"line":82,"column":90}},"82":{"start":{"line":83,"column":0},"end":{"line":83,"column":9}},"85":{"start":{"line":86,"column":0},"end":{"line":86,"column":19}},"86":{"start":{"line":87,"column":0},"end":{"line":87,"column":37}},"87":{"start":{"line":88,"column":0},"end":{"line":88,"column":29}},"88":{"start":{"line":89,"column":0},"end":{"line":89,"column":26}},"90":{"start":{"line":91,"column":0},"end":{"line":91,"column":51}},"91":{"start":{"line":92,"column":0},"end":{"line":92,"column":63}},"92":{"start":{"line":93,"column":0},"end":{"line":93,"column":67}},"93":{"start":{"line":94,"column":0},"end":{"line":94,"column":47}},"96":{"start":{"line":97,"column":0},"end":{"line":97,"column":39}},"97":{"start":{"line":98,"column":0},"end":{"line":98,"column":26}},"98":{"start":{"line":99,"column":0},"end":{"line":99,"column":35}},"99":{"start":{"line":100,"column":0},"end":{"line":100,"column":7}},"102":{"start":{"line":103,"column":0},"end":{"line":103,"column":49}},"103":{"start":{"line":104,"column":0},"end":{"line":104,"column":16}},"104":{"start":{"line":105,"column":0},"end":{"line":105,"column":22}},"105":{"start":{"line":106,"column":0},"end":{"line":106,"column":34}},"106":{"start":{"line":107,"column":0},"end":{"line":107,"column":40}},"107":{"start":{"line":108,"column":0},"end":{"line":108,"column":48}},"108":{"start":{"line":109,"column":0},"end":{"line":109,"column":58}},"110":{"start":{"line":111,"column":0},"end":{"line":111,"column":9}},"112":{"start":{"line":113,"column":0},"end":{"line":113,"column":38}},"113":{"start":{"line":114,"column":0},"end":{"line":114,"column":62}},"114":{"start":{"line":115,"column":0},"end":{"line":115,"column":84}},"115":{"start":{"line":116,"column":0},"end":{"line":116,"column":7}},"117":{"start":{"line":118,"column":0},"end":{"line":118,"column":13}},"119":{"start":{"line":120,"column":0},"end":{"line":120,"column":38}},"120":{"start":{"line":121,"column":0},"end":{"line":121,"column":50}},"122":{"start":{"line":123,"column":0},"end":{"line":123,"column":57}},"123":{"start":{"line":124,"column":0},"end":{"line":124,"column":66}},"124":{"start":{"line":125,"column":0},"end":{"line":125,"column":37}},"125":{"start":{"line":126,"column":0},"end":{"line":126,"column":4}},"127":{"start":{"line":128,"column":0},"end":{"line":128,"column":39}},"128":{"start":{"line":129,"column":0},"end":{"line":129,"column":80}},"129":{"start":{"line":130,"column":0},"end":{"line":130,"column":4}},"131":{"start":{"line":132,"column":0},"end":{"line":132,"column":39}},"132":{"start":{"line":133,"column":0},"end":{"line":133,"column":47}},"133":{"start":{"line":134,"column":0},"end":{"line":134,"column":4}},"135":{"start":{"line":136,"column":0},"end":{"line":136,"column":40}},"136":{"start":{"line":137,"column":0},"end":{"line":137,"column":59}},"137":{"start":{"line":138,"column":0},"end":{"line":138,"column":4}},"139":{"start":{"line":140,"column":0},"end":{"line":140,"column":10}},"140":{"start":{"line":141,"column":0},"end":{"line":141,"column":92}},"143":{"start":{"line":144,"column":0},"end":{"line":144,"column":73}},"144":{"start":{"line":145,"column":0},"end":{"line":145,"column":119}},"145":{"start":{"line":146,"column":0},"end":{"line":146,"column":159}},"146":{"start":{"line":147,"column":0},"end":{"line":147,"column":12}},"149":{"start":{"line":150,"column":0},"end":{"line":150,"column":94}},"152":{"start":{"line":153,"column":0},"end":{"line":153,"column":105}},"153":{"start":{"line":154,"column":0},"end":{"line":154,"column":51}},"154":{"start":{"line":155,"column":0},"end":{"line":155,"column":65}},"155":{"start":{"line":156,"column":0},"end":{"line":156,"column":17}},"156":{"start":{"line":157,"column":0},"end":{"line":157,"column":86}},"157":{"start":{"line":158,"column":0},"end":{"line":158,"column":93}},"158":{"start":{"line":159,"column":0},"end":{"line":159,"column":18}},"159":{"start":{"line":160,"column":0},"end":{"line":160,"column":16}},"161":{"start":{"line":162,"column":0},"end":{"line":162,"column":17}},"162":{"start":{"line":163,"column":0},"end":{"line":163,"column":33}},"163":{"start":{"line":164,"column":0},"end":{"line":164,"column":145}},"164":{"start":{"line":165,"column":0},"end":{"line":165,"column":37}},"166":{"start":{"line":167,"column":0},"end":{"line":167,"column":71}},"167":{"start":{"line":168,"column":0},"end":{"line":168,"column":19}},"168":{"start":{"line":169,"column":0},"end":{"line":169,"column":17}},"171":{"start":{"line":172,"column":0},"end":{"line":172,"column":111}},"172":{"start":{"line":173,"column":0},"end":{"line":173,"column":199}},"173":{"start":{"line":174,"column":0},"end":{"line":174,"column":103}},"174":{"start":{"line":175,"column":0},"end":{"line":175,"column":16}},"175":{"start":{"line":176,"column":0},"end":{"line":176,"column":113}},"176":{"start":{"line":177,"column":0},"end":{"line":177,"column":100}},"177":{"start":{"line":178,"column":0},"end":{"line":178,"column":16}},"179":{"start":{"line":180,"column":0},"end":{"line":180,"column":81}},"180":{"start":{"line":181,"column":0},"end":{"line":181,"column":171}},"181":{"start":{"line":182,"column":0},"end":{"line":182,"column":43}},"182":{"start":{"line":183,"column":0},"end":{"line":183,"column":46}},"183":{"start":{"line":184,"column":0},"end":{"line":184,"column":18}},"185":{"start":{"line":186,"column":0},"end":{"line":186,"column":174}},"186":{"start":{"line":187,"column":0},"end":{"line":187,"column":41}},"187":{"start":{"line":188,"column":0},"end":{"line":188,"column":40}},"188":{"start":{"line":189,"column":0},"end":{"line":189,"column":18}},"189":{"start":{"line":190,"column":0},"end":{"line":190,"column":16}},"190":{"start":{"line":191,"column":0},"end":{"line":191,"column":14}},"193":{"start":{"line":194,"column":0},"end":{"line":194,"column":38}},"194":{"start":{"line":195,"column":0},"end":{"line":195,"column":71}},"195":{"start":{"line":196,"column":0},"end":{"line":196,"column":53}},"196":{"start":{"line":197,"column":0},"end":{"line":197,"column":61}},"197":{"start":{"line":198,"column":0},"end":{"line":198,"column":126}},"198":{"start":{"line":199,"column":0},"end":{"line":199,"column":18}},"199":{"start":{"line":200,"column":0},"end":{"line":200,"column":125}},"200":{"start":{"line":201,"column":0},"end":{"line":201,"column":59}},"201":{"start":{"line":202,"column":0},"end":{"line":202,"column":19}},"202":{"start":{"line":203,"column":0},"end":{"line":203,"column":16}},"204":{"start":{"line":205,"column":0},"end":{"line":205,"column":37}},"205":{"start":{"line":206,"column":0},"end":{"line":206,"column":36}},"206":{"start":{"line":207,"column":0},"end":{"line":207,"column":72}},"207":{"start":{"line":208,"column":0},"end":{"line":208,"column":151}},"208":{"start":{"line":209,"column":0},"end":{"line":209,"column":64}},"209":{"start":{"line":210,"column":0},"end":{"line":210,"column":22}},"210":{"start":{"line":211,"column":0},"end":{"line":211,"column":98}},"211":{"start":{"line":212,"column":0},"end":{"line":212,"column":106}},"212":{"start":{"line":213,"column":0},"end":{"line":213,"column":20}},"214":{"start":{"line":215,"column":0},"end":{"line":215,"column":35}},"215":{"start":{"line":216,"column":0},"end":{"line":216,"column":26}},"216":{"start":{"line":217,"column":0},"end":{"line":217,"column":32}},"217":{"start":{"line":218,"column":0},"end":{"line":218,"column":31}},"218":{"start":{"line":219,"column":0},"end":{"line":219,"column":40}},"219":{"start":{"line":220,"column":0},"end":{"line":220,"column":40}},"220":{"start":{"line":221,"column":0},"end":{"line":221,"column":18}},"221":{"start":{"line":222,"column":0},"end":{"line":222,"column":16}},"223":{"start":{"line":224,"column":0},"end":{"line":224,"column":16}},"224":{"start":{"line":225,"column":0},"end":{"line":225,"column":14}},"227":{"start":{"line":228,"column":0},"end":{"line":228,"column":15}},"228":{"start":{"line":229,"column":0},"end":{"line":229,"column":49}},"229":{"start":{"line":230,"column":0},"end":{"line":230,"column":224}},"230":{"start":{"line":231,"column":0},"end":{"line":231,"column":36}},"232":{"start":{"line":233,"column":0},"end":{"line":233,"column":46}},"233":{"start":{"line":234,"column":0},"end":{"line":234,"column":17}},"235":{"start":{"line":236,"column":0},"end":{"line":236,"column":12}},"238":{"start":{"line":239,"column":0},"end":{"line":239,"column":26}},"239":{"start":{"line":240,"column":0},"end":{"line":240,"column":22}},"240":{"start":{"line":241,"column":0},"end":{"line":241,"column":50}},"241":{"start":{"line":242,"column":0},"end":{"line":242,"column":27}},"242":{"start":{"line":243,"column":0},"end":{"line":243,"column":10}},"245":{"start":{"line":246,"column":0},"end":{"line":246,"column":34}},"246":{"start":{"line":247,"column":0},"end":{"line":247,"column":21}},"247":{"start":{"line":248,"column":0},"end":{"line":248,"column":24}},"248":{"start":{"line":249,"column":0},"end":{"line":249,"column":23}},"249":{"start":{"line":250,"column":0},"end":{"line":250,"column":50}},"250":{"start":{"line":251,"column":0},"end":{"line":251,"column":10}},"251":{"start":{"line":252,"column":0},"end":{"line":252,"column":9}},"252":{"start":{"line":253,"column":0},"end":{"line":253,"column":10}},"254":{"start":{"line":255,"column":0},"end":{"line":255,"column":2}},"256":{"start":{"line":257,"column":0},"end":{"line":257,"column":19}}},"s":{"0":1,"1":1,"3":1,"4":1,"5":1,"6":1,"7":1,"9":1,"11":1,"12":40,"13":22,"14":22,"15":40,"17":40,"18":40,"19":40,"22":40,"23":22,"24":22,"25":40,"28":40,"31":40,"32":29,"33":40,"36":40,"37":24,"38":24,"39":22,"40":24,"41":2,"42":2,"43":24,"44":40,"46":40,"47":2,"48":2,"51":40,"52":22,"53":23,"55":23,"56":23,"57":20,"58":23,"59":3,"60":3,"62":3,"63":1,"64":1,"66":3,"67":1,"68":1,"69":3,"70":23,"72":22,"74":22,"75":1,"76":1,"77":1,"78":1,"80":22,"81":22,"82":40,"85":40,"86":31,"87":70,"88":70,"90":70,"91":70,"92":70,"93":70,"96":70,"97":70,"98":1,"99":1,"102":70,"103":70,"104":70,"105":70,"106":11,"107":11,"108":6,"110":70,"112":70,"113":6,"114":6,"115":6,"117":31,"119":31,"120":40,"122":40,"123":5,"124":5,"125":5,"127":40,"128":1,"129":1,"131":40,"132":1,"133":1,"135":40,"136":1,"137":1,"139":40,"140":40,"143":40,"144":40,"145":40,"146":40,"149":40,"152":40,"153":40,"154":40,"155":40,"156":40,"157":40,"158":40,"159":40,"161":40,"162":40,"163":40,"164":40,"166":40,"167":40,"168":40,"171":40,"172":40,"173":40,"174":40,"175":40,"176":40,"177":40,"179":40,"180":40,"181":40,"182":40,"183":40,"185":40,"186":40,"187":40,"188":40,"189":40,"190":40,"193":40,"194":40,"195":40,"196":40,"197":40,"198":40,"199":40,"200":40,"201":40,"202":40,"204":40,"205":40,"206":30,"207":30,"208":30,"209":30,"210":30,"211":30,"212":30,"214":10,"215":10,"216":10,"217":10,"218":10,"219":10,"220":10,"221":10,"223":40,"224":40,"227":40,"228":40,"229":40,"230":40,"232":40,"233":40,"235":40,"238":40,"239":6,"240":6,"241":6,"242":6,"245":40,"246":12,"247":12,"248":12,"249":12,"250":12,"251":40,"252":40,"254":40,"256":1},"branchMap":{"0":{"type":"branch","line":10,"loc":{"start":{"line":10,"column":19},"end":{"line":10,"column":34}},"locations":[{"start":{"line":10,"column":19},"end":{"line":10,"column":34}}]},"1":{"type":"branch","line":12,"loc":{"start":{"line":12,"column":22},"end":{"line":255,"column":2}},"locations":[{"start":{"line":12,"column":22},"end":{"line":255,"column":2}}]},"2":{"type":"branch","line":167,"loc":{"start":{"line":167,"column":23},"end":{"line":167,"column":53}},"locations":[{"start":{"line":167,"column":23},"end":{"line":167,"column":53}}]},"3":{"type":"branch","line":167,"loc":{"start":{"line":167,"column":48},"end":{"line":167,"column":71}},"locations":[{"start":{"line":167,"column":48},"end":{"line":167,"column":71}}]},"4":{"type":"branch","line":206,"loc":{"start":{"line":206,"column":31},"end":{"line":213,"column":20}},"locations":[{"start":{"line":206,"column":31},"end":{"line":213,"column":20}}]},"5":{"type":"branch","line":213,"loc":{"start":{"line":213,"column":14},"end":{"line":222,"column":16}},"locations":[{"start":{"line":213,"column":14},"end":{"line":222,"column":16}}]},"6":{"type":"branch","line":239,"loc":{"start":{"line":239,"column":7},"end":{"line":243,"column":10}},"locations":[{"start":{"line":239,"column":7},"end":{"line":243,"column":10}}]},"7":{"type":"branch","line":13,"loc":{"start":{"line":13,"column":48},"end":{"line":16,"column":3}},"locations":[{"start":{"line":13,"column":48},"end":{"line":16,"column":3}}]},"8":{"type":"branch","line":15,"loc":{"start":{"line":15,"column":11},"end":{"line":15,"column":39}},"locations":[{"start":{"line":15,"column":11},"end":{"line":15,"column":39}}]},"9":{"type":"branch","line":15,"loc":{"start":{"line":15,"column":35},"end":{"line":15,"column":42}},"locations":[{"start":{"line":15,"column":35},"end":{"line":15,"column":42}}]},"10":{"type":"branch","line":23,"loc":{"start":{"line":23,"column":55},"end":{"line":26,"column":3}},"locations":[{"start":{"line":23,"column":55},"end":{"line":26,"column":3}}]},"11":{"type":"branch","line":32,"loc":{"start":{"line":32,"column":12},"end":{"line":34,"column":5}},"locations":[{"start":{"line":32,"column":12},"end":{"line":34,"column":5}}]},"12":{"type":"branch","line":37,"loc":{"start":{"line":37,"column":12},"end":{"line":45,"column":5}},"locations":[{"start":{"line":37,"column":12},"end":{"line":45,"column":5}}]},"13":{"type":"branch","line":39,"loc":{"start":{"line":39,"column":26},"end":{"line":41,"column":11}},"locations":[{"start":{"line":39,"column":26},"end":{"line":41,"column":11}}]},"14":{"type":"branch","line":41,"loc":{"start":{"line":41,"column":4},"end":{"line":43,"column":5}},"locations":[{"start":{"line":41,"column":4},"end":{"line":43,"column":5}}]},"15":{"type":"branch","line":47,"loc":{"start":{"line":47,"column":22},"end":{"line":49,"column":4}},"locations":[{"start":{"line":47,"column":22},"end":{"line":49,"column":4}}]},"16":{"type":"branch","line":48,"loc":{"start":{"line":48,"column":13},"end":{"line":48,"column":55}},"locations":[{"start":{"line":48,"column":13},"end":{"line":48,"column":55}}]},"17":{"type":"branch","line":48,"loc":{"start":{"line":48,"column":39},"end":{"line":48,"column":55}},"locations":[{"start":{"line":48,"column":39},"end":{"line":48,"column":55}}]},"18":{"type":"branch","line":52,"loc":{"start":{"line":52,"column":12},"end":{"line":83,"column":5}},"locations":[{"start":{"line":52,"column":12},"end":{"line":83,"column":5}}]},"19":{"type":"branch","line":53,"loc":{"start":{"line":53,"column":28},"end":{"line":71,"column":6}},"locations":[{"start":{"line":53,"column":28},"end":{"line":71,"column":6}}]},"20":{"type":"branch","line":54,"loc":{"start":{"line":54,"column":31},"end":{"line":54,"column":38}},"locations":[{"start":{"line":54,"column":31},"end":{"line":54,"column":38}}]},"21":{"type":"branch","line":57,"loc":{"start":{"line":57,"column":49},"end":{"line":59,"column":15}},"locations":[{"start":{"line":57,"column":49},"end":{"line":59,"column":15}}]},"22":{"type":"branch","line":59,"loc":{"start":{"line":59,"column":6},"end":{"line":70,"column":7}},"locations":[{"start":{"line":59,"column":6},"end":{"line":70,"column":7}}]},"23":{"type":"branch","line":60,"loc":{"start":{"line":60,"column":24},"end":{"line":60,"column":38}},"locations":[{"start":{"line":60,"column":24},"end":{"line":60,"column":38}}]},"24":{"type":"branch","line":63,"loc":{"start":{"line":63,"column":27},"end":{"line":65,"column":9}},"locations":[{"start":{"line":63,"column":27},"end":{"line":65,"column":9}}]},"25":{"type":"branch","line":65,"loc":{"start":{"line":65,"column":8},"end":{"line":67,"column":39}},"locations":[{"start":{"line":65,"column":8},"end":{"line":67,"column":39}}]},"26":{"type":"branch","line":67,"loc":{"start":{"line":67,"column":39},"end":{"line":69,"column":9}},"locations":[{"start":{"line":67,"column":39},"end":{"line":69,"column":9}}]},"27":{"type":"branch","line":75,"loc":{"start":{"line":75,"column":35},"end":{"line":79,"column":6}},"locations":[{"start":{"line":75,"column":35},"end":{"line":79,"column":6}}]},"28":{"type":"branch","line":82,"loc":{"start":{"line":82,"column":11},"end":{"line":82,"column":90}},"locations":[{"start":{"line":82,"column":11},"end":{"line":82,"column":90}}]},"29":{"type":"branch","line":86,"loc":{"start":{"line":86,"column":12},"end":{"line":121,"column":5}},"locations":[{"start":{"line":86,"column":12},"end":{"line":121,"column":5}}]},"30":{"type":"branch","line":87,"loc":{"start":{"line":87,"column":30},"end":{"line":118,"column":7}},"locations":[{"start":{"line":87,"column":30},"end":{"line":118,"column":7}}]},"31":{"type":"branch","line":98,"loc":{"start":{"line":98,"column":25},"end":{"line":100,"column":7}},"locations":[{"start":{"line":98,"column":25},"end":{"line":100,"column":7}}]},"32":{"type":"branch","line":113,"loc":{"start":{"line":113,"column":37},"end":{"line":116,"column":7}},"locations":[{"start":{"line":113,"column":37},"end":{"line":116,"column":7}}]},"33":{"type":"branch","line":103,"loc":{"start":{"line":103,"column":43},"end":{"line":111,"column":7}},"locations":[{"start":{"line":103,"column":43},"end":{"line":111,"column":7}}]},"34":{"type":"branch","line":106,"loc":{"start":{"line":106,"column":21},"end":{"line":107,"column":40}},"locations":[{"start":{"line":106,"column":21},"end":{"line":107,"column":40}}]},"35":{"type":"branch","line":107,"loc":{"start":{"line":107,"column":36},"end":{"line":108,"column":48}},"locations":[{"start":{"line":107,"column":36},"end":{"line":108,"column":48}}]},"36":{"type":"branch","line":108,"loc":{"start":{"line":108,"column":44},"end":{"line":109,"column":58}},"locations":[{"start":{"line":108,"column":44},"end":{"line":109,"column":58}}]},"37":{"type":"branch","line":114,"loc":{"start":{"line":114,"column":24},"end":{"line":114,"column":60}},"locations":[{"start":{"line":114,"column":24},"end":{"line":114,"column":60}}]},"38":{"type":"branch","line":115,"loc":{"start":{"line":115,"column":31},"end":{"line":115,"column":82}},"locations":[{"start":{"line":115,"column":31},"end":{"line":115,"column":82}}]},"39":{"type":"branch","line":115,"loc":{"start":{"line":115,"column":71},"end":{"line":115,"column":80}},"locations":[{"start":{"line":115,"column":71},"end":{"line":115,"column":80}}]},"40":{"type":"branch","line":120,"loc":{"start":{"line":120,"column":11},"end":{"line":120,"column":38}},"locations":[{"start":{"line":120,"column":11},"end":{"line":120,"column":38}}]},"41":{"type":"branch","line":123,"loc":{"start":{"line":123,"column":19},"end":{"line":126,"column":4}},"locations":[{"start":{"line":123,"column":19},"end":{"line":126,"column":4}}]},"42":{"type":"branch","line":128,"loc":{"start":{"line":128,"column":22},"end":{"line":130,"column":4}},"locations":[{"start":{"line":128,"column":22},"end":{"line":130,"column":4}}]},"43":{"type":"branch","line":129,"loc":{"start":{"line":129,"column":25},"end":{"line":129,"column":77}},"locations":[{"start":{"line":129,"column":25},"end":{"line":129,"column":77}}]},"44":{"type":"branch","line":129,"loc":{"start":{"line":129,"column":72},"end":{"line":129,"column":77}},"locations":[{"start":{"line":129,"column":72},"end":{"line":129,"column":77}}]},"45":{"type":"branch","line":132,"loc":{"start":{"line":132,"column":22},"end":{"line":134,"column":4}},"locations":[{"start":{"line":132,"column":22},"end":{"line":134,"column":4}}]},"46":{"type":"branch","line":133,"loc":{"start":{"line":133,"column":28},"end":{"line":133,"column":44}},"locations":[{"start":{"line":133,"column":28},"end":{"line":133,"column":44}}]},"47":{"type":"branch","line":136,"loc":{"start":{"line":136,"column":23},"end":{"line":138,"column":4}},"locations":[{"start":{"line":136,"column":23},"end":{"line":138,"column":4}}]},"48":{"type":"branch","line":137,"loc":{"start":{"line":137,"column":20},"end":{"line":137,"column":57}},"locations":[{"start":{"line":137,"column":20},"end":{"line":137,"column":57}}]},"49":{"type":"branch","line":137,"loc":{"start":{"line":137,"column":40},"end":{"line":137,"column":56}},"locations":[{"start":{"line":137,"column":40},"end":{"line":137,"column":56}}]},"50":{"type":"branch","line":201,"loc":{"start":{"line":201,"column":29},"end":{"line":201,"column":43}},"locations":[{"start":{"line":201,"column":29},"end":{"line":201,"column":43}}]},"51":{"type":"branch","line":215,"loc":{"start":{"line":215,"column":25},"end":{"line":221,"column":18}},"locations":[{"start":{"line":215,"column":25},"end":{"line":221,"column":18}}]},"52":{"type":"branch","line":229,"loc":{"start":{"line":229,"column":19},"end":{"line":229,"column":49}},"locations":[{"start":{"line":229,"column":19},"end":{"line":229,"column":49}}]},"53":{"type":"branch","line":241,"loc":{"start":{"line":241,"column":19},"end":{"line":241,"column":50}},"locations":[{"start":{"line":241,"column":19},"end":{"line":241,"column":50}}]},"54":{"type":"branch","line":246,"loc":{"start":{"line":246,"column":24},"end":{"line":251,"column":10}},"locations":[{"start":{"line":246,"column":24},"end":{"line":251,"column":10}}]},"55":{"type":"branch","line":250,"loc":{"start":{"line":250,"column":21},"end":{"line":250,"column":50}},"locations":[{"start":{"line":250,"column":21},"end":{"line":250,"column":50}}]}},"b":{"0":[5],"1":[40],"2":[38],"3":[2],"4":[30],"5":[10],"6":[6],"7":[22],"8":[1],"9":[21],"10":[22],"11":[29],"12":[24],"13":[22],"14":[2],"15":[2],"16":[2],"17":[0],"18":[22],"19":[23],"20":[0],"21":[20],"22":[3],"23":[0],"24":[1],"25":[2],"26":[1],"27":[1],"28":[22],"29":[31],"30":[70],"31":[1],"32":[6],"33":[70],"34":[11],"35":[11],"36":[6],"37":[6],"38":[6],"39":[6],"40":[31],"41":[5],"42":[1],"43":[1],"44":[0],"45":[1],"46":[1],"47":[1],"48":[1],"49":[6],"50":[10],"51":[10],"52":[6],"53":[5],"54":[12],"55":[1]},"fnMap":{"0":{"name":"generateId","decl":{"start":{"line":10,"column":19},"end":{"line":10,"column":34}},"loc":{"start":{"line":10,"column":19},"end":{"line":10,"column":34}},"line":10},"1":{"name":"App","decl":{"start":{"line":12,"column":22},"end":{"line":255,"column":2}},"loc":{"start":{"line":12,"column":22},"end":{"line":255,"column":2}},"line":12},"2":{"name":"toggleTheme","decl":{"start":{"line":47,"column":22},"end":{"line":49,"column":4}},"loc":{"start":{"line":47,"column":22},"end":{"line":49,"column":4}},"line":47},"3":{"name":"requestWakeLock","decl":{"start":{"line":53,"column":28},"end":{"line":71,"column":6}},"loc":{"start":{"line":53,"column":28},"end":{"line":71,"column":6}},"line":53},"4":{"name":"handleVisibilityChange","decl":{"start":{"line":75,"column":35},"end":{"line":79,"column":6}},"loc":{"start":{"line":75,"column":35},"end":{"line":79,"column":6}},"line":75},"5":{"name":"addAlarm","decl":{"start":{"line":123,"column":19},"end":{"line":126,"column":4}},"loc":{"start":{"line":123,"column":19},"end":{"line":126,"column":4}},"line":123},"6":{"name":"toggleAlarm","decl":{"start":{"line":128,"column":22},"end":{"line":130,"column":4}},"loc":{"start":{"line":128,"column":22},"end":{"line":130,"column":4}},"line":128},"7":{"name":"deleteAlarm","decl":{"start":{"line":132,"column":22},"end":{"line":134,"column":4}},"loc":{"start":{"line":132,"column":22},"end":{"line":134,"column":4}},"line":132},"8":{"name":"dismissAlarm","decl":{"start":{"line":136,"column":23},"end":{"line":138,"column":4}},"loc":{"start":{"line":136,"column":23},"end":{"line":138,"column":4}},"line":136},"9":{"name":"onClick","decl":{"start":{"line":229,"column":19},"end":{"line":229,"column":49}},"loc":{"start":{"line":229,"column":19},"end":{"line":229,"column":49}},"line":229},"10":{"name":"onClose","decl":{"start":{"line":241,"column":19},"end":{"line":241,"column":50}},"loc":{"start":{"line":241,"column":19},"end":{"line":241,"column":50}},"line":241},"11":{"name":"onDismiss","decl":{"start":{"line":250,"column":21},"end":{"line":250,"column":50}},"loc":{"start":{"line":250,"column":21},"end":{"line":250,"column":50}},"line":250}},"f":{"0":5,"1":40,"2":2,"3":23,"4":1,"5":5,"6":1,"7":1,"8":1,"9":6,"10":5,"11":1}}
,"C:\\Users\\siddh\\OneDrive\\Desktop\\Projects\\waketube\\src\\types.ts": {"path":"C:\\Users\\siddh\\OneDrive\\Desktop\\Projects\\waketube\\src\\types.ts","all":false,"statementMap":{"0":{"start":{"line":1,"column":0},"end":{"line":1,"column":23}},"1":{"start":{"line":2,"column":0},"end":{"line":2,"column":13}},"2":{"start":{"line":3,"column":0},"end":{"line":3,"column":13}},"3":{"start":{"line":4,"column":0},"end":{"line":4,"column":14}},"4":{"start":{"line":5,"column":0},"end":{"line":5,"column":16}},"5":{"start":{"line":6,"column":0},"end":{"line":6,"column":15}},"6":{"start":{"line":7,"column":0},"end":{"line":7,"column":13}},"7":{"start":{"line":8,"column":0},"end":{"line":8,"column":15}},"19":{"start":{"line":20,"column":0},"end":{"line":20,"column":63}},"20":{"start":{"line":21,"column":0},"end":{"line":21,"column":111}}},"s":{"0":1,"1":1,"2":1,"3":1,"4":1,"5":1,"6":1,"7":1,"19":1,"20":1},"branchMap":{"0":{"type":"branch","line":1,"loc":{"start":{"line":1,"column":7},"end":{"line":1,"column":23}},"locations":[{"start":{"line":1,"column":7},"end":{"line":1,"column":23}}]}},"b":{"0":[5]},"fnMap":{},"f":{}}
,"C:\\Users\\siddh\\OneDrive\\Desktop\\Projects\\waketube\\src\\components\\AddAlarmModal.tsx": {"path":"C:\\Users\\siddh\\OneDrive\\Desktop\\Projects\\waketube\\src\\components\\AddAlarmModal.tsx","all":false,"statementMap":{"0":{"start":{"line":1,"column":0},"end":{"line":1,"column":49}},"1":{"start":{"line":2,"column":0},"end":{"line":2,"column":57}},"2":{"start":{"line":3,"column":0},"end":{"line":3,"column":49}},"3":{"start":{"line":4,"column":0},"end":{"line":4,"column":24}},"11":{"start":{"line":12,"column":0},"end":{"line":12,"column":58}},"12":{"start":{"line":13,"column":0},"end":{"line":13,"column":54}},"13":{"start":{"line":14,"column":0},"end":{"line":14,"column":53}},"14":{"start":{"line":15,"column":0},"end":{"line":15,"column":57}},"15":{"start":{"line":16,"column":0},"end":{"line":16,"column":52}},"16":{"start":{"line":17,"column":0},"end":{"line":17,"column":56}},"17":{"start":{"line":18,"column":0},"end":{"line":18,"column":58}},"18":{"start":{"line":19,"column":0},"end":{"line":19,"column":51}},"19":{"start":{"line":20,"column":0},"end":{"line":20,"column":28}},"20":{"start":{"line":21,"column":0},"end":{"line":21,"column":2}},"22":{"start":{"line":23,"column":0},"end":{"line":23,"column":78}},"23":{"start":{"line":24,"column":0},"end":{"line":24,"column":42}},"24":{"start":{"line":25,"column":0},"end":{"line":25,"column":27}},"25":{"start":{"line":26,"column":0},"end":{"line":26,"column":107}},"26":{"start":{"line":27,"column":0},"end":{"line":27,"column":5}},"28":{"start":{"line":29,"column":0},"end":{"line":29,"column":44}},"29":{"start":{"line":30,"column":0},"end":{"line":30,"column":91}},"31":{"start":{"line":32,"column":0},"end":{"line":32,"column":41}},"32":{"start":{"line":33,"column":0},"end":{"line":33,"column":90}},"33":{"start":{"line":34,"column":0},"end":{"line":34,"column":71}},"34":{"start":{"line":35,"column":0},"end":{"line":35,"column":51}},"35":{"start":{"line":36,"column":0},"end":{"line":36,"column":19}},"36":{"start":{"line":37,"column":0},"end":{"line":37,"column":5}},"38":{"start":{"line":39,"column":0},"end":{"line":39,"column":41}},"39":{"start":{"line":40,"column":0},"end":{"line":40,"column":37}},"40":{"start":{"line":41,"column":0},"end":{"line":41,"column":59}},"41":{"start":{"line":42,"column":0},"end":{"line":42,"column":12}},"42":{"start":{"line":43,"column":0},"end":{"line":43,"column":53}},"43":{"start":{"line":44,"column":0},"end":{"line":44,"column":5}},"44":{"start":{"line":45,"column":0},"end":{"line":45,"column":4}},"46":{"start":{"line":47,"column":0},"end":{"line":47,"column":28}},"47":{"start":{"line":48,"column":0},"end":{"line":48,"column":12}},"48":{"start":{"line":49,"column":0},"end":{"line":49,"column":11}},"49":{"start":{"line":50,"column":0},"end":{"line":50,"column":25}},"50":{"start":{"line":51,"column":0},"end":{"line":51,"column":20}},"51":{"start":{"line":52,"column":0},"end":{"line":52,"column":15}},"52":{"start":{"line":53,"column":0},"end":{"line":53,"column":37}},"53":{"start":{"line":54,"column":0},"end":{"line":54,"column":7}},"54":{"start":{"line":55,"column":0},"end":{"line":55,"column":14}},"55":{"start":{"line":56,"column":0},"end":{"line":56,"column":4}},"57":{"start":{"line":58,"column":0},"end":{"line":58,"column":10}},"58":{"start":{"line":59,"column":0},"end":{"line":59,"column":158}},"59":{"start":{"line":60,"column":0},"end":{"line":60,"column":153}},"62":{"start":{"line":63,"column":0},"end":{"line":63,"column":89}},"63":{"start":{"line":64,"column":0},"end":{"line":64,"column":51}},"64":{"start":{"line":65,"column":0},"end":{"line":65,"column":94}},"65":{"start":{"line":66,"column":0},"end":{"line":66,"column":56}},"66":{"start":{"line":67,"column":0},"end":{"line":67,"column":18}},"67":{"start":{"line":68,"column":0},"end":{"line":68,"column":17}},"68":{"start":{"line":69,"column":0},"end":{"line":69,"column":76}},"69":{"start":{"line":70,"column":0},"end":{"line":70,"column":71}},"70":{"start":{"line":71,"column":0},"end":{"line":71,"column":18}},"71":{"start":{"line":72,"column":0},"end":{"line":72,"column":16}},"72":{"start":{"line":73,"column":0},"end":{"line":73,"column":17}},"73":{"start":{"line":74,"column":0},"end":{"line":74,"column":29}},"74":{"start":{"line":75,"column":0},"end":{"line":75,"column":161}},"76":{"start":{"line":77,"column":0},"end":{"line":77,"column":27}},"77":{"start":{"line":78,"column":0},"end":{"line":78,"column":19}},"78":{"start":{"line":79,"column":0},"end":{"line":79,"column":14}},"80":{"start":{"line":81,"column":0},"end":{"line":81,"column":81}},"83":{"start":{"line":84,"column":0},"end":{"line":84,"column":37}},"84":{"start":{"line":85,"column":0},"end":{"line":85,"column":102}},"85":{"start":{"line":86,"column":0},"end":{"line":86,"column":18}},"86":{"start":{"line":87,"column":0},"end":{"line":87,"column":25}},"87":{"start":{"line":88,"column":0},"end":{"line":88,"column":26}},"88":{"start":{"line":89,"column":0},"end":{"line":89,"column":55}},"89":{"start":{"line":90,"column":0},"end":{"line":90,"column":158}},"90":{"start":{"line":91,"column":0},"end":{"line":91,"column":14}},"91":{"start":{"line":92,"column":0},"end":{"line":92,"column":16}},"94":{"start":{"line":95,"column":0},"end":{"line":95,"column":37}},"95":{"start":{"line":96,"column":0},"end":{"line":96,"column":105}},"96":{"start":{"line":97,"column":0},"end":{"line":97,"column":58}},"97":{"start":{"line":98,"column":0},"end":{"line":98,"column":51}},"98":{"start":{"line":99,"column":0},"end":{"line":99,"column":23}},"99":{"start":{"line":100,"column":0},"end":{"line":100,"column":27}},"100":{"start":{"line":101,"column":0},"end":{"line":101,"column":51}},"101":{"start":{"line":102,"column":0},"end":{"line":102,"column":61}},"102":{"start":{"line":103,"column":0},"end":{"line":103,"column":34}},"103":{"start":{"line":104,"column":0},"end":{"line":104,"column":113}},"104":{"start":{"line":105,"column":0},"end":{"line":105,"column":59}},"105":{"start":{"line":106,"column":0},"end":{"line":106,"column":47}},"106":{"start":{"line":107,"column":0},"end":{"line":107,"column":84}},"107":{"start":{"line":108,"column":0},"end":{"line":108,"column":20}},"109":{"start":{"line":110,"column":0},"end":{"line":110,"column":28}},"110":{"start":{"line":111,"column":0},"end":{"line":111,"column":25}},"111":{"start":{"line":112,"column":0},"end":{"line":112,"column":17}},"112":{"start":{"line":113,"column":0},"end":{"line":113,"column":18}},"113":{"start":{"line":114,"column":0},"end":{"line":114,"column":16}},"116":{"start":{"line":117,"column":0},"end":{"line":117,"column":37}},"117":{"start":{"line":118,"column":0},"end":{"line":118,"column":116}},"118":{"start":{"line":119,"column":0},"end":{"line":119,"column":59}},"120":{"start":{"line":121,"column":0},"end":{"line":121,"column":20}},"121":{"start":{"line":122,"column":0},"end":{"line":122,"column":18}},"122":{"start":{"line":123,"column":0},"end":{"line":123,"column":25}},"123":{"start":{"line":124,"column":0},"end":{"line":124,"column":30}},"124":{"start":{"line":125,"column":0},"end":{"line":125,"column":59}},"125":{"start":{"line":126,"column":0},"end":{"line":126,"column":51}},"126":{"start":{"line":127,"column":0},"end":{"line":127,"column":161}},"127":{"start":{"line":128,"column":0},"end":{"line":128,"column":14}},"128":{"start":{"line":129,"column":0},"end":{"line":129,"column":49}},"130":{"start":{"line":131,"column":0},"end":{"line":131,"column":16}},"131":{"start":{"line":132,"column":0},"end":{"line":132,"column":16}},"134":{"start":{"line":135,"column":0},"end":{"line":135,"column":37}},"135":{"start":{"line":136,"column":0},"end":{"line":136,"column":103}},"136":{"start":{"line":137,"column":0},"end":{"line":137,"column":18}},"137":{"start":{"line":138,"column":0},"end":{"line":138,"column":25}},"138":{"start":{"line":139,"column":0},"end":{"line":139,"column":27}},"139":{"start":{"line":140,"column":0},"end":{"line":140,"column":56}},"140":{"start":{"line":141,"column":0},"end":{"line":141,"column":42}},"141":{"start":{"line":142,"column":0},"end":{"line":142,"column":161}},"142":{"start":{"line":143,"column":0},"end":{"line":143,"column":14}},"143":{"start":{"line":144,"column":0},"end":{"line":144,"column":16}},"145":{"start":{"line":146,"column":0},"end":{"line":146,"column":14}},"148":{"start":{"line":149,"column":0},"end":{"line":149,"column":60}},"149":{"start":{"line":150,"column":0},"end":{"line":150,"column":17}},"150":{"start":{"line":151,"column":0},"end":{"line":151,"column":32}},"151":{"start":{"line":152,"column":0},"end":{"line":152,"column":168}},"152":{"start":{"line":153,"column":0},"end":{"line":153,"column":11}},"154":{"start":{"line":155,"column":0},"end":{"line":155,"column":19}},"155":{"start":{"line":156,"column":0},"end":{"line":156,"column":14}},"157":{"start":{"line":158,"column":0},"end":{"line":158,"column":12}},"158":{"start":{"line":159,"column":0},"end":{"line":159,"column":10}},"160":{"start":{"line":161,"column":0},"end":{"line":161,"column":2}},"162":{"start":{"line":163,"column":0},"end":{"line":163,"column":29}}},"s":{"0":1,"1":1,"2":1,"3":1,"11":1,"12":26,"13":26,"14":26,"15":26,"16":26,"17":26,"18":26,"19":2,"20":2,"22":1,"23":28,"24":26,"25":26,"26":28,"28":28,"29":28,"31":28,"32":28,"33":28,"34":26,"35":26,"36":28,"38":28,"39":2,"40":1,"41":1,"42":1,"43":1,"44":2,"46":28,"47":9,"48":9,"49":9,"50":9,"51":9,"52":9,"53":9,"54":9,"55":9,"57":28,"58":28,"59":28,"62":28,"63":28,"64":28,"65":28,"66":28,"67":28,"68":28,"69":28,"70":28,"71":28,"72":28,"73":28,"74":28,"76":28,"77":28,"78":28,"80":28,"83":28,"84":28,"85":28,"86":28,"87":28,"88":28,"89":28,"90":28,"91":28,"94":28,"95":28,"96":28,"97":28,"98":196,"99":196,"100":196,"101":196,"102":196,"103":196,"104":196,"105":28,"106":168,"107":196,"109":196,"110":196,"111":28,"112":28,"113":28,"116":28,"117":28,"118":28,"120":28,"121":28,"122":28,"123":28,"124":28,"125":28,"126":28,"127":28,"128":28,"130":28,"131":28,"134":28,"135":28,"136":28,"137":28,"138":28,"139":28,"140":28,"141":28,"142":28,"143":28,"145":28,"148":28,"149":28,"150":28,"151":28,"152":28,"154":28,"155":28,"157":28,"158":28,"160":28,"162":1},"branchMap":{"0":{"type":"branch","line":12,"loc":{"start":{"line":12,"column":31},"end":{"line":21,"column":2}},"locations":[{"start":{"line":12,"column":31},"end":{"line":21,"column":2}}]},"1":{"type":"branch","line":13,"loc":{"start":{"line":13,"column":14},"end":{"line":13,"column":29}},"locations":[{"start":{"line":13,"column":14},"end":{"line":13,"column":29}}]},"2":{"type":"branch","line":13,"loc":{"start":{"line":13,"column":29},"end":{"line":13,"column":54}},"locations":[{"start":{"line":13,"column":29},"end":{"line":13,"column":54}}]},"3":{"type":"branch","line":13,"loc":{"start":{"line":13,"column":36},"end":{"line":14,"column":19}},"locations":[{"start":{"line":13,"column":36},"end":{"line":14,"column":19}}]},"4":{"type":"branch","line":14,"loc":{"start":{"line":14,"column":14},"end":{"line":14,"column":29}},"locations":[{"start":{"line":14,"column":14},"end":{"line":14,"column":29}}]},"5":{"type":"branch","line":14,"loc":{"start":{"line":14,"column":29},"end":{"line":14,"column":53}},"locations":[{"start":{"line":14,"column":29},"end":{"line":14,"column":53}}]},"6":{"type":"branch","line":14,"loc":{"start":{"line":14,"column":36},"end":{"line":15,"column":19}},"locations":[{"start":{"line":14,"column":36},"end":{"line":15,"column":19}}]},"7":{"type":"branch","line":15,"loc":{"start":{"line":15,"column":14},"end":{"line":15,"column":30}},"locations":[{"start":{"line":15,"column":14},"end":{"line":15,"column":30}}]},"8":{"type":"branch","line":15,"loc":{"start":{"line":15,"column":30},"end":{"line":15,"column":57}},"locations":[{"start":{"line":15,"column":30},"end":{"line":15,"column":57}}]},"9":{"type":"branch","line":15,"loc":{"start":{"line":15,"column":37},"end":{"line":16,"column":20}},"locations":[{"start":{"line":15,"column":37},"end":{"line":16,"column":20}}]},"10":{"type":"branch","line":16,"loc":{"start":{"line":16,"column":14},"end":{"line":16,"column":31}},"locations":[{"start":{"line":16,"column":14},"end":{"line":16,"column":31}}]},"11":{"type":"branch","line":16,"loc":{"start":{"line":16,"column":31},"end":{"line":16,"column":52}},"locations":[{"start":{"line":16,"column":31},"end":{"line":16,"column":52}}]},"12":{"type":"branch","line":16,"loc":{"start":{"line":16,"column":38},"end":{"line":17,"column":20}},"locations":[{"start":{"line":16,"column":38},"end":{"line":17,"column":20}}]},"13":{"type":"branch","line":17,"loc":{"start":{"line":17,"column":14},"end":{"line":17,"column":31}},"locations":[{"start":{"line":17,"column":14},"end":{"line":17,"column":31}}]},"14":{"type":"branch","line":17,"loc":{"start":{"line":17,"column":31},"end":{"line":17,"column":56}},"locations":[{"start":{"line":17,"column":31},"end":{"line":17,"column":56}}]},"15":{"type":"branch","line":17,"loc":{"start":{"line":17,"column":38},"end":{"line":18,"column":20}},"locations":[{"start":{"line":17,"column":38},"end":{"line":18,"column":20}}]},"16":{"type":"branch","line":18,"loc":{"start":{"line":18,"column":14},"end":{"line":18,"column":31}},"locations":[{"start":{"line":18,"column":14},"end":{"line":18,"column":31}}]},"17":{"type":"branch","line":18,"loc":{"start":{"line":18,"column":31},"end":{"line":18,"column":58}},"locations":[{"start":{"line":18,"column":31},"end":{"line":18,"column":58}}]},"18":{"type":"branch","line":18,"loc":{"start":{"line":18,"column":38},"end":{"line":19,"column":20}},"locations":[{"start":{"line":18,"column":38},"end":{"line":19,"column":20}}]},"19":{"type":"branch","line":19,"loc":{"start":{"line":19,"column":14},"end":{"line":19,"column":31}},"locations":[{"start":{"line":19,"column":14},"end":{"line":19,"column":31}}]},"20":{"type":"branch","line":19,"loc":{"start":{"line":19,"column":31},"end":{"line":19,"column":51}},"locations":[{"start":{"line":19,"column":31},"end":{"line":19,"column":51}}]},"21":{"type":"branch","line":19,"loc":{"start":{"line":19,"column":38},"end":{"line":21,"column":2}},"locations":[{"start":{"line":19,"column":38},"end":{"line":21,"column":2}}]},"22":{"type":"branch","line":23,"loc":{"start":{"line":23,"column":52},"end":{"line":161,"column":2}},"locations":[{"start":{"line":23,"column":52},"end":{"line":161,"column":2}}]},"23":{"type":"branch","line":24,"loc":{"start":{"line":24,"column":35},"end":{"line":27,"column":3}},"locations":[{"start":{"line":24,"column":35},"end":{"line":27,"column":3}}]},"24":{"type":"branch","line":30,"loc":{"start":{"line":30,"column":33},"end":{"line":30,"column":76}},"locations":[{"start":{"line":30,"column":33},"end":{"line":30,"column":76}}]},"25":{"type":"branch","line":34,"loc":{"start":{"line":34,"column":64},"end":{"line":37,"column":3}},"locations":[{"start":{"line":34,"column":64},"end":{"line":37,"column":3}}]},"26":{"type":"branch","line":39,"loc":{"start":{"line":39,"column":20},"end":{"line":45,"column":4}},"locations":[{"start":{"line":39,"column":20},"end":{"line":45,"column":4}}]},"27":{"type":"branch","line":40,"loc":{"start":{"line":40,"column":36},"end":{"line":44,"column":5}},"locations":[{"start":{"line":40,"column":36},"end":{"line":44,"column":5}}]},"28":{"type":"branch","line":41,"loc":{"start":{"line":41,"column":42},"end":{"line":41,"column":56}},"locations":[{"start":{"line":41,"column":42},"end":{"line":41,"column":56}}]},"29":{"type":"branch","line":47,"loc":{"start":{"line":47,"column":21},"end":{"line":56,"column":4}},"locations":[{"start":{"line":47,"column":21},"end":{"line":56,"column":4}}]},"30":{"type":"branch","line":98,"loc":{"start":{"line":98,"column":31},"end":{"line":111,"column":25}},"locations":[{"start":{"line":98,"column":31},"end":{"line":111,"column":25}}]},"31":{"type":"branch","line":105,"loc":{"start":{"line":105,"column":58},"end":{"line":106,"column":47}},"locations":[{"start":{"line":105,"column":58},"end":{"line":106,"column":47}}]},"32":{"type":"branch","line":106,"loc":{"start":{"line":106,"column":24},"end":{"line":107,"column":84}},"locations":[{"start":{"line":106,"column":24},"end":{"line":107,"column":84}}]},"33":{"type":"branch","line":102,"loc":{"start":{"line":102,"column":27},"end":{"line":102,"column":61}},"locations":[{"start":{"line":102,"column":27},"end":{"line":102,"column":61}}]}},"b":{"0":[26],"1":[25],"2":[1],"3":[25],"4":[24],"5":[1],"6":[24],"7":[23],"8":[2],"9":[22],"10":[21],"11":[1],"12":[21],"13":[20],"14":[1],"15":[20],"16":[19],"17":[1],"18":[19],"19":[18],"20":[17],"21":[2],"22":[28],"23":[26],"24":[26],"25":[26],"26":[2],"27":[1],"28":[1],"29":[9],"30":[196],"31":[28],"32":[168],"33":[2]},"fnMap":{"0":{"name":"getTimeBasedSuggestion","decl":{"start":{"line":12,"column":31},"end":{"line":21,"column":2}},"loc":{"start":{"line":12,"column":31},"end":{"line":21,"column":2}},"line":12},"1":{"name":"AddAlarmModal","decl":{"start":{"line":23,"column":52},"end":{"line":161,"column":2}},"loc":{"start":{"line":23,"column":52},"end":{"line":161,"column":2}},"line":23},"2":{"name":"toggleDay","decl":{"start":{"line":39,"column":20},"end":{"line":45,"column":4}},"loc":{"start":{"line":39,"column":20},"end":{"line":45,"column":4}},"line":39},"3":{"name":"handleSave","decl":{"start":{"line":47,"column":21},"end":{"line":56,"column":4}},"loc":{"start":{"line":47,"column":21},"end":{"line":56,"column":4}},"line":47},"4":{"name":"onChange","decl":{"start":{"line":89,"column":24},"end":{"line":89,"column":55}},"loc":{"start":{"line":89,"column":24},"end":{"line":89,"column":55}},"line":89},"5":{"name":"onClick","decl":{"start":{"line":102,"column":27},"end":{"line":102,"column":61}},"loc":{"start":{"line":102,"column":27},"end":{"line":102,"column":61}},"line":102},"6":{"name":"onChange","decl":{"start":{"line":125,"column":24},"end":{"line":125,"column":59}},"loc":{"start":{"line":125,"column":24},"end":{"line":125,"column":59}},"line":125},"7":{"name":"onChange","decl":{"start":{"line":140,"column":24},"end":{"line":140,"column":56}},"loc":{"start":{"line":140,"column":24},"end":{"line":140,"column":56}},"line":140}},"f":{"0":26,"1":28,"2":2,"3":9,"4":0,"5":2,"6":0,"7":0}}
,"C:\\Users\\siddh\\OneDrive\\Desktop\\Projects\\waketube\\src\\components\\AlarmCard.tsx": {"path":"C:\\Users\\siddh\\OneDrive\\Desktop\\Projects\\waketube\\src\\components\\AlarmCard.tsx","all":false,"statementMap":{"1":{"start":{"line":2,"column":0},"end":{"line":2,"column":57}},"2":{"start":{"line":3,"column":0},"end":{"line":3,"column":44}},"3":{"start":{"line":4,"column":0},"end":{"line":4,"column":24}},"11":{"start":{"line":12,"column":0},"end":{"line":12,"column":80}},"12":{"start":{"line":13,"column":0},"end":{"line":13,"column":40}},"13":{"start":{"line":14,"column":0},"end":{"line":14,"column":47}},"14":{"start":{"line":15,"column":0},"end":{"line":15,"column":39}},"15":{"start":{"line":16,"column":0},"end":{"line":16,"column":31}},"16":{"start":{"line":17,"column":0},"end":{"line":17,"column":12}},"17":{"start":{"line":18,"column":0},"end":{"line":18,"column":56}},"18":{"start":{"line":19,"column":0},"end":{"line":19,"column":10}},"19":{"start":{"line":20,"column":0},"end":{"line":20,"column":6}},"20":{"start":{"line":21,"column":0},"end":{"line":21,"column":4}},"22":{"start":{"line":23,"column":0},"end":{"line":23,"column":48}},"24":{"start":{"line":25,"column":0},"end":{"line":25,"column":10}},"25":{"start":{"line":26,"column":0},"end":{"line":26,"column":25}},"26":{"start":{"line":27,"column":0},"end":{"line":27,"column":83}},"27":{"start":{"line":28,"column":0},"end":{"line":28,"column":19}},"28":{"start":{"line":29,"column":0},"end":{"line":29,"column":57}},"29":{"start":{"line":30,"column":0},"end":{"line":30,"column":22}},"30":{"start":{"line":31,"column":0},"end":{"line":31,"column":7}},"32":{"start":{"line":33,"column":0},"end":{"line":33,"column":27}},"33":{"start":{"line":34,"column":0},"end":{"line":34,"column":76}},"34":{"start":{"line":35,"column":0},"end":{"line":35,"column":21}},"35":{"start":{"line":36,"column":0},"end":{"line":36,"column":36}},"36":{"start":{"line":37,"column":0},"end":{"line":37,"column":23}},"37":{"start":{"line":38,"column":0},"end":{"line":38,"column":11}},"39":{"start":{"line":40,"column":0},"end":{"line":40,"column":61}},"40":{"start":{"line":41,"column":0},"end":{"line":41,"column":40}},"41":{"start":{"line":42,"column":0},"end":{"line":42,"column":53}},"42":{"start":{"line":43,"column":0},"end":{"line":43,"column":34}},"43":{"start":{"line":44,"column":0},"end":{"line":44,"column":80}},"44":{"start":{"line":45,"column":0},"end":{"line":45,"column":59}},"45":{"start":{"line":46,"column":0},"end":{"line":46,"column":15}},"46":{"start":{"line":47,"column":0},"end":{"line":47,"column":20}},"47":{"start":{"line":48,"column":0},"end":{"line":48,"column":19}},"48":{"start":{"line":49,"column":0},"end":{"line":49,"column":34}},"49":{"start":{"line":50,"column":0},"end":{"line":50,"column":36}},"50":{"start":{"line":51,"column":0},"end":{"line":51,"column":62}},"51":{"start":{"line":52,"column":0},"end":{"line":52,"column":15}},"52":{"start":{"line":53,"column":0},"end":{"line":53,"column":20}},"53":{"start":{"line":54,"column":0},"end":{"line":54,"column":19}},"54":{"start":{"line":55,"column":0},"end":{"line":55,"column":16}},"55":{"start":{"line":56,"column":0},"end":{"line":56,"column":89}},"56":{"start":{"line":57,"column":0},"end":{"line":57,"column":30}},"57":{"start":{"line":58,"column":0},"end":{"line":58,"column":14}},"58":{"start":{"line":59,"column":0},"end":{"line":59,"column":35}},"59":{"start":{"line":60,"column":0},"end":{"line":60,"column":29}},"60":{"start":{"line":61,"column":0},"end":{"line":61,"column":39}},"61":{"start":{"line":62,"column":0},"end":{"line":62,"column":165}},"62":{"start":{"line":63,"column":0},"end":{"line":63,"column":50}},"64":{"start":{"line":65,"column":0},"end":{"line":65,"column":57}},"65":{"start":{"line":66,"column":0},"end":{"line":66,"column":34}},"66":{"start":{"line":67,"column":0},"end":{"line":67,"column":16}},"68":{"start":{"line":69,"column":0},"end":{"line":69,"column":14}},"70":{"start":{"line":71,"column":0},"end":{"line":71,"column":55}},"72":{"start":{"line":73,"column":0},"end":{"line":73,"column":78}},"73":{"start":{"line":74,"column":0},"end":{"line":74,"column":18}},"74":{"start":{"line":75,"column":0},"end":{"line":75,"column":29}},"75":{"start":{"line":76,"column":0},"end":{"line":76,"column":38}},"76":{"start":{"line":77,"column":0},"end":{"line":77,"column":37}},"77":{"start":{"line":78,"column":0},"end":{"line":78,"column":49}},"78":{"start":{"line":79,"column":0},"end":{"line":79,"column":14}},"79":{"start":{"line":80,"column":0},"end":{"line":80,"column":33}},"80":{"start":{"line":81,"column":0},"end":{"line":81,"column":71}},"81":{"start":{"line":82,"column":0},"end":{"line":82,"column":83}},"82":{"start":{"line":83,"column":0},"end":{"line":83,"column":117}},"83":{"start":{"line":84,"column":0},"end":{"line":84,"column":49}},"84":{"start":{"line":85,"column":0},"end":{"line":85,"column":27}},"85":{"start":{"line":86,"column":0},"end":{"line":86,"column":58}},"86":{"start":{"line":87,"column":0},"end":{"line":87,"column":48}},"87":{"start":{"line":88,"column":0},"end":{"line":88,"column":21}},"88":{"start":{"line":89,"column":0},"end":{"line":89,"column":18}},"90":{"start":{"line":91,"column":0},"end":{"line":91,"column":17}},"91":{"start":{"line":92,"column":0},"end":{"line":92,"column":46}},"92":{"start":{"line":93,"column":0},"end":{"line":93,"column":104}},"94":{"start":{"line":95,"column":0},"end":{"line":95,"column":32}},"95":{"start":{"line":96,"column":0},"end":{"line":96,"column":19}},"96":{"start":{"line":97,"column":0},"end":{"line":97,"column":14}},"97":{"start":{"line":98,"column":0},"end":{"line":98,"column":12}},"100":{"start":{"line":101,"column":0},"end":{"line":101,"column":46}},"101":{"start":{"line":102,"column":0},"end":{"line":102,"column":42}},"102":{"start":{"line":103,"column":0},"end":{"line":103,"column":67}},"103":{"start":{"line":104,"column":0},"end":{"line":104,"column":18}},"104":{"start":{"line":105,"column":0},"end":{"line":105,"column":16}},"105":{"start":{"line":106,"column":0},"end":{"line":106,"column":23}},"106":{"start":{"line":107,"column":0},"end":{"line":107,"column":30}},"107":{"start":{"line":108,"column":0},"end":{"line":108,"column":108}},"108":{"start":{"line":109,"column":0},"end":{"line":109,"column":26}},"109":{"start":{"line":110,"column":0},"end":{"line":110,"column":43}},"110":{"start":{"line":111,"column":0},"end":{"line":111,"column":67}},"111":{"start":{"line":112,"column":0},"end":{"line":112,"column":16}},"113":{"start":{"line":114,"column":0},"end":{"line":114,"column":21}},"114":{"start":{"line":115,"column":0},"end":{"line":115,"column":18}},"116":{"start":{"line":117,"column":0},"end":{"line":117,"column":11}},"117":{"start":{"line":118,"column":0},"end":{"line":118,"column":12}},"118":{"start":{"line":119,"column":0},"end":{"line":119,"column":10}},"120":{"start":{"line":121,"column":0},"end":{"line":121,"column":2}},"122":{"start":{"line":123,"column":0},"end":{"line":123,"column":25}}},"s":{"1":1,"2":1,"3":1,"11":1,"12":25,"13":25,"14":25,"15":25,"16":25,"17":25,"18":25,"19":25,"20":25,"22":25,"24":25,"25":25,"26":25,"27":25,"28":22,"29":3,"30":25,"32":25,"33":25,"34":25,"35":22,"36":3,"37":25,"39":25,"40":25,"41":25,"42":25,"43":25,"44":25,"45":25,"46":25,"47":25,"48":25,"49":25,"50":25,"51":25,"52":25,"53":25,"54":25,"55":25,"56":25,"57":24,"58":24,"59":24,"60":24,"61":24,"62":24,"64":24,"65":24,"66":24,"68":25,"70":25,"72":25,"73":25,"74":25,"75":25,"76":25,"77":25,"78":25,"79":25,"80":25,"81":25,"82":25,"83":25,"84":25,"85":22,"86":3,"87":25,"88":25,"90":25,"91":25,"92":25,"94":25,"95":25,"96":25,"97":25,"100":25,"101":25,"102":175,"103":175,"104":175,"105":175,"106":175,"107":175,"108":175,"109":55,"110":120,"111":175,"113":175,"114":175,"116":25,"117":25,"118":25,"120":25,"122":1},"branchMap":{"0":{"type":"branch","line":12,"loc":{"start":{"line":12,"column":44},"end":{"line":121,"column":2}},"locations":[{"start":{"line":12,"column":44},"end":{"line":121,"column":2}}]},"1":{"type":"branch","line":28,"loc":{"start":{"line":28,"column":12},"end":{"line":29,"column":57}},"locations":[{"start":{"line":28,"column":12},"end":{"line":29,"column":57}}]},"2":{"type":"branch","line":29,"loc":{"start":{"line":29,"column":10},"end":{"line":30,"column":22}},"locations":[{"start":{"line":29,"column":10},"end":{"line":30,"column":22}}]},"3":{"type":"branch","line":35,"loc":{"start":{"line":35,"column":14},"end":{"line":36,"column":36}},"locations":[{"start":{"line":35,"column":14},"end":{"line":36,"column":36}}]},"4":{"type":"branch","line":36,"loc":{"start":{"line":36,"column":12},"end":{"line":37,"column":23}},"locations":[{"start":{"line":36,"column":12},"end":{"line":37,"column":23}}]},"5":{"type":"branch","line":45,"loc":{"start":{"line":45,"column":20},"end":{"line":45,"column":44}},"locations":[{"start":{"line":45,"column":20},"end":{"line":45,"column":44}}]},"6":{"type":"branch","line":45,"loc":{"start":{"line":45,"column":30},"end":{"line":45,"column":59}},"locations":[{"start":{"line":45,"column":30},"end":{"line":45,"column":59}}]},"7":{"type":"branch","line":51,"loc":{"start":{"line":51,"column":20},"end":{"line":51,"column":47}},"locations":[{"start":{"line":51,"column":20},"end":{"line":51,"column":47}}]},"8":{"type":"branch","line":51,"loc":{"start":{"line":51,"column":30},"end":{"line":51,"column":62}},"locations":[{"start":{"line":51,"column":30},"end":{"line":51,"column":62}}]},"9":{"type":"branch","line":56,"loc":{"start":{"line":56,"column":68},"end":{"line":56,"column":85}},"locations":[{"start":{"line":56,"column":68},"end":{"line":56,"column":85}}]},"10":{"type":"branch","line":57,"loc":{"start":{"line":57,"column":17},"end":{"line":67,"column":16}},"locations":[{"start":{"line":57,"column":17},"end":{"line":67,"column":16}}]},"11":{"type":"branch","line":85,"loc":{"start":{"line":85,"column":20},"end":{"line":86,"column":58}},"locations":[{"start":{"line":85,"column":20},"end":{"line":86,"column":58}}]},"12":{"type":"branch","line":86,"loc":{"start":{"line":86,"column":18},"end":{"line":87,"column":48}},"locations":[{"start":{"line":86,"column":18},"end":{"line":87,"column":48}}]},"13":{"type":"branch","line":13,"loc":{"start":{"line":13,"column":21},"end":{"line":21,"column":4}},"locations":[{"start":{"line":13,"column":21},"end":{"line":21,"column":4}}]},"14":{"type":"branch","line":15,"loc":{"start":{"line":15,"column":22},"end":{"line":15,"column":34}},"locations":[{"start":{"line":15,"column":22},"end":{"line":15,"column":34}}]},"15":{"type":"branch","line":15,"loc":{"start":{"line":15,"column":27},"end":{"line":15,"column":39}},"locations":[{"start":{"line":15,"column":27},"end":{"line":15,"column":39}}]},"16":{"type":"branch","line":16,"loc":{"start":{"line":16,"column":22},"end":{"line":16,"column":31}},"locations":[{"start":{"line":16,"column":22},"end":{"line":16,"column":31}}]},"17":{"type":"branch","line":78,"loc":{"start":{"line":78,"column":24},"end":{"line":78,"column":49}},"locations":[{"start":{"line":78,"column":24},"end":{"line":78,"column":49}}]},"18":{"type":"branch","line":92,"loc":{"start":{"line":92,"column":21},"end":{"line":92,"column":46}},"locations":[{"start":{"line":92,"column":21},"end":{"line":92,"column":46}}]},"19":{"type":"branch","line":102,"loc":{"start":{"line":102,"column":25},"end":{"line":117,"column":9}},"locations":[{"start":{"line":102,"column":25},"end":{"line":117,"column":9}}]},"20":{"type":"branch","line":109,"loc":{"start":{"line":109,"column":16},"end":{"line":110,"column":43}},"locations":[{"start":{"line":109,"column":16},"end":{"line":110,"column":43}}]},"21":{"type":"branch","line":110,"loc":{"start":{"line":110,"column":20},"end":{"line":111,"column":67}},"locations":[{"start":{"line":110,"column":20},"end":{"line":111,"column":67}}]}},"b":{"0":[25],"1":[22],"2":[3],"3":[22],"4":[3],"5":[22],"6":[3],"7":[22],"8":[3],"9":[1],"10":[24],"11":[22],"12":[3],"13":[25],"14":[8],"15":[17],"16":[2],"17":[2],"18":[2],"19":[175],"20":[55],"21":[120]},"fnMap":{"0":{"name":"AlarmCard","decl":{"start":{"line":12,"column":44},"end":{"line":121,"column":2}},"loc":{"start":{"line":12,"column":44},"end":{"line":121,"column":2}},"line":12},"1":{"name":"formatTime","decl":{"start":{"line":13,"column":21},"end":{"line":21,"column":4}},"loc":{"start":{"line":13,"column":21},"end":{"line":21,"column":4}},"line":13},"2":{"name":"onClick","decl":{"start":{"line":63,"column":23},"end":{"line":63,"column":50}},"loc":{"start":{"line":63,"column":23},"end":{"line":63,"column":50}},"line":63},"3":{"name":"onChange","decl":{"start":{"line":78,"column":24},"end":{"line":78,"column":49}},"loc":{"start":{"line":78,"column":24},"end":{"line":78,"column":49}},"line":78},"4":{"name":"onClick","decl":{"start":{"line":92,"column":21},"end":{"line":92,"column":46}},"loc":{"start":{"line":92,"column":21},"end":{"line":92,"column":46}},"line":92}},"f":{"0":25,"1":25,"2":0,"3":2,"4":2}}
,"C:\\Users\\siddh\\OneDrive\\Desktop\\Projects\\waketube\\src\\components\\AlarmTrigger.tsx": {"path":"C:\\Users\\siddh\\OneDrive\\Desktop\\Projects\\waketube\\src\\components\\AlarmTrigger.tsx","all":false,"statementMap":{"0":{"start":{"line":1,"column":0},"end":{"line":1,"column":68}},"2":{"start":{"line":3,"column":0},"end":{"line":3,"column":82}},"10":{"start":{"line":11,"column":0},"end":{"line":11,"column":59}},"11":{"start":{"line":12,"column":0},"end":{"line":12,"column":80}},"12":{"start":{"line":13,"column":0},"end":{"line":13,"column":34}},"13":{"start":{"line":14,"column":0},"end":{"line":14,"column":61}},"14":{"start":{"line":15,"column":0},"end":{"line":15,"column":2}},"16":{"start":{"line":17,"column":0},"end":{"line":17,"column":77}},"17":{"start":{"line":18,"column":0},"end":{"line":18,"column":54}},"18":{"start":{"line":19,"column":0},"end":{"line":19,"column":44}},"19":{"start":{"line":20,"column":0},"end":{"line":20,"column":51}},"20":{"start":{"line":21,"column":0},"end":{"line":21,"column":52}},"23":{"start":{"line":24,"column":0},"end":{"line":24,"column":33}},"24":{"start":{"line":25,"column":0},"end":{"line":25,"column":55}},"25":{"start":{"line":26,"column":0},"end":{"line":26,"column":60}},"26":{"start":{"line":27,"column":0},"end":{"line":27,"column":23}},"29":{"start":{"line":30,"column":0},"end":{"line":30,"column":19}},"30":{"start":{"line":31,"column":0},"end":{"line":31,"column":62}},"31":{"start":{"line":32,"column":0},"end":{"line":32,"column":37}},"32":{"start":{"line":33,"column":0},"end":{"line":33,"column":9}},"35":{"start":{"line":36,"column":0},"end":{"line":36,"column":19}},"36":{"start":{"line":37,"column":0},"end":{"line":37,"column":25}},"38":{"start":{"line":39,"column":0},"end":{"line":39,"column":39}},"39":{"start":{"line":40,"column":0},"end":{"line":40,"column":22}},"40":{"start":{"line":41,"column":0},"end":{"line":41,"column":21}},"41":{"start":{"line":42,"column":0},"end":{"line":42,"column":7}},"42":{"start":{"line":43,"column":0},"end":{"line":43,"column":6}},"45":{"start":{"line":46,"column":0},"end":{"line":46,"column":58}},"46":{"start":{"line":47,"column":0},"end":{"line":47,"column":28}},"47":{"start":{"line":48,"column":0},"end":{"line":48,"column":13}},"48":{"start":{"line":49,"column":0},"end":{"line":49,"column":5}},"51":{"start":{"line":52,"column":0},"end":{"line":52,"column":49}},"52":{"start":{"line":53,"column":0},"end":{"line":53,"column":51}},"53":{"start":{"line":54,"column":0},"end":{"line":54,"column":70}},"54":{"start":{"line":55,"column":0},"end":{"line":55,"column":54}},"55":{"start":{"line":56,"column":0},"end":{"line":56,"column":66}},"56":{"start":{"line":57,"column":0},"end":{"line":57,"column":12}},"57":{"start":{"line":58,"column":0},"end":{"line":58,"column":37}},"58":{"start":{"line":59,"column":0},"end":{"line":59,"column":5}},"61":{"start":{"line":62,"column":0},"end":{"line":62,"column":53}},"62":{"start":{"line":63,"column":0},"end":{"line":63,"column":28}},"63":{"start":{"line":64,"column":0},"end":{"line":64,"column":6}},"65":{"start":{"line":66,"column":0},"end":{"line":66,"column":18}},"66":{"start":{"line":67,"column":0},"end":{"line":67,"column":24}},"67":{"start":{"line":68,"column":0},"end":{"line":68,"column":30}},"68":{"start":{"line":69,"column":0},"end":{"line":69,"column":36}},"69":{"start":{"line":70,"column":0},"end":{"line":70,"column":7}},"70":{"start":{"line":71,"column":0},"end":{"line":71,"column":6}},"71":{"start":{"line":72,"column":0},"end":{"line":72,"column":9}},"73":{"start":{"line":74,"column":0},"end":{"line":74,"column":28}},"74":{"start":{"line":75,"column":0},"end":{"line":75,"column":38}},"76":{"start":{"line":77,"column":0},"end":{"line":77,"column":77}},"77":{"start":{"line":78,"column":0},"end":{"line":78,"column":23}},"78":{"start":{"line":79,"column":0},"end":{"line":79,"column":19}},"79":{"start":{"line":80,"column":0},"end":{"line":80,"column":20}},"80":{"start":{"line":81,"column":0},"end":{"line":81,"column":16}},"81":{"start":{"line":82,"column":0},"end":{"line":82,"column":26}},"82":{"start":{"line":83,"column":0},"end":{"line":83,"column":20}},"83":{"start":{"line":84,"column":0},"end":{"line":84,"column":20}},"84":{"start":{"line":85,"column":0},"end":{"line":85,"column":15}},"85":{"start":{"line":86,"column":0},"end":{"line":86,"column":26}},"86":{"start":{"line":87,"column":0},"end":{"line":87,"column":23}},"87":{"start":{"line":88,"column":0},"end":{"line":88,"column":16}},"88":{"start":{"line":89,"column":0},"end":{"line":89,"column":39}},"89":{"start":{"line":90,"column":0},"end":{"line":90,"column":8}},"90":{"start":{"line":91,"column":0},"end":{"line":91,"column":15}},"91":{"start":{"line":92,"column":0},"end":{"line":92,"column":34}},"92":{"start":{"line":93,"column":0},"end":{"line":93,"column":47}},"93":{"start":{"line":94,"column":0},"end":{"line":94,"column":35}},"94":{"start":{"line":95,"column":0},"end":{"line":95,"column":10}},"95":{"start":{"line":96,"column":0},"end":{"line":96,"column":34}},"96":{"start":{"line":97,"column":0},"end":{"line":97,"column":61}},"97":{"start":{"line":98,"column":0},"end":{"line":98,"column":9}},"98":{"start":{"line":99,"column":0},"end":{"line":99,"column":7}},"99":{"start":{"line":100,"column":0},"end":{"line":100,"column":7}},"100":{"start":{"line":101,"column":0},"end":{"line":101,"column":4}},"103":{"start":{"line":104,"column":0},"end":{"line":104,"column":19}},"104":{"start":{"line":105,"column":0},"end":{"line":105,"column":59}},"105":{"start":{"line":106,"column":0},"end":{"line":106,"column":48}},"106":{"start":{"line":107,"column":0},"end":{"line":107,"column":5}},"107":{"start":{"line":108,"column":0},"end":{"line":108,"column":15}},"109":{"start":{"line":110,"column":0},"end":{"line":110,"column":31}},"110":{"start":{"line":111,"column":0},"end":{"line":111,"column":77}},"111":{"start":{"line":112,"column":0},"end":{"line":112,"column":74}},"112":{"start":{"line":113,"column":0},"end":{"line":113,"column":72}},"113":{"start":{"line":114,"column":0},"end":{"line":114,"column":4}},"115":{"start":{"line":116,"column":0},"end":{"line":116,"column":10}},"116":{"start":{"line":117,"column":0},"end":{"line":117,"column":107}},"119":{"start":{"line":120,"column":0},"end":{"line":120,"column":44}},"121":{"start":{"line":122,"column":0},"end":{"line":122,"column":64}},"122":{"start":{"line":123,"column":0},"end":{"line":123,"column":14}},"123":{"start":{"line":124,"column":0},"end":{"line":124,"column":30}},"124":{"start":{"line":125,"column":0},"end":{"line":125,"column":32}},"125":{"start":{"line":126,"column":0},"end":{"line":126,"column":20}},"126":{"start":{"line":127,"column":0},"end":{"line":127,"column":28}},"127":{"start":{"line":128,"column":0},"end":{"line":128,"column":29}},"128":{"start":{"line":129,"column":0},"end":{"line":129,"column":26}},"129":{"start":{"line":130,"column":0},"end":{"line":130,"column":27}},"130":{"start":{"line":131,"column":0},"end":{"line":131,"column":14}},"131":{"start":{"line":132,"column":0},"end":{"line":132,"column":12}},"132":{"start":{"line":133,"column":0},"end":{"line":133,"column":14}},"133":{"start":{"line":134,"column":0},"end":{"line":134,"column":12}},"136":{"start":{"line":137,"column":0},"end":{"line":137,"column":80}},"139":{"start":{"line":140,"column":0},"end":{"line":140,"column":139}},"142":{"start":{"line":143,"column":0},"end":{"line":143,"column":35}},"143":{"start":{"line":144,"column":0},"end":{"line":144,"column":116}},"145":{"start":{"line":146,"column":0},"end":{"line":146,"column":15}},"146":{"start":{"line":147,"column":0},"end":{"line":147,"column":109}},"147":{"start":{"line":148,"column":0},"end":{"line":148,"column":25}},"148":{"start":{"line":149,"column":0},"end":{"line":149,"column":14}},"149":{"start":{"line":150,"column":0},"end":{"line":150,"column":14}},"152":{"start":{"line":153,"column":0},"end":{"line":153,"column":143}},"153":{"start":{"line":154,"column":0},"end":{"line":154,"column":51}},"154":{"start":{"line":155,"column":0},"end":{"line":155,"column":49}},"155":{"start":{"line":156,"column":0},"end":{"line":156,"column":31}},"156":{"start":{"line":157,"column":0},"end":{"line":157,"column":18}},"157":{"start":{"line":158,"column":0},"end":{"line":158,"column":18}},"158":{"start":{"line":159,"column":0},"end":{"line":159,"column":26}},"159":{"start":{"line":160,"column":0},"end":{"line":160,"column":21}},"160":{"start":{"line":161,"column":0},"end":{"line":161,"column":21}},"161":{"start":{"line":162,"column":0},"end":{"line":162,"column":25}},"162":{"start":{"line":163,"column":0},"end":{"line":163,"column":28}},"163":{"start":{"line":164,"column":0},"end":{"line":164,"column":69}},"164":{"start":{"line":165,"column":0},"end":{"line":165,"column":142}},"165":{"start":{"line":166,"column":0},"end":{"line":166,"column":14}},"166":{"start":{"line":167,"column":0},"end":{"line":167,"column":77}},"167":{"start":{"line":168,"column":0},"end":{"line":168,"column":41}},"168":{"start":{"line":169,"column":0},"end":{"line":169,"column":19}},"169":{"start":{"line":170,"column":0},"end":{"line":170,"column":16}},"170":{"start":{"line":171,"column":0},"end":{"line":171,"column":14}},"173":{"start":{"line":174,"column":0},"end":{"line":174,"column":75}},"174":{"start":{"line":175,"column":0},"end":{"line":175,"column":25}},"175":{"start":{"line":176,"column":0},"end":{"line":176,"column":19}},"176":{"start":{"line":177,"column":0},"end":{"line":177,"column":33}},"177":{"start":{"line":178,"column":0},"end":{"line":178,"column":373}},"179":{"start":{"line":180,"column":0},"end":{"line":180,"column":97}},"180":{"start":{"line":181,"column":0},"end":{"line":181,"column":34}},"181":{"start":{"line":182,"column":0},"end":{"line":182,"column":21}},"183":{"start":{"line":184,"column":0},"end":{"line":184,"column":90}},"184":{"start":{"line":185,"column":0},"end":{"line":185,"column":60}},"185":{"start":{"line":186,"column":0},"end":{"line":186,"column":90}},"186":{"start":{"line":187,"column":0},"end":{"line":187,"column":18}},"188":{"start":{"line":189,"column":0},"end":{"line":189,"column":14}},"191":{"start":{"line":192,"column":0},"end":{"line":192,"column":154}},"192":{"start":{"line":193,"column":0},"end":{"line":193,"column":35}},"193":{"start":{"line":194,"column":0},"end":{"line":194,"column":76}},"194":{"start":{"line":195,"column":0},"end":{"line":195,"column":14}},"195":{"start":{"line":196,"column":0},"end":{"line":196,"column":12}},"196":{"start":{"line":197,"column":0},"end":{"line":197,"column":10}},"198":{"start":{"line":199,"column":0},"end":{"line":199,"column":2}},"200":{"start":{"line":201,"column":0},"end":{"line":201,"column":28}}},"s":{"0":1,"2":1,"10":1,"11":27,"12":27,"13":27,"14":27,"16":1,"17":35,"18":35,"19":35,"20":35,"23":35,"24":27,"25":27,"26":35,"29":35,"30":27,"31":27,"32":35,"35":35,"36":27,"38":27,"39":26,"40":26,"41":26,"42":26,"45":27,"46":25,"47":25,"48":25,"51":2,"52":2,"53":2,"54":27,"55":1,"56":1,"57":1,"58":1,"61":2,"62":1,"63":1,"65":2,"66":2,"67":2,"68":1,"69":1,"70":2,"71":35,"73":35,"74":26,"76":26,"77":26,"78":26,"79":26,"80":26,"81":26,"82":26,"83":26,"84":26,"85":26,"86":26,"87":26,"88":26,"89":26,"90":26,"91":26,"92":16,"93":16,"94":16,"95":26,"96":1,"97":1,"98":26,"99":26,"100":26,"103":35,"104":27,"105":25,"106":25,"107":35,"109":35,"110":35,"111":35,"112":35,"113":35,"115":35,"116":35,"119":35,"121":35,"122":35,"123":35,"124":35,"125":35,"126":35,"127":35,"128":35,"129":35,"130":35,"131":35,"132":35,"133":35,"136":35,"139":35,"142":35,"143":35,"145":35,"146":35,"147":35,"148":35,"149":35,"152":35,"153":35,"154":35,"155":35,"156":35,"157":35,"158":35,"159":35,"160":35,"161":35,"162":35,"163":35,"164":35,"165":35,"166":35,"167":35,"168":35,"169":35,"170":35,"173":35,"174":35,"175":8,"176":8,"177":8,"179":8,"180":8,"181":8,"183":27,"184":27,"185":27,"186":27,"188":35,"191":35,"192":35,"193":35,"194":35,"195":35,"196":35,"198":35,"200":1},"branchMap":{"0":{"type":"branch","line":11,"loc":{"start":{"line":11,"column":26},"end":{"line":15,"column":2}},"locations":[{"start":{"line":11,"column":26},"end":{"line":15,"column":2}}]},"1":{"type":"branch","line":14,"loc":{"start":{"line":14,"column":10},"end":{"line":14,"column":45}},"locations":[{"start":{"line":14,"column":10},"end":{"line":14,"column":45}}]},"2":{"type":"branch","line":14,"loc":{"start":{"line":14,"column":39},"end":{"line":14,"column":56}},"locations":[{"start":{"line":14,"column":39},"end":{"line":14,"column":56}}]},"3":{"type":"branch","line":14,"loc":{"start":{"line":14,"column":52},"end":{"line":14,"column":61}},"locations":[{"start":{"line":14,"column":52},"end":{"line":14,"column":61}}]},"4":{"type":"branch","line":17,"loc":{"start":{"line":17,"column":50},"end":{"line":199,"column":2}},"locations":[{"start":{"line":17,"column":50},"end":{"line":199,"column":2}}]},"5":{"type":"branch","line":175,"loc":{"start":{"line":175,"column":11},"end":{"line":182,"column":21}},"locations":[{"start":{"line":175,"column":11},"end":{"line":182,"column":21}}]},"6":{"type":"branch","line":182,"loc":{"start":{"line":182,"column":12},"end":{"line":187,"column":18}},"locations":[{"start":{"line":182,"column":12},"end":{"line":187,"column":18}}]},"7":{"type":"branch","line":24,"loc":{"start":{"line":24,"column":26},"end":{"line":27,"column":5}},"locations":[{"start":{"line":24,"column":26},"end":{"line":27,"column":5}}]},"8":{"type":"branch","line":25,"loc":{"start":{"line":25,"column":39},"end":{"line":25,"column":53}},"locations":[{"start":{"line":25,"column":39},"end":{"line":25,"column":53}}]},"9":{"type":"branch","line":26,"loc":{"start":{"line":26,"column":11},"end":{"line":26,"column":60}},"locations":[{"start":{"line":26,"column":11},"end":{"line":26,"column":60}}]},"10":{"type":"branch","line":30,"loc":{"start":{"line":30,"column":12},"end":{"line":33,"column":5}},"locations":[{"start":{"line":30,"column":12},"end":{"line":33,"column":5}}]},"11":{"type":"branch","line":31,"loc":{"start":{"line":31,"column":29},"end":{"line":31,"column":56}},"locations":[{"start":{"line":31,"column":29},"end":{"line":31,"column":56}}]},"12":{"type":"branch","line":32,"loc":{"start":{"line":32,"column":11},"end":{"line":32,"column":37}},"locations":[{"start":{"line":32,"column":11},"end":{"line":32,"column":37}}]},"13":{"type":"branch","line":36,"loc":{"start":{"line":36,"column":12},"end":{"line":72,"column":5}},"locations":[{"start":{"line":36,"column":12},"end":{"line":72,"column":5}}]},"14":{"type":"branch","line":46,"loc":{"start":{"line":46,"column":24},"end":{"line":46,"column":57}},"locations":[{"start":{"line":46,"column":24},"end":{"line":46,"column":57}}]},"15":{"type":"branch","line":46,"loc":{"start":{"line":46,"column":57},"end":{"line":49,"column":5}},"locations":[{"start":{"line":46,"column":57},"end":{"line":49,"column":5}}]},"16":{"type":"branch","line":49,"loc":{"start":{"line":49,"column":4},"end":{"line":55,"column":53}},"locations":[{"start":{"line":49,"column":4},"end":{"line":55,"column":53}}]},"17":{"type":"branch","line":49,"loc":{"start":{"line":49,"column":4},"end":{"line":55,"column":26}},"locations":[{"start":{"line":49,"column":4},"end":{"line":55,"column":26}}]},"18":{"type":"branch","line":55,"loc":{"start":{"line":55,"column":8},"end":{"line":55,"column":53}},"locations":[{"start":{"line":55,"column":8},"end":{"line":55,"column":53}}]},"19":{"type":"branch","line":55,"loc":{"start":{"line":55,"column":53},"end":{"line":71,"column":6}},"locations":[{"start":{"line":55,"column":53},"end":{"line":71,"column":6}}]},"20":{"type":"branch","line":55,"loc":{"start":{"line":55,"column":53},"end":{"line":59,"column":5}},"locations":[{"start":{"line":55,"column":53},"end":{"line":59,"column":5}}]},"21":{"type":"branch","line":59,"loc":{"start":{"line":59,"column":4},"end":{"line":71,"column":6}},"locations":[{"start":{"line":59,"column":4},"end":{"line":71,"column":6}}]},"22":{"type":"branch","line":39,"loc":{"start":{"line":39,"column":32},"end":{"line":43,"column":6}},"locations":[{"start":{"line":39,"column":32},"end":{"line":43,"column":6}}]},"23":{"type":"branch","line":62,"loc":{"start":{"line":62,"column":46},"end":{"line":64,"column":6}},"locations":[{"start":{"line":62,"column":46},"end":{"line":64,"column":6}}]},"24":{"type":"branch","line":66,"loc":{"start":{"line":66,"column":11},"end":{"line":71,"column":6}},"locations":[{"start":{"line":66,"column":11},"end":{"line":71,"column":6}}]},"25":{"type":"branch","line":68,"loc":{"start":{"line":68,"column":29},"end":{"line":70,"column":7}},"locations":[{"start":{"line":68,"column":29},"end":{"line":70,"column":7}}]},"26":{"type":"branch","line":74,"loc":{"start":{"line":74,"column":21},"end":{"line":101,"column":4}},"locations":[{"start":{"line":74,"column":21},"end":{"line":101,"column":4}}]},"27":{"type":"branch","line":75,"loc":{"start":{"line":75,"column":31},"end":{"line":75,"column":38}},"locations":[{"start":{"line":75,"column":31},"end":{"line":75,"column":38}}]},"28":{"type":"branch","line":92,"loc":{"start":{"line":92,"column":17},"end":{"line":95,"column":10}},"locations":[{"start":{"line":92,"column":17},"end":{"line":95,"column":10}}]},"29":{"type":"branch","line":96,"loc":{"start":{"line":96,"column":17},"end":{"line":98,"column":9}},"locations":[{"start":{"line":96,"column":17},"end":{"line":98,"column":9}}]},"30":{"type":"branch","line":104,"loc":{"start":{"line":104,"column":12},"end":{"line":108,"column":5}},"locations":[{"start":{"line":104,"column":12},"end":{"line":108,"column":5}}]},"31":{"type":"branch","line":105,"loc":{"start":{"line":105,"column":18},"end":{"line":105,"column":58}},"locations":[{"start":{"line":105,"column":18},"end":{"line":105,"column":58}}]},"32":{"type":"branch","line":105,"loc":{"start":{"line":105,"column":58},"end":{"line":107,"column":5}},"locations":[{"start":{"line":105,"column":58},"end":{"line":107,"column":5}}]},"33":{"type":"branch","line":110,"loc":{"start":{"line":110,"column":24},"end":{"line":114,"column":4}},"locations":[{"start":{"line":110,"column":24},"end":{"line":114,"column":4}}]},"34":{"type":"branch","line":111,"loc":{"start":{"line":111,"column":22},"end":{"line":111,"column":77}},"locations":[{"start":{"line":111,"column":22},"end":{"line":111,"column":77}}]},"35":{"type":"branch","line":112,"loc":{"start":{"line":112,"column":22},"end":{"line":112,"column":74}},"locations":[{"start":{"line":112,"column":22},"end":{"line":112,"column":74}}]}},"b":{"0":[27],"1":[25],"2":[19],"3":[8],"4":[35],"5":[8],"6":[27],"7":[27],"8":[1],"9":[8],"10":[27],"11":[8],"12":[27],"13":[27],"14":[25],"15":[25],"16":[21],"17":[2],"18":[1],"19":[21],"20":[1],"21":[2],"22":[26],"23":[1],"24":[2],"25":[1],"26":[26],"27":[0],"28":[16],"29":[1],"30":[27],"31":[25],"32":[25],"33":[35],"34":[0],"35":[0]},"fnMap":{"0":{"name":"getYouTubeVideoId","decl":{"start":{"line":11,"column":26},"end":{"line":15,"column":2}},"loc":{"start":{"line":11,"column":26},"end":{"line":15,"column":2}},"line":11},"1":{"name":"AlarmTrigger","decl":{"start":{"line":17,"column":50},"end":{"line":199,"column":2}},"loc":{"start":{"line":17,"column":50},"end":{"line":199,"column":2}},"line":17},"2":{"name":"initPlayerIfMounted","decl":{"start":{"line":39,"column":32},"end":{"line":43,"column":6}},"loc":{"start":{"line":39,"column":32},"end":{"line":43,"column":6}},"line":39},"3":{"name":"window.onYouTubeIframeAPIReady","decl":{"start":{"line":62,"column":46},"end":{"line":64,"column":6}},"loc":{"start":{"line":62,"column":46},"end":{"line":64,"column":6}},"line":62},"4":{"name":"initPlayer","decl":{"start":{"line":74,"column":21},"end":{"line":101,"column":4}},"loc":{"start":{"line":74,"column":21},"end":{"line":101,"column":4}},"line":74},"5":{"name":"onReady","decl":{"start":{"line":92,"column":17},"end":{"line":95,"column":10}},"loc":{"start":{"line":92,"column":17},"end":{"line":95,"column":10}},"line":92},"6":{"name":"onError","decl":{"start":{"line":96,"column":17},"end":{"line":98,"column":9}},"loc":{"start":{"line":96,"column":17},"end":{"line":98,"column":9}},"line":96},"7":{"name":"getVolumeIcon","decl":{"start":{"line":110,"column":24},"end":{"line":114,"column":4}},"loc":{"start":{"line":110,"column":24},"end":{"line":114,"column":4}},"line":110},"8":{"name":"onChange","decl":{"start":{"line":164,"column":24},"end":{"line":164,"column":69}},"loc":{"start":{"line":164,"column":24},"end":{"line":164,"column":69}},"line":164}},"f":{"0":27,"1":35,"2":26,"3":1,"4":26,"5":16,"6":1,"7":35,"8":0}}
,"C:\\Users\\siddh\\OneDrive\\Desktop\\Projects\\waketube\\src\\components\\WakeTubeIcon.tsx": {"path":"C:\\Users\\siddh\\OneDrive\\Desktop\\Projects\\waketube\\src\\components\\WakeTubeIcon.tsx","all":false,"statementMap":{"2":{"start":{"line":3,"column":0},"end":{"line":3,"column":82}},"3":{"start":{"line":4,"column":0},"end":{"line":4,"column":6}},"4":{"start":{"line":5,"column":0},"end":{"line":5,"column":23}},"5":{"start":{"line":6,"column":0},"end":{"line":6,"column":15}},"6":{"start":{"line":7,"column":0},"end":{"line":7,"column":38}},"7":{"start":{"line":8,"column":0},"end":{"line":8,"column":25}},"10":{"start":{"line":11,"column":0},"end":{"line":11,"column":74}},"13":{"start":{"line":14,"column":0},"end":{"line":14,"column":9}},"14":{"start":{"line":15,"column":0},"end":{"line":15,"column":32}},"15":{"start":{"line":16,"column":0},"end":{"line":16,"column":18}},"16":{"start":{"line":17,"column":0},"end":{"line":17,"column":20}},"17":{"start":{"line":18,"column":0},"end":{"line":18,"column":23}},"18":{"start":{"line":19,"column":0},"end":{"line":19,"column":28}},"19":{"start":{"line":20,"column":0},"end":{"line":20,"column":6}},"22":{"start":{"line":23,"column":0},"end":{"line":23,"column":111}},"23":{"start":{"line":24,"column":0},"end":{"line":24,"column":114}},"24":{"start":{"line":25,"column":0},"end":{"line":25,"column":97}},"26":{"start":{"line":27,"column":0},"end":{"line":27,"column":10}},"27":{"start":{"line":28,"column":0},"end":{"line":28,"column":106}},"28":{"start":{"line":29,"column":0},"end":{"line":29,"column":56}},"29":{"start":{"line":30,"column":0},"end":{"line":30,"column":68}},"30":{"start":{"line":31,"column":0},"end":{"line":31,"column":23}},"31":{"start":{"line":32,"column":0},"end":{"line":32,"column":11}},"32":{"start":{"line":33,"column":0},"end":{"line":33,"column":8}},"35":{"start":{"line":36,"column":0},"end":{"line":36,"column":28}}},"s":{"2":1,"3":46,"4":46,"5":46,"6":46,"7":46,"10":46,"13":46,"14":46,"15":46,"16":46,"17":46,"18":46,"19":46,"22":46,"23":46,"24":46,"26":46,"27":46,"28":46,"29":46,"30":46,"31":46,"32":46,"35":1},"branchMap":{"0":{"type":"branch","line":3,"loc":{"start":{"line":3,"column":62},"end":{"line":33,"column":8}},"locations":[{"start":{"line":3,"column":62},"end":{"line":33,"column":8}}]}},"b":{"0":[46]},"fnMap":{"0":{"name":"WakeTubeIcon","decl":{"start":{"line":3,"column":62},"end":{"line":33,"column":8}},"loc":{"start":{"line":3,"column":62},"end":{"line":33,"column":8}},"line":3}},"f":{"0":46}}
}
